 list:     1   3.85000   0.29200   0.00000   0.16000   0.50000    0    1
 tmn, tmx:    0.16000   0.50000  for kset=    1
   6395.66016       3.84999990      0.291999996    
 xsect: Eb= 6.39566   at Q2= 3.8500  eps=0.2920  pol=pi
 xsect: r_fn=averages/Q3p85_W2p62_t0p21_aver_pi_385_292.dat                                  
 xsect: kin_fn=averages/Q3p85_W2p62_t0p21_avek_385.dat                                         
 xsect: xunsep_fn =xsects/Q3p85_W2p62_t0p21_x_unsep_pi_385_292.dat
xsect:     2.6737    0.0004    3.6168    0.0016    5.6839    1.0000
 xmodel: p_fn=fit_params/iter01/par.pl_385                                                    
 xmodel:      3.9000     1.0000   1
 xmodel:      5.8000     1.0000   2
 xmodel:      0.0000     0.0000   3
 xmodel:      0.0000     0.0000   4
 xmodel:    214.0000    10.0000   5
 xmodel:      8.6000     1.0000   6
 xmodel:      0.7000     0.1000   7
 xmodel:      1.7700     0.5000   8
 xmodel:      0.0500     0.0500   9
 xmodel:      3.9800     1.0000  10
 xmodel:     -0.8000     0.5000  11
 xmodel:      0.7000     0.1000  12
 xmodel:     22.5000     5.0000  13
 xmodel:     14.9000     1.0000  14
 xmodel:      0.0000     0.0000  15
 xmodel:      0.0000     0.0000  16
xmodel: eps=0.287 t=0.198 sigL=  54.78 sigT=  1.52 sigTT= 0.05 sigLT= 5.12 x_mod=0.8729E-07
xsect:     2.6360    0.0005    3.7711    0.0020    9.0061    2.0000
 xmodel: p_fn=fit_params/iter01/par.pl_385                                                    
 xmodel:      3.9000     1.0000   1
 xmodel:      5.8000     1.0000   2
 xmodel:      0.0000     0.0000   3
 xmodel:      0.0000     0.0000   4
 xmodel:    214.0000    10.0000   5
 xmodel:      8.6000     1.0000   6
 xmodel:      0.7000     0.1000   7
 xmodel:      1.7700     0.5000   8
 xmodel:      0.0500     0.0500   9
 xmodel:      3.9800     1.0000  10
 xmodel:     -0.8000     0.5000  11
 xmodel:      0.7000     0.1000  12
 xmodel:     22.5000     5.0000  13
 xmodel:     14.9000     1.0000  14
 xmodel:      0.0000     0.0000  15
 xmodel:      0.0000     0.0000  16
xmodel: eps=0.291 t=0.253 sigL=  79.91 sigT=  1.44 sigTT= 0.09 sigLT= 7.91 x_mod=0.1360E-06
xsect:     2.6202    0.0006    3.8347    0.0023   10.9512    3.0000
 xmodel: p_fn=fit_params/iter01/par.pl_385                                                    
 xmodel:      3.9000     1.0000   1
 xmodel:      5.8000     1.0000   2
 xmodel:      0.0000     0.0000   3
 xmodel:      0.0000     0.0000   4
 xmodel:    214.0000    10.0000   5
 xmodel:      8.6000     1.0000   6
 xmodel:      0.7000     0.1000   7
 xmodel:      1.7700     0.5000   8
 xmodel:      0.0500     0.0500   9
 xmodel:      3.9800     1.0000  10
 xmodel:     -0.8000     0.5000  11
 xmodel:      0.7000     0.1000  12
 xmodel:     22.5000     5.0000  13
 xmodel:     14.9000     1.0000  14
 xmodel:      0.0000     0.0000  15
 xmodel:      0.0000     0.0000  16
xmodel: eps=0.293 t=0.289 sigL= 103.35 sigT=  1.41 sigTT= 0.11 sigLT= 9.46 x_mod=0.1768E-06
xsect:     2.6094    0.0006    3.8778    0.0025   13.1041    4.0000
 xmodel: p_fn=fit_params/iter01/par.pl_385                                                    
 xmodel:      3.9000     1.0000   1
 xmodel:      5.8000     1.0000   2
 xmodel:      0.0000     0.0000   3
 xmodel:      0.0000     0.0000   4
 xmodel:    214.0000    10.0000   5
 xmodel:      8.6000     1.0000   6
 xmodel:      0.7000     0.1000   7
 xmodel:      1.7700     0.5000   8
 xmodel:      0.0500     0.0500   9
 xmodel:      3.9800     1.0000  10
 xmodel:     -0.8000     0.5000  11
 xmodel:      0.7000     0.1000  12
 xmodel:     22.5000     5.0000  13
 xmodel:     14.9000     1.0000  14
 xmodel:      0.0000     0.0000  15
 xmodel:      0.0000     0.0000  16
xmodel: eps=0.295 t=0.331 sigL= 140.71 sigT=  1.39 sigTT= 0.14 sigLT=11.10 x_mod=0.2371E-06
xsect:     2.6003    0.0006    3.9189    0.0024   17.4241    5.0000
 xmodel: p_fn=fit_params/iter01/par.pl_385                                                    
 xmodel:      3.9000     1.0000   1
 xmodel:      5.8000     1.0000   2
 xmodel:      0.0000     0.0000   3
 xmodel:      0.0000     0.0000   4
 xmodel:    214.0000    10.0000   5
 xmodel:      8.6000     1.0000   6
 xmodel:      0.7000     0.1000   7
 xmodel:      1.7700     0.5000   8
 xmodel:      0.0500     0.0500   9
 xmodel:      3.9800     1.0000  10
 xmodel:     -0.8000     0.5000  11
 xmodel:      0.7000     0.1000  12
 xmodel:     22.5000     5.0000  13
 xmodel:     14.9000     1.0000  14
 xmodel:      0.0000     0.0000  15
 xmodel:      0.0000     0.0000  16
xmodel: eps=0.295 t=0.427 sigL= 289.49 sigT=  1.37 sigTT= 0.19 sigLT=14.13 x_mod=0.4551E-06
  
 list:     1   3.85000   0.29200   0.00000   0.16000   0.50000    0    1
 list:     1   3.85000   0.77900   0.00000   0.16000   0.50000    0    2
 tmn, tmx:    0.16000   0.50000  for kset=    2
   6395.66016       3.84999990      0.291999996    
   10557.3018       3.84999990      0.778999984    
 xsect: Eb=10.55730   at Q2= 3.8500  eps=0.7790  pol=pi
 xsect: r_fn=averages/Q3p85_W2p62_t0p21_aver_pi_385_779.dat                                  
 xsect: kin_fn=averages/Q3p85_W2p62_t0p21_avek_385.dat                                         
 xsect: xunsep_fn =xsects/Q3p85_W2p62_t0p21_x_unsep_pi_385_779.dat
xsect:     2.6737    0.0004    3.6168    0.0016    5.6839    1.0000
 xmodel: p_fn=fit_params/iter01/par.pl_385                                                    
 xmodel:      3.9000     1.0000   1
 xmodel:      5.8000     1.0000   2
 xmodel:      0.0000     0.0000   3
 xmodel:      0.0000     0.0000   4
 xmodel:    214.0000    10.0000   5
 xmodel:      8.6000     1.0000   6
 xmodel:      0.7000     0.1000   7
 xmodel:      1.7700     0.5000   8
 xmodel:      0.0500     0.0500   9
 xmodel:      3.9800     1.0000  10
 xmodel:     -0.8000     0.5000  11
 xmodel:      0.7000     0.1000  12
 xmodel:     22.5000     5.0000  13
 xmodel:     14.9000     1.0000  14
 xmodel:      0.0000     0.0000  15
 xmodel:      0.0000     0.0000  16
xmodel: eps=0.778 t=0.198 sigL=  54.78 sigT=  1.52 sigTT= 0.05 sigLT= 5.12 x_mod=0.2126E-06
xsect:     2.6360    0.0005    3.7711    0.0020    9.0061    2.0000
 xmodel: p_fn=fit_params/iter01/par.pl_385                                                    
 xmodel:      3.9000     1.0000   1
 xmodel:      5.8000     1.0000   2
 xmodel:      0.0000     0.0000   3
 xmodel:      0.0000     0.0000   4
 xmodel:    214.0000    10.0000   5
 xmodel:      8.6000     1.0000   6
 xmodel:      0.7000     0.1000   7
 xmodel:      1.7700     0.5000   8
 xmodel:      0.0500     0.0500   9
 xmodel:      3.9800     1.0000  10
 xmodel:     -0.8000     0.5000  11
 xmodel:      0.7000     0.1000  12
 xmodel:     22.5000     5.0000  13
 xmodel:     14.9000     1.0000  14
 xmodel:      0.0000     0.0000  15
 xmodel:      0.0000     0.0000  16
xmodel: eps=0.779 t=0.253 sigL=  79.91 sigT=  1.44 sigTT= 0.09 sigLT= 7.91 x_mod=0.3313E-06
xsect:     2.6202    0.0006    3.8347    0.0023   10.9512    3.0000
 xmodel: p_fn=fit_params/iter01/par.pl_385                                                    
 xmodel:      3.9000     1.0000   1
 xmodel:      5.8000     1.0000   2
 xmodel:      0.0000     0.0000   3
 xmodel:      0.0000     0.0000   4
 xmodel:    214.0000    10.0000   5
 xmodel:      8.6000     1.0000   6
 xmodel:      0.7000     0.1000   7
 xmodel:      1.7700     0.5000   8
 xmodel:      0.0500     0.0500   9
 xmodel:      3.9800     1.0000  10
 xmodel:     -0.8000     0.5000  11
 xmodel:      0.7000     0.1000  12
 xmodel:     22.5000     5.0000  13
 xmodel:     14.9000     1.0000  14
 xmodel:      0.0000     0.0000  15
 xmodel:      0.0000     0.0000  16
xmodel: eps=0.780 t=0.289 sigL= 103.35 sigT=  1.41 sigTT= 0.11 sigLT= 9.46 x_mod=0.4331E-06
xsect:     2.6094    0.0006    3.8778    0.0025   13.1041    4.0000
 xmodel: p_fn=fit_params/iter01/par.pl_385                                                    
 xmodel:      3.9000     1.0000   1
 xmodel:      5.8000     1.0000   2
 xmodel:      0.0000     0.0000   3
 xmodel:      0.0000     0.0000   4
 xmodel:    214.0000    10.0000   5
 xmodel:      8.6000     1.0000   6
 xmodel:      0.7000     0.1000   7
 xmodel:      1.7700     0.5000   8
 xmodel:      0.0500     0.0500   9
 xmodel:      3.9800     1.0000  10
 xmodel:     -0.8000     0.5000  11
 xmodel:      0.7000     0.1000  12
 xmodel:     22.5000     5.0000  13
 xmodel:     14.9000     1.0000  14
 xmodel:      0.0000     0.0000  15
 xmodel:      0.0000     0.0000  16
xmodel: eps=0.780 t=0.331 sigL= 140.71 sigT=  1.39 sigTT= 0.14 sigLT=11.10 x_mod=0.5857E-06
xsect:     2.6003    0.0006    3.9189    0.0024   17.4241    5.0000
 xmodel: p_fn=fit_params/iter01/par.pl_385                                                    
 xmodel:      3.9000     1.0000   1
 xmodel:      5.8000     1.0000   2
 xmodel:      0.0000     0.0000   3
 xmodel:      0.0000     0.0000   4
 xmodel:    214.0000    10.0000   5
 xmodel:      8.6000     1.0000   6
 xmodel:      0.7000     0.1000   7
 xmodel:      1.7700     0.5000   8
 xmodel:      0.0500     0.0500   9
 xmodel:      3.9800     1.0000  10
 xmodel:     -0.8000     0.5000  11
 xmodel:      0.7000     0.1000  12
 xmodel:     22.5000     5.0000  13
 xmodel:     14.9000     1.0000  14
 xmodel:      0.0000     0.0000  15
 xmodel:      0.0000     0.0000  16
xmodel: eps=0.780 t=0.427 sigL= 289.49 sigT=  1.37 sigTT= 0.19 sigLT=14.13 x_mod=0.1152E-05
  
