 list:     1   3.85000   0.29200   0.00000   0.16000   0.50000    0    1
 tmn, tmx:    0.16000   0.50000  for kset=    1
   6395.66016       3.84999990      0.291999996    
 xsect: Eb= 6.39566   at Q2= 3.8500  eps=0.2920  pol=pi
 xsect: r_fn=averages/Q3p85_W2p62_t0p21_aver_pi_385_292.dat                                  
 xsect: kin_fn=averages/Q3p85_W2p62_t0p21_avek_385.dat                                         
 xsect: xunsep_fn =xsects/Q3p85_W2p62_t0p21_x_unsep_pi_385_292.dat
xsect:     2.6741    0.0004    3.6160    0.0016    5.7017    1.0000
 xmodel: p_fn=fit_params/iter03/par.pl_385                                                    
 xmodel:      1.3987     0.8309   1
 xmodel:      0.1801     0.0500   2
 xmodel:     -1.3049     0.5044   3
 xmodel:   -694.1271   179.8000   4
 xmodel:   2827.9961   780.9000   5
 xmodel:     -0.3053     2.0970   6
 xmodel:      1.7700     0.0000   7
 xmodel:      0.0500     0.0000   8
 xmodel:   -407.8053    57.2000   9
 xmodel:      8.2160     1.6730  10
 xmodel:     -0.8000     0.0000  11
 xmodel:    101.2001    12.7600  12
 xmodel:    171.4144   115.1000  13
 xmodel:    -30.5956    12.2800  14
 xmodel:    -13.0000     0.0000  15
 xmodel:      0.7338     9.2560  16
xmodel: eps=0.287 t=0.198 sigL=  19.32 sigT= 13.17 sigTT=-0.99 sigLT=-2.57 x_mod=0.6594E-07
xsect:     2.6350    0.0005    3.7749    0.0019    9.0416    2.0000
 xmodel: p_fn=fit_params/iter03/par.pl_385                                                    
 xmodel:      1.3987     0.8309   1
 xmodel:      0.1801     0.0500   2
 xmodel:     -1.3049     0.5044   3
 xmodel:   -694.1271   179.8000   4
 xmodel:   2827.9961   780.9000   5
 xmodel:     -0.3053     2.0970   6
 xmodel:      1.7700     0.0000   7
 xmodel:      0.0500     0.0000   8
 xmodel:   -407.8053    57.2000   9
 xmodel:      8.2160     1.6730  10
 xmodel:     -0.8000     0.0000  11
 xmodel:    101.2001    12.7600  12
 xmodel:    171.4144   115.1000  13
 xmodel:    -30.5956    12.2800  14
 xmodel:    -13.0000     0.0000  15
 xmodel:      0.7338     9.2560  16
xmodel: eps=0.292 t=0.254 sigL=   9.26 sigT= 11.75 sigTT=-1.81 sigLT=-1.33 x_mod=0.5562E-07
xsect:     2.6180    0.0006    3.8439    0.0024   10.9290    3.0000
 xmodel: p_fn=fit_params/iter03/par.pl_385                                                    
 xmodel:      1.3987     0.8309   1
 xmodel:      0.1801     0.0500   2
 xmodel:     -1.3049     0.5044   3
 xmodel:   -694.1271   179.8000   4
 xmodel:   2827.9961   780.9000   5
 xmodel:     -0.3053     2.0970   6
 xmodel:      1.7700     0.0000   7
 xmodel:      0.0500     0.0000   8
 xmodel:   -407.8053    57.2000   9
 xmodel:      8.2160     1.6730  10
 xmodel:     -0.8000     0.0000  11
 xmodel:    101.2001    12.7600  12
 xmodel:    171.4144   115.1000  13
 xmodel:    -30.5956    12.2800  14
 xmodel:    -13.0000     0.0000  15
 xmodel:      0.7338     9.2560  16
xmodel: eps=0.293 t=0.290 sigL=   6.07 sigT= 10.79 sigTT=-2.16 sigLT=-0.28 x_mod=0.5241E-07
xsect:     2.6073    0.0006    3.8862    0.0025   13.0335    4.0000
 xmodel: p_fn=fit_params/iter03/par.pl_385                                                    
 xmodel:      1.3987     0.8309   1
 xmodel:      0.1801     0.0500   2
 xmodel:     -1.3049     0.5044   3
 xmodel:   -694.1271   179.8000   4
 xmodel:   2827.9961   780.9000   5
 xmodel:     -0.3053     2.0970   6
 xmodel:      1.7700     0.0000   7
 xmodel:      0.0500     0.0000   8
 xmodel:   -407.8053    57.2000   9
 xmodel:      8.2160     1.6730  10
 xmodel:     -0.8000     0.0000  11
 xmodel:    101.2001    12.7600  12
 xmodel:    171.4144   115.1000  13
 xmodel:    -30.5956    12.2800  14
 xmodel:    -13.0000     0.0000  15
 xmodel:      0.7338     9.2560  16
xmodel: eps=0.295 t=0.331 sigL=   4.26 sigT=  9.55 sigTT=-2.44 sigLT= 0.51 x_mod=0.4813E-07
xsect:     2.5977    0.0006    3.9287    0.0023   17.3617    5.0000
 xmodel: p_fn=fit_params/iter03/par.pl_385                                                    
 xmodel:      1.3987     0.8309   1
 xmodel:      0.1801     0.0500   2
 xmodel:     -1.3049     0.5044   3
 xmodel:   -694.1271   179.8000   4
 xmodel:   2827.9961   780.9000   5
 xmodel:     -0.3053     2.0970   6
 xmodel:      1.7700     0.0000   7
 xmodel:      0.0500     0.0000   8
 xmodel:   -407.8053    57.2000   9
 xmodel:      8.2160     1.6730  10
 xmodel:     -0.8000     0.0000  11
 xmodel:    101.2001    12.7600  12
 xmodel:    171.4144   115.1000  13
 xmodel:    -30.5956    12.2800  14
 xmodel:    -13.0000     0.0000  15
 xmodel:      0.7338     9.2560  16
xmodel: eps=0.295 t=0.427 sigL=   2.49 sigT=  7.03 sigTT=-2.49 sigLT= 0.20 x_mod=0.3362E-07
  
 list:     1   3.85000   0.29200   0.00000   0.16000   0.50000    0    1
 list:     1   3.85000   0.77900   0.00000   0.16000   0.50000    0    2
 tmn, tmx:    0.16000   0.50000  for kset=    2
   6395.66016       3.84999990      0.291999996    
   10557.3018       3.84999990      0.778999984    
 xsect: Eb=10.55730   at Q2= 3.8500  eps=0.7790  pol=pi
 xsect: r_fn=averages/Q3p85_W2p62_t0p21_aver_pi_385_779.dat                                  
 xsect: kin_fn=averages/Q3p85_W2p62_t0p21_avek_385.dat                                         
 xsect: xunsep_fn =xsects/Q3p85_W2p62_t0p21_x_unsep_pi_385_779.dat
xsect:     2.6741    0.0004    3.6160    0.0016    5.7017    1.0000
 xmodel: p_fn=fit_params/iter03/par.pl_385                                                    
 xmodel:      1.3987     0.8309   1
 xmodel:      0.1801     0.0500   2
 xmodel:     -1.3049     0.5044   3
 xmodel:   -694.1271   179.8000   4
 xmodel:   2827.9961   780.9000   5
 xmodel:     -0.3053     2.0970   6
 xmodel:      1.7700     0.0000   7
 xmodel:      0.0500     0.0000   8
 xmodel:   -407.8053    57.2000   9
 xmodel:      8.2160     1.6730  10
 xmodel:     -0.8000     0.0000  11
 xmodel:    101.2001    12.7600  12
 xmodel:    171.4144   115.1000  13
 xmodel:    -30.5956    12.2800  14
 xmodel:    -13.0000     0.0000  15
 xmodel:      0.7338     9.2560  16
xmodel: eps=0.778 t=0.198 sigL=  19.32 sigT= 13.17 sigTT=-0.99 sigLT=-2.57 x_mod=0.9438E-07
xsect:     2.6350    0.0005    3.7749    0.0019    9.0416    2.0000
 xmodel: p_fn=fit_params/iter03/par.pl_385                                                    
 xmodel:      1.3987     0.8309   1
 xmodel:      0.1801     0.0500   2
 xmodel:     -1.3049     0.5044   3
 xmodel:   -694.1271   179.8000   4
 xmodel:   2827.9961   780.9000   5
 xmodel:     -0.3053     2.0970   6
 xmodel:      1.7700     0.0000   7
 xmodel:      0.0500     0.0000   8
 xmodel:   -407.8053    57.2000   9
 xmodel:      8.2160     1.6730  10
 xmodel:     -0.8000     0.0000  11
 xmodel:    101.2001    12.7600  12
 xmodel:    171.4144   115.1000  13
 xmodel:    -30.5956    12.2800  14
 xmodel:    -13.0000     0.0000  15
 xmodel:      0.7338     9.2560  16
xmodel: eps=0.779 t=0.254 sigL=   9.26 sigT= 11.75 sigTT=-1.81 sigLT=-1.33 x_mod=0.6721E-07
xsect:     2.6180    0.0006    3.8439    0.0024   10.9290    3.0000
 xmodel: p_fn=fit_params/iter03/par.pl_385                                                    
 xmodel:      1.3987     0.8309   1
 xmodel:      0.1801     0.0500   2
 xmodel:     -1.3049     0.5044   3
 xmodel:   -694.1271   179.8000   4
 xmodel:   2827.9961   780.9000   5
 xmodel:     -0.3053     2.0970   6
 xmodel:      1.7700     0.0000   7
 xmodel:      0.0500     0.0000   8
 xmodel:   -407.8053    57.2000   9
 xmodel:      8.2160     1.6730  10
 xmodel:     -0.8000     0.0000  11
 xmodel:    101.2001    12.7600  12
 xmodel:    171.4144   115.1000  13
 xmodel:    -30.5956    12.2800  14
 xmodel:    -13.0000     0.0000  15
 xmodel:      0.7338     9.2560  16
xmodel: eps=0.780 t=0.290 sigL=   6.07 sigT= 10.79 sigTT=-2.16 sigLT=-0.28 x_mod=0.6031E-07
xsect:     2.6073    0.0006    3.8862    0.0025   13.0335    4.0000
 xmodel: p_fn=fit_params/iter03/par.pl_385                                                    
 xmodel:      1.3987     0.8309   1
 xmodel:      0.1801     0.0500   2
 xmodel:     -1.3049     0.5044   3
 xmodel:   -694.1271   179.8000   4
 xmodel:   2827.9961   780.9000   5
 xmodel:     -0.3053     2.0970   6
 xmodel:      1.7700     0.0000   7
 xmodel:      0.0500     0.0000   8
 xmodel:   -407.8053    57.2000   9
 xmodel:      8.2160     1.6730  10
 xmodel:     -0.8000     0.0000  11
 xmodel:    101.2001    12.7600  12
 xmodel:    171.4144   115.1000  13
 xmodel:    -30.5956    12.2800  14
 xmodel:    -13.0000     0.0000  15
 xmodel:      0.7338     9.2560  16
xmodel: eps=0.780 t=0.331 sigL=   4.26 sigT=  9.55 sigTT=-2.44 sigLT= 0.51 x_mod=0.5441E-07
xsect:     2.5977    0.0006    3.9287    0.0023   17.3617    5.0000
 xmodel: p_fn=fit_params/iter03/par.pl_385                                                    
 xmodel:      1.3987     0.8309   1
 xmodel:      0.1801     0.0500   2
 xmodel:     -1.3049     0.5044   3
 xmodel:   -694.1271   179.8000   4
 xmodel:   2827.9961   780.9000   5
 xmodel:     -0.3053     2.0970   6
 xmodel:      1.7700     0.0000   7
 xmodel:      0.0500     0.0000   8
 xmodel:   -407.8053    57.2000   9
 xmodel:      8.2160     1.6730  10
 xmodel:     -0.8000     0.0000  11
 xmodel:    101.2001    12.7600  12
 xmodel:    171.4144   115.1000  13
 xmodel:    -30.5956    12.2800  14
 xmodel:    -13.0000     0.0000  15
 xmodel:      0.7338     9.2560  16
xmodel: eps=0.780 t=0.427 sigL=   2.49 sigT=  7.03 sigTT=-2.49 sigLT= 0.20 x_mod=0.3483E-07
  
