 list:     1   3.85000   0.29200   0.00000   0.16000   0.50000    0    1
 tmn, tmx:    0.16000   0.50000  for kset=    1
   6395.66016       3.84999990      0.291999996    
 xsect: Eb= 6.39566   at Q2= 3.8500  eps=0.2920  pol=pi
 xsect: r_fn=averages/Q3p85_W2p62_t0p21_aver_pi_385_292.dat                                  
 xsect: kin_fn=averages/Q3p85_W2p62_t0p21_avek_385.dat                                         
 xsect: xunsep_fn =xsects/Q3p85_W2p62_t0p21_x_unsep_pi_385_292.dat
xsect:     2.6741    0.0004    3.6161    0.0016    5.6998    1.0000
 xmodel: p_fn=fit_params/iter03/par.pl_385                                                    
 xmodel:     10.2393     7.4230   1
 xmodel:      0.1821     0.0608   2
 xmodel:     -3.5114     0.6106   3
 xmodel:   -876.2780   431.4000   4
 xmodel:   3568.8979  1809.0000   5
 xmodel:     -1.9758     3.0410   6
 xmodel:      1.7700     0.0000   7
 xmodel:      0.0500     0.0000   8
 xmodel:    294.5367    91.1700   9
 xmodel:     -3.3176     2.7880  10
 xmodel:     -0.8000     0.0000  11
 xmodel:    -69.1119    19.8700  12
 xmodel:     68.0956   239.3000  13
 xmodel:    -51.4419    44.8500  14
 xmodel:      6.5000     0.0000  15
 xmodel:      0.4239     0.7534  16
xmodel: eps=0.287 t=0.198 sigL=  17.46 sigT= 15.28 sigTT=-0.43 sigLT= 3.35 x_mod=0.9306E-07
xsect:     2.6350    0.0005    3.7749    0.0019    9.0425    2.0000
 xmodel: p_fn=fit_params/iter03/par.pl_385                                                    
 xmodel:     10.2393     7.4230   1
 xmodel:      0.1821     0.0608   2
 xmodel:     -3.5114     0.6106   3
 xmodel:   -876.2780   431.4000   4
 xmodel:   3568.8979  1809.0000   5
 xmodel:     -1.9758     3.0410   6
 xmodel:      1.7700     0.0000   7
 xmodel:      0.0500     0.0000   8
 xmodel:    294.5367    91.1700   9
 xmodel:     -3.3176     2.7880  10
 xmodel:     -0.8000     0.0000  11
 xmodel:    -69.1119    19.8700  12
 xmodel:     68.0956   239.3000  13
 xmodel:    -51.4419    44.8500  14
 xmodel:      6.5000     0.0000  15
 xmodel:      0.4239     0.7534  16
xmodel: eps=0.292 t=0.254 sigL=   7.62 sigT= 14.89 sigTT=-1.23 sigLT= 2.99 x_mod=0.8367E-07
xsect:     2.6176    0.0006    3.8460    0.0023   10.9752    3.0000
 xmodel: p_fn=fit_params/iter03/par.pl_385                                                    
 xmodel:     10.2393     7.4230   1
 xmodel:      0.1821     0.0608   2
 xmodel:     -3.5114     0.6106   3
 xmodel:   -876.2780   431.4000   4
 xmodel:   3568.8979  1809.0000   5
 xmodel:     -1.9758     3.0410   6
 xmodel:      1.7700     0.0000   7
 xmodel:      0.0500     0.0000   8
 xmodel:    294.5367    91.1700   9
 xmodel:     -3.3176     2.7880  10
 xmodel:     -0.8000     0.0000  11
 xmodel:    -69.1119    19.8700  12
 xmodel:     68.0956   239.3000  13
 xmodel:    -51.4419    44.8500  14
 xmodel:      6.5000     0.0000  15
 xmodel:      0.4239     0.7534  16
xmodel: eps=0.293 t=0.291 sigL=   4.62 sigT= 14.17 sigTT=-1.63 sigLT= 2.47 x_mod=0.7672E-07
xsect:     2.6071    0.0006    3.8866    0.0025   13.1958    4.0000
 xmodel: p_fn=fit_params/iter03/par.pl_385                                                    
 xmodel:     10.2393     7.4230   1
 xmodel:      0.1821     0.0608   2
 xmodel:     -3.5114     0.6106   3
 xmodel:   -876.2780   431.4000   4
 xmodel:   3568.8979  1809.0000   5
 xmodel:     -1.9758     3.0410   6
 xmodel:      1.7700     0.0000   7
 xmodel:      0.0500     0.0000   8
 xmodel:    294.5367    91.1700   9
 xmodel:     -3.3176     2.7880  10
 xmodel:     -0.8000     0.0000  11
 xmodel:    -69.1119    19.8700  12
 xmodel:     68.0956   239.3000  13
 xmodel:    -51.4419    44.8500  14
 xmodel:      6.5000     0.0000  15
 xmodel:      0.4239     0.7534  16
xmodel: eps=0.295 t=0.334 sigL=   3.02 sigT= 12.76 sigTT=-1.91 sigLT= 2.14 x_mod=0.6806E-07
xsect:     2.5971    0.0006    3.9316    0.0024   17.4280    5.0000
 xmodel: p_fn=fit_params/iter03/par.pl_385                                                    
 xmodel:     10.2393     7.4230   1
 xmodel:      0.1821     0.0608   2
 xmodel:     -3.5114     0.6106   3
 xmodel:   -876.2780   431.4000   4
 xmodel:   3568.8979  1809.0000   5
 xmodel:     -1.9758     3.0410   6
 xmodel:      1.7700     0.0000   7
 xmodel:      0.0500     0.0000   8
 xmodel:    294.5367    91.1700   9
 xmodel:     -3.3176     2.7880  10
 xmodel:     -0.8000     0.0000  11
 xmodel:    -69.1119    19.8700  12
 xmodel:     68.0956   239.3000  13
 xmodel:    -51.4419    44.8500  14
 xmodel:      6.5000     0.0000  15
 xmodel:      0.4239     0.7534  16
xmodel: eps=0.295 t=0.429 sigL=   1.48 sigT=  9.64 sigTT=-1.37 sigLT= 2.70 x_mod=0.5558E-07
  
 list:     1   3.85000   0.29200   0.00000   0.16000   0.50000    0    1
 list:     1   3.85000   0.77900   0.00000   0.16000   0.50000    0    2
 tmn, tmx:    0.16000   0.50000  for kset=    2
   6395.66016       3.84999990      0.291999996    
   10557.3018       3.84999990      0.778999984    
 xsect: Eb=10.55730   at Q2= 3.8500  eps=0.7790  pol=pi
 xsect: r_fn=averages/Q3p85_W2p62_t0p21_aver_pi_385_779.dat                                  
 xsect: kin_fn=averages/Q3p85_W2p62_t0p21_avek_385.dat                                         
 xsect: xunsep_fn =xsects/Q3p85_W2p62_t0p21_x_unsep_pi_385_779.dat
xsect:     2.6741    0.0004    3.6161    0.0016    5.6998    1.0000
 xmodel: p_fn=fit_params/iter03/par.pl_385                                                    
 xmodel:     10.2393     7.4230   1
 xmodel:      0.1821     0.0608   2
 xmodel:     -3.5114     0.6106   3
 xmodel:   -876.2780   431.4000   4
 xmodel:   3568.8979  1809.0000   5
 xmodel:     -1.9758     3.0410   6
 xmodel:      1.7700     0.0000   7
 xmodel:      0.0500     0.0000   8
 xmodel:    294.5367    91.1700   9
 xmodel:     -3.3176     2.7880  10
 xmodel:     -0.8000     0.0000  11
 xmodel:    -69.1119    19.8700  12
 xmodel:     68.0956   239.3000  13
 xmodel:    -51.4419    44.8500  14
 xmodel:      6.5000     0.0000  15
 xmodel:      0.4239     0.7534  16
xmodel: eps=0.778 t=0.198 sigL=  17.46 sigT= 15.28 sigTT=-0.43 sigLT= 3.35 x_mod=0.1377E-06
xsect:     2.6350    0.0005    3.7749    0.0019    9.0425    2.0000
 xmodel: p_fn=fit_params/iter03/par.pl_385                                                    
 xmodel:     10.2393     7.4230   1
 xmodel:      0.1821     0.0608   2
 xmodel:     -3.5114     0.6106   3
 xmodel:   -876.2780   431.4000   4
 xmodel:   3568.8979  1809.0000   5
 xmodel:     -1.9758     3.0410   6
 xmodel:      1.7700     0.0000   7
 xmodel:      0.0500     0.0000   8
 xmodel:    294.5367    91.1700   9
 xmodel:     -3.3176     2.7880  10
 xmodel:     -0.8000     0.0000  11
 xmodel:    -69.1119    19.8700  12
 xmodel:     68.0956   239.3000  13
 xmodel:    -51.4419    44.8500  14
 xmodel:      6.5000     0.0000  15
 xmodel:      0.4239     0.7534  16
xmodel: eps=0.779 t=0.254 sigL=   7.62 sigT= 14.89 sigTT=-1.23 sigLT= 2.99 x_mod=0.1075E-06
xsect:     2.6176    0.0006    3.8460    0.0023   10.9752    3.0000
 xmodel: p_fn=fit_params/iter03/par.pl_385                                                    
 xmodel:     10.2393     7.4230   1
 xmodel:      0.1821     0.0608   2
 xmodel:     -3.5114     0.6106   3
 xmodel:   -876.2780   431.4000   4
 xmodel:   3568.8979  1809.0000   5
 xmodel:     -1.9758     3.0410   6
 xmodel:      1.7700     0.0000   7
 xmodel:      0.0500     0.0000   8
 xmodel:    294.5367    91.1700   9
 xmodel:     -3.3176     2.7880  10
 xmodel:     -0.8000     0.0000  11
 xmodel:    -69.1119    19.8700  12
 xmodel:     68.0956   239.3000  13
 xmodel:    -51.4419    44.8500  14
 xmodel:      6.5000     0.0000  15
 xmodel:      0.4239     0.7534  16
xmodel: eps=0.780 t=0.291 sigL=   4.62 sigT= 14.17 sigTT=-1.63 sigLT= 2.47 x_mod=0.9208E-07
xsect:     2.6071    0.0006    3.8866    0.0025   13.1958    4.0000
 xmodel: p_fn=fit_params/iter03/par.pl_385                                                    
 xmodel:     10.2393     7.4230   1
 xmodel:      0.1821     0.0608   2
 xmodel:     -3.5114     0.6106   3
 xmodel:   -876.2780   431.4000   4
 xmodel:   3568.8979  1809.0000   5
 xmodel:     -1.9758     3.0410   6
 xmodel:      1.7700     0.0000   7
 xmodel:      0.0500     0.0000   8
 xmodel:    294.5367    91.1700   9
 xmodel:     -3.3176     2.7880  10
 xmodel:     -0.8000     0.0000  11
 xmodel:    -69.1119    19.8700  12
 xmodel:     68.0956   239.3000  13
 xmodel:    -51.4419    44.8500  14
 xmodel:      6.5000     0.0000  15
 xmodel:      0.4239     0.7534  16
xmodel: eps=0.780 t=0.334 sigL=   3.02 sigT= 12.76 sigTT=-1.91 sigLT= 2.14 x_mod=0.7842E-07
xsect:     2.5971    0.0006    3.9316    0.0024   17.4280    5.0000
 xmodel: p_fn=fit_params/iter03/par.pl_385                                                    
 xmodel:     10.2393     7.4230   1
 xmodel:      0.1821     0.0608   2
 xmodel:     -3.5114     0.6106   3
 xmodel:   -876.2780   431.4000   4
 xmodel:   3568.8979  1809.0000   5
 xmodel:     -1.9758     3.0410   6
 xmodel:      1.7700     0.0000   7
 xmodel:      0.0500     0.0000   8
 xmodel:    294.5367    91.1700   9
 xmodel:     -3.3176     2.7880  10
 xmodel:     -0.8000     0.0000  11
 xmodel:    -69.1119    19.8700  12
 xmodel:     68.0956   239.3000  13
 xmodel:    -51.4419    44.8500  14
 xmodel:      6.5000     0.0000  15
 xmodel:      0.4239     0.7534  16
xmodel: eps=0.780 t=0.429 sigL=   1.48 sigT=  9.64 sigTT=-1.37 sigLT= 2.70 x_mod=0.6576E-07
  
