 list:     1   3.85000   0.29200   0.00000   0.16000   0.50000    0    1
 tmn, tmx:    0.16000   0.50000  for kset=    1
   6395.66016       3.84999990      0.291999996    
 xsect: Eb= 6.39566   at Q2= 3.8500  eps=0.2920  pol=pi
 xsect: r_fn=averages/Q3p85_W2p62_t0p21_aver_pi_385_292.dat                                  
 xsect: kin_fn=averages/Q3p85_W2p62_t0p21_avek_385.dat                                         
 xsect: xunsep_fn =xsects/Q3p85_W2p62_t0p21_x_unsep_pi_385_292.dat
xsect:     2.6741    0.0004    3.6161    0.0016    5.6998    1.0000
  
  phi bin:           1   12.0000000     t_bin:            1  0.197999999    
  return eps_n_theta    9.94804054E-02  0.286716253    
  L    2.76181555      0.197999999    
  T    1.56899273    
  LT    0.00000000       0.00000000    
  TT   -0.00000000       0.00000000    
  sig    8.15919492E-08  0.286716253      0.209439516    
 ratio check    1.08882499       8.15919492E-08   8.88393501E-08
 xmod,eps,th    8.15919492E-08  0.286716253       5.69980717    
  
  phi bin:           2   36.0000000     t_bin:            1  0.197999999    
  return eps_n_theta    9.94804054E-02  0.286716253    
  L    2.76181555      0.197999999    
  T    1.56899273    
  LT   0.170769736       9.94804054E-02
  TT  -0.144856989       9.94804054E-02
  sig    8.52497735E-08  0.286716253      0.628318548    
 ratio check    1.14773500       8.52497735E-08   9.78441506E-08
 xmod,eps,th    8.52497735E-08  0.286716253       5.69980717    
  
  phi bin:           3   60.0000000     t_bin:            1  0.197999999    
  return eps_n_theta    9.94804054E-02  0.286716253    
  L    2.76181555      0.197999999    
  T    1.56899273    
  LT   0.170769736       9.94804054E-02
  TT  -0.144856989       9.94804054E-02
  sig    8.48444373E-08  0.286716253       1.04719758    
 ratio check    1.01115000       8.48444373E-08   8.57904539E-08
 xmod,eps,th    8.48444373E-08  0.286716253       5.69980717    
  
  phi bin:           4   84.0000000     t_bin:            1  0.197999999    
  return eps_n_theta    9.94804054E-02  0.286716253    
  L    2.76181555      0.197999999    
  T    1.56899273    
  LT   0.170769736       9.94804054E-02
  TT  -0.144856989       9.94804054E-02
  sig    8.35258902E-08  0.286716253       1.46607661    
 ratio check   0.982436001       8.35258902E-08   8.20588397E-08
 xmod,eps,th    8.35258902E-08  0.286716253       5.69980717    
  
  phi bin:           5   108.000000     t_bin:            1  0.197999999    
  return eps_n_theta    9.94804054E-02  0.286716253    
  L    2.76181555      0.197999999    
  T    1.56899273    
  LT   0.170769736       9.94804054E-02
  TT  -0.144856989       9.94804054E-02
  sig    8.11866201E-08  0.286716253       1.88495564    
 ratio check   0.873780012       8.11866201E-08   7.09392438E-08
 xmod,eps,th    8.11866201E-08  0.286716253       5.69980717    
  
  phi bin:           6   132.000000     t_bin:            1  0.197999999    
  return eps_n_theta    9.94804054E-02  0.286716253    
  L    2.76181555      0.197999999    
  T    1.56899273    
  LT   0.170769736       9.94804054E-02
  TT  -0.144856989       9.94804054E-02
  sig    7.83497782E-08  0.286716253       2.30383468    
 ratio check    1.05746305       7.83497782E-08   8.28519973E-08
 xmod,eps,th    7.83497782E-08  0.286716253       5.69980717    
  
  phi bin:           7   156.000000     t_bin:            1  0.197999999    
  return eps_n_theta    9.94804054E-02  0.286716253    
  L    2.76181555      0.197999999    
  T    1.56899273    
  LT   0.170769736       9.94804054E-02
  TT  -0.144856989       9.94804054E-02
  sig    7.60001839E-08  0.286716253       2.72271371    
 ratio check    1.07904601       7.60001839E-08   8.20076949E-08
 xmod,eps,th    7.60001839E-08  0.286716253       5.69980717    
  
  phi bin:           8   180.000000     t_bin:            1  0.197999999    
  return eps_n_theta    9.94804054E-02  0.286716253    
  L    2.76181555      0.197999999    
  T    1.56899273    
  LT   0.170769736       9.94804054E-02
  TT  -0.144856989       9.94804054E-02
  sig    7.50869802E-08  0.286716253       3.14159274    
 ratio check   0.998493016       7.50869802E-08   7.49738263E-08
 xmod,eps,th    7.50869802E-08  0.286716253       5.69980717    
  
  phi bin:           9   204.000015     t_bin:            1  0.197999999    
  return eps_n_theta    9.94804054E-02  0.286716253    
  L    2.76181555      0.197999999    
  T    1.56899273    
  LT   0.170769736       9.94804054E-02
  TT  -0.144856989       9.94804054E-02
  sig    7.60001981E-08  0.286716253       3.56047177    
 ratio check    1.10664999       7.60001981E-08   8.41056220E-08
 xmod,eps,th    7.60001981E-08  0.286716253       5.69980717    
  
  phi bin:          10   228.000000     t_bin:            1  0.197999999    
  return eps_n_theta    9.94804054E-02  0.286716253    
  L    2.76181555      0.197999999    
  T    1.56899273    
  LT   0.170769736       9.94804054E-02
  TT  -0.144856989       9.94804054E-02
  sig    7.83497782E-08  0.286716253       3.97935081    
 ratio check    1.02019203       7.83497782E-08   7.99318158E-08
 xmod,eps,th    7.83497782E-08  0.286716253       5.69980717    
  
  phi bin:          11   252.000015     t_bin:            1  0.197999999    
  return eps_n_theta    9.94804054E-02  0.286716253    
  L    2.76181555      0.197999999    
  T    1.56899273    
  LT   0.170769736       9.94804054E-02
  TT  -0.144856989       9.94804054E-02
  sig    8.11866201E-08  0.286716253       4.39823008    
 ratio check    1.03543794       8.11866201E-08   8.40637071E-08
 xmod,eps,th    8.11866201E-08  0.286716253       5.69980717    
  
  phi bin:          12   275.999969     t_bin:            1  0.197999999    
  return eps_n_theta    9.94804054E-02  0.286716253    
  L    2.76181555      0.197999999    
  T    1.56899273    
  LT   0.170769736       9.94804054E-02
  TT  -0.144856989       9.94804054E-02
  sig    8.35258902E-08  0.286716253       4.81710863    
 ratio check   0.996743977       8.35258902E-08   8.32539300E-08
 xmod,eps,th    8.35258902E-08  0.286716253       5.69980717    
  
  phi bin:          13   300.000000     t_bin:            1  0.197999999    
  return eps_n_theta    9.94804054E-02  0.286716253    
  L    2.76181555      0.197999999    
  T    1.56899273    
  LT   0.170769736       9.94804054E-02
  TT  -0.144856989       9.94804054E-02
  sig    8.48444373E-08  0.286716253       5.23598766    
 ratio check   0.896158993       8.48444373E-08   7.60341052E-08
 xmod,eps,th    8.48444373E-08  0.286716253       5.69980717    
  
  phi bin:          14   324.000031     t_bin:            1  0.197999999    
  return eps_n_theta    9.94804054E-02  0.286716253    
  L    2.76181555      0.197999999    
  T    1.56899273    
  LT   0.170769736       9.94804054E-02
  TT  -0.144856989       9.94804054E-02
  sig    8.52497735E-08  0.286716253       5.65486717    
 ratio check   0.902949989       8.52497735E-08   7.69762849E-08
 xmod,eps,th    8.52497735E-08  0.286716253       5.69980717    
  
  phi bin:          15   347.999969     t_bin:            1  0.197999999    
  return eps_n_theta    9.94804054E-02  0.286716253    
  L    2.76181555      0.197999999    
  T    1.56899273    
  LT   0.170769736       9.94804054E-02
  TT  -0.144856989       9.94804054E-02
  sig    8.52394635E-08  0.286716253       6.07374573    
 ratio check   0.950841010       8.52394635E-08   8.10491798E-08
 xmod,eps,th    8.52394635E-08  0.286716253       5.69980717    
xsect:     2.6350    0.0005    3.7749    0.0019    9.0425    2.0000
  
  phi bin:           1   12.0000000     t_bin:            2  0.254000008    
  return eps_n_theta   0.157821685      0.291548848    
  L    1.73645890      0.254000008    
  T    1.40914845    
  LT   0.117838219       9.94804054E-02
  TT   -9.46266353E-02   9.94804054E-02
  sig    7.35713215E-08  0.291548848      0.209439516    
 ratio check   0.919440985       7.35713215E-08   6.76444856E-08
 xmod,eps,th    7.35713215E-08  0.291548848       9.04251671    
  
  phi bin:           2   36.0000000     t_bin:            2  0.254000008    
  return eps_n_theta   0.157821685      0.291548848    
  L    1.73645890      0.254000008    
  T    1.40914845    
  LT   0.186477959      0.157821685    
  TT  -0.236971483      0.157821685    
  sig    7.48558335E-08  0.291548848      0.628318548    
 ratio check    1.06462801       7.48558335E-08   7.96936135E-08
 xmod,eps,th    7.48558335E-08  0.291548848       9.04251671    
  
  phi bin:           3   60.0000000     t_bin:            2  0.254000008    
  return eps_n_theta   0.157821685      0.291548848    
  L    1.73645890      0.254000008    
  T    1.40914845    
  LT   0.186477959      0.157821685    
  TT  -0.236971483      0.157821685    
  sig    7.50734230E-08  0.291548848       1.04719758    
 ratio check   0.974344015       7.50734230E-08   7.31473406E-08
 xmod,eps,th    7.50734230E-08  0.291548848       9.04251671    
  
  phi bin:           4   84.0000000     t_bin:            2  0.254000008    
  return eps_n_theta   0.157821685      0.291548848    
  L    1.73645890      0.254000008    
  T    1.40914845    
  LT   0.186477959      0.157821685    
  TT  -0.236971483      0.157821685    
  sig    7.39288240E-08  0.291548848       1.46607661    
 ratio check   0.977515996       7.39288240E-08   7.22666087E-08
 xmod,eps,th    7.39288240E-08  0.291548848       9.04251671    
  
  phi bin:           5   108.000000     t_bin:            2  0.254000008    
  return eps_n_theta   0.157821685      0.291548848    
  L    1.73645890      0.254000008    
  T    1.40914845    
  LT   0.186477959      0.157821685    
  TT  -0.236971483      0.157821685    
  sig    7.10229742E-08  0.291548848       1.88495564    
 ratio check   0.915979028       7.10229742E-08   6.50555521E-08
 xmod,eps,th    7.10229742E-08  0.291548848       9.04251671    
  
  phi bin:           6   132.000000     t_bin:            2  0.254000008    
  return eps_n_theta   0.157821685      0.291548848    
  L    1.73645890      0.254000008    
  T    1.40914845    
  LT   0.186477959      0.157821685    
  TT  -0.236971483      0.157821685    
  sig    6.70694931E-08  0.291548848       2.30383468    
 ratio check    1.02767098       6.70694931E-08   6.89253739E-08
 xmod,eps,th    6.70694931E-08  0.291548848       9.04251671    
  
  phi bin:           7   156.000000     t_bin:            2  0.254000008    
  return eps_n_theta   0.157821685      0.291548848    
  L    1.73645890      0.254000008    
  T    1.40914845    
  LT   0.186477959      0.157821685    
  TT  -0.236971483      0.157821685    
  sig    6.36314823E-08  0.291548848       2.72271371    
 ratio check    1.00493097       6.36314823E-08   6.39452509E-08
 xmod,eps,th    6.36314823E-08  0.291548848       9.04251671    
  
  phi bin:           8   180.000000     t_bin:            2  0.254000008    
  return eps_n_theta   0.157821685      0.291548848    
  L    1.73645890      0.254000008    
  T    1.40914845    
  LT   0.186477959      0.157821685    
  TT  -0.236971483      0.157821685    
  sig    6.22692724E-08  0.291548848       3.14159274    
 ratio check    1.07683802       6.22692724E-08   6.70539180E-08
 xmod,eps,th    6.22692724E-08  0.291548848       9.04251671    
  
  phi bin:           9   204.000015     t_bin:            2  0.254000008    
  return eps_n_theta   0.157821685      0.291548848    
  L    1.73645890      0.254000008    
  T    1.40914845    
  LT   0.186477959      0.157821685    
  TT  -0.236971483      0.157821685    
  sig    6.36314823E-08  0.291548848       3.56047177    
 ratio check    1.05683100       6.36314823E-08   6.72477256E-08
 xmod,eps,th    6.36314823E-08  0.291548848       9.04251671    
  
  phi bin:          10   228.000000     t_bin:            2  0.254000008    
  return eps_n_theta   0.157821685      0.291548848    
  L    1.73645890      0.254000008    
  T    1.40914845    
  LT   0.186477959      0.157821685    
  TT  -0.236971483      0.157821685    
  sig    6.70694931E-08  0.291548848       3.97935081    
 ratio check    1.03688896       6.70694931E-08   6.95436171E-08
 xmod,eps,th    6.70694931E-08  0.291548848       9.04251671    
  
  phi bin:          11   252.000015     t_bin:            2  0.254000008    
  return eps_n_theta   0.157821685      0.291548848    
  L    1.73645890      0.254000008    
  T    1.40914845    
  LT   0.186477959      0.157821685    
  TT  -0.236971483      0.157821685    
  sig    7.10229742E-08  0.291548848       4.39823008    
 ratio check    1.13752902       7.10229742E-08   8.07906915E-08
 xmod,eps,th    7.10229742E-08  0.291548848       9.04251671    
  
  phi bin:          12   275.999969     t_bin:            2  0.254000008    
  return eps_n_theta   0.157821685      0.291548848    
  L    1.73645890      0.254000008    
  T    1.40914845    
  LT   0.186477959      0.157821685    
  TT  -0.236971483      0.157821685    
  sig    7.39288097E-08  0.291548848       4.81710863    
 ratio check   0.850220025       7.39288097E-08   6.28557544E-08
 xmod,eps,th    7.39288097E-08  0.291548848       9.04251671    
  
  phi bin:          13   300.000000     t_bin:            2  0.254000008    
  return eps_n_theta   0.157821685      0.291548848    
  L    1.73645890      0.254000008    
  T    1.40914845    
  LT   0.186477959      0.157821685    
  TT  -0.236971483      0.157821685    
  sig    7.50734230E-08  0.291548848       5.23598766    
 ratio check   0.962494016       7.50734230E-08   7.22577198E-08
 xmod,eps,th    7.50734230E-08  0.291548848       9.04251671    
  
  phi bin:          14   324.000031     t_bin:            2  0.254000008    
  return eps_n_theta   0.157821685      0.291548848    
  L    1.73645890      0.254000008    
  T    1.40914845    
  LT   0.186477959      0.157821685    
  TT  -0.236971483      0.157821685    
  sig    7.48558335E-08  0.291548848       5.65486717    
 ratio check   0.839098990       7.48558335E-08   6.28114520E-08
 xmod,eps,th    7.48558335E-08  0.291548848       9.04251671    
  
  phi bin:          15   347.999969     t_bin:            2  0.254000008    
  return eps_n_theta   0.157821685      0.291548848    
  L    1.73645890      0.254000008    
  T    1.40914845    
  LT   0.186477959      0.157821685    
  TT  -0.236971483      0.157821685    
  sig    7.43236725E-08  0.291548848       6.07374573    
 ratio check   0.935709000       7.43236725E-08   6.95453295E-08
 xmod,eps,th    7.43236725E-08  0.291548848       9.04251671    
xsect:     2.6176    0.0006    3.8460    0.0023   10.9752    3.0000
  
  phi bin:           1   12.0000000     t_bin:            3  0.291000009    
  return eps_n_theta   0.191553161      0.293482959    
  L    1.31144905      0.291000009    
  T    1.32006943    
  LT   0.147426307      0.157821685    
  TT  -0.180213496      0.157821685    
  sig    6.79196930E-08  0.293482959      0.209439516    
 ratio check   0.883291006       6.79196930E-08   5.99928569E-08
 xmod,eps,th    6.79196930E-08  0.293482959       10.9751873    
  
  phi bin:           2   36.0000000     t_bin:            3  0.291000009    
  return eps_n_theta   0.191553161      0.293482959    
  L    1.31144905      0.291000009    
  T    1.32006943    
  LT   0.178584129      0.191553161    
  TT  -0.264437497      0.191553161    
  sig    6.88561101E-08  0.293482959      0.628318548    
 ratio check   0.928825021       6.88561101E-08   6.39552766E-08
 xmod,eps,th    6.88561101E-08  0.293482959       10.9751873    
  
  phi bin:           3   60.0000000     t_bin:            3  0.291000009    
  return eps_n_theta   0.191553161      0.293482959    
  L    1.31144905      0.291000009    
  T    1.32006943    
  LT   0.178584129      0.191553161    
  TT  -0.264437497      0.191553161    
  sig    6.94163376E-08  0.293482959       1.04719758    
 ratio check   0.952425003       6.94163376E-08   6.61138557E-08
 xmod,eps,th    6.94163376E-08  0.293482959       10.9751873    
  
  phi bin:           4   84.0000000     t_bin:            3  0.291000009    
  return eps_n_theta   0.191553161      0.293482959    
  L    1.31144905      0.291000009    
  T    1.32006943    
  LT   0.178584129      0.191553161    
  TT  -0.264437497      0.191553161    
  sig    6.84853489E-08  0.293482959       1.46607661    
 ratio check   0.832795978       6.84853489E-08   5.70343239E-08
 xmod,eps,th    6.84853489E-08  0.293482959       10.9751873    
  
  phi bin:           5   108.000000     t_bin:            3  0.291000009    
  return eps_n_theta   0.191553161      0.293482959    
  L    1.31144905      0.291000009    
  T    1.32006943    
  LT   0.178584129      0.191553161    
  TT  -0.264437497      0.191553161    
  sig    6.55328662E-08  0.293482959       1.88495564    
 ratio check   0.921365976       6.55328662E-08   6.03797545E-08
 xmod,eps,th    6.55328662E-08  0.293482959       10.9751873    
  
  phi bin:           6   132.000000     t_bin:            3  0.291000009    
  return eps_n_theta   0.191553161      0.293482959    
  L    1.31144905      0.291000009    
  T    1.32006943    
  LT   0.178584129      0.191553161    
  TT  -0.264437497      0.191553161    
  sig    6.13139051E-08  0.293482959       2.30383468    
 ratio check   0.827506006       6.13139051E-08   5.07376257E-08
 xmod,eps,th    6.13139051E-08  0.293482959       10.9751873    
  
  phi bin:           7   156.000000     t_bin:            3  0.291000009    
  return eps_n_theta   0.191553161      0.293482959    
  L    1.31144905      0.291000009    
  T    1.32006943    
  LT   0.178584129      0.191553161    
  TT  -0.264437497      0.191553161    
  sig    5.75764751E-08  0.293482959       2.72271371    
 ratio check   0.949271977       5.75764751E-08   5.46557359E-08
 xmod,eps,th    5.75764751E-08  0.293482959       10.9751873    
  
  phi bin:           8   180.000000     t_bin:            3  0.291000009    
  return eps_n_theta   0.191553161      0.293482959    
  L    1.31144905      0.291000009    
  T    1.32006943    
  LT   0.178584129      0.191553161    
  TT  -0.264437497      0.191553161    
  sig    5.60852662E-08  0.293482959       3.14159274    
 ratio check    1.00296104       5.60852662E-08   5.62513378E-08
 xmod,eps,th    5.60852662E-08  0.293482959       10.9751873    
  
  phi bin:           9   204.000015     t_bin:            3  0.291000009    
  return eps_n_theta   0.191553161      0.293482959    
  L    1.31144905      0.291000009    
  T    1.32006943    
  LT   0.178584129      0.191553161    
  TT  -0.264437497      0.191553161    
  sig    5.75764751E-08  0.293482959       3.56047177    
 ratio check    1.02710605       5.75764751E-08   5.91371467E-08
 xmod,eps,th    5.75764751E-08  0.293482959       10.9751873    
  
  phi bin:          10   228.000000     t_bin:            3  0.291000009    
  return eps_n_theta   0.191553161      0.293482959    
  L    1.31144905      0.291000009    
  T    1.32006943    
  LT   0.178584129      0.191553161    
  TT  -0.264437497      0.191553161    
  sig    6.13139051E-08  0.293482959       3.97935081    
 ratio check   0.984475970       6.13139051E-08   6.03620691E-08
 xmod,eps,th    6.13139051E-08  0.293482959       10.9751873    
  
  phi bin:          11   252.000015     t_bin:            3  0.291000009    
  return eps_n_theta   0.191553161      0.293482959    
  L    1.31144905      0.291000009    
  T    1.32006943    
  LT   0.178584129      0.191553161    
  TT  -0.264437497      0.191553161    
  sig    6.55328662E-08  0.293482959       4.39823008    
 ratio check   0.949101985       6.55328662E-08   6.21973726E-08
 xmod,eps,th    6.55328662E-08  0.293482959       10.9751873    
  
  phi bin:          12   275.999969     t_bin:            3  0.291000009    
  return eps_n_theta   0.191553161      0.293482959    
  L    1.31144905      0.291000009    
  T    1.32006943    
  LT   0.178584129      0.191553161    
  TT  -0.264437497      0.191553161    
  sig    6.84853489E-08  0.293482959       4.81710863    
 ratio check   0.947084010       6.84853489E-08   6.48613820E-08
 xmod,eps,th    6.84853489E-08  0.293482959       10.9751873    
  
  phi bin:          13   300.000000     t_bin:            3  0.291000009    
  return eps_n_theta   0.191553161      0.293482959    
  L    1.31144905      0.291000009    
  T    1.32006943    
  LT   0.178584129      0.191553161    
  TT  -0.264437497      0.191553161    
  sig    6.94163376E-08  0.293482959       5.23598766    
 ratio check   0.918002009       6.94163376E-08   6.37243360E-08
 xmod,eps,th    6.94163376E-08  0.293482959       10.9751873    
  
  phi bin:          14   324.000031     t_bin:            3  0.291000009    
  return eps_n_theta   0.191553161      0.293482959    
  L    1.31144905      0.291000009    
  T    1.32006943    
  LT   0.178584129      0.191553161    
  TT  -0.264437497      0.191553161    
  sig    6.88561173E-08  0.293482959       5.65486717    
 ratio check   0.938462973       6.88561173E-08   6.46189164E-08
 xmod,eps,th    6.88561173E-08  0.293482959       10.9751873    
  
  phi bin:          15   347.999969     t_bin:            3  0.291000009    
  return eps_n_theta   0.191553161      0.293482959    
  L    1.31144905      0.291000009    
  T    1.32006943    
  LT   0.178584129      0.191553161    
  TT  -0.264437497      0.191553161    
  sig    6.80711523E-08  0.293482959       6.07374573    
 ratio check   0.751281977       6.80711523E-08   5.11406313E-08
 xmod,eps,th    6.80711523E-08  0.293482959       10.9751873    
xsect:     2.6071    0.0006    3.8866    0.0025   13.1958    4.0000
  
  phi bin:           1   12.0000000     t_bin:            4  0.333999991    
  return eps_n_theta   0.230311200      0.294975132    
  L   0.967358053      0.333999991    
  T    1.23101592    
  LT   0.137573227      0.191553161    
  TT  -0.194080055      0.191553161    
  sig    6.13975999E-08  0.294975132      0.209439516    
 ratio check   0.977684021       6.13975999E-08   6.00274532E-08
 xmod,eps,th    6.13975999E-08  0.294975132       13.1958599    
  
  phi bin:           2   36.0000000     t_bin:            4  0.333999991    
  return eps_n_theta   0.230311200      0.294975132    
  L   0.967358053      0.333999991    
  T    1.23101592    
  LT   0.164957687      0.230311200    
  TT  -0.279034704      0.230311200    
  sig    6.24026626E-08  0.294975132      0.628318548    
 ratio check    1.02713394       6.24026626E-08   6.40958930E-08
 xmod,eps,th    6.24026626E-08  0.294975132       13.1958599    
  
  phi bin:           3   60.0000000     t_bin:            4  0.333999991    
  return eps_n_theta   0.230311200      0.294975132    
  L   0.967358053      0.333999991    
  T    1.23101592    
  LT   0.164957687      0.230311200    
  TT  -0.279034704      0.230311200    
  sig    6.32579784E-08  0.294975132       1.04719758    
 ratio check   0.931981981       6.32579784E-08   5.89552975E-08
 xmod,eps,th    6.32579784E-08  0.294975132       13.1958599    
  
  phi bin:           4   84.0000000     t_bin:            4  0.333999991    
  return eps_n_theta   0.230311200      0.294975132    
  L   0.967358053      0.333999991    
  T    1.23101592    
  LT   0.164957687      0.230311200    
  TT  -0.279034704      0.230311200    
  sig    6.25722834E-08  0.294975132       1.46607661    
 ratio check   0.813455999       6.25722834E-08   5.08997999E-08
 xmod,eps,th    6.25722834E-08  0.294975132       13.1958599    
  
  phi bin:           5   108.000000     t_bin:            4  0.333999991    
  return eps_n_theta   0.230311200      0.294975132    
  L   0.967358053      0.333999991    
  T    1.23101592    
  LT   0.164957687      0.230311200    
  TT  -0.279034704      0.230311200    
  sig    5.97173511E-08  0.294975132       1.88495564    
 ratio check   0.920834005       5.97173511E-08   5.49897692E-08
 xmod,eps,th    5.97173511E-08  0.294975132       13.1958599    
  
  phi bin:           6   132.000000     t_bin:            4  0.333999991    
  return eps_n_theta   0.230311200      0.294975132    
  L   0.967358053      0.333999991    
  T    1.23101592    
  LT   0.164957687      0.230311200    
  TT  -0.279034704      0.230311200    
  sig    5.54509931E-08  0.294975132       2.30383468    
 ratio check   0.969281018       5.54509931E-08   5.37475948E-08
 xmod,eps,th    5.54509931E-08  0.294975132       13.1958599    
  
  phi bin:           7   156.000000     t_bin:            4  0.333999991    
  return eps_n_theta   0.230311200      0.294975132    
  L   0.967358053      0.333999991    
  T    1.23101592    
  LT   0.164957687      0.230311200    
  TT  -0.279034704      0.230311200    
  sig    5.16111633E-08  0.294975132       2.72271371    
 ratio check    1.04839301       5.16111633E-08   5.41087815E-08
 xmod,eps,th    5.16111633E-08  0.294975132       13.1958599    
  
  phi bin:           8   180.000000     t_bin:            4  0.333999991    
  return eps_n_theta   0.230311200      0.294975132    
  L   0.967358053      0.333999991    
  T    1.23101592    
  LT   0.164957687      0.230311200    
  TT  -0.279034704      0.230311200    
  sig    5.00701560E-08  0.294975132       3.14159274    
 ratio check    1.07467401       5.00701560E-08   5.38090958E-08
 xmod,eps,th    5.00701560E-08  0.294975132       13.1958599    
  
  phi bin:           9   204.000015     t_bin:            4  0.333999991    
  return eps_n_theta   0.230311200      0.294975132    
  L   0.967358053      0.333999991    
  T    1.23101592    
  LT   0.164957687      0.230311200    
  TT  -0.279034704      0.230311200    
  sig    5.16111704E-08  0.294975132       3.56047177    
 ratio check    1.23906302       5.16111704E-08   6.39494928E-08
 xmod,eps,th    5.16111704E-08  0.294975132       13.1958599    
  
  phi bin:          10   228.000000     t_bin:            4  0.333999991    
  return eps_n_theta   0.230311200      0.294975132    
  L   0.967358053      0.333999991    
  T    1.23101592    
  LT   0.164957687      0.230311200    
  TT  -0.279034704      0.230311200    
  sig    5.54509931E-08  0.294975132       3.97935081    
 ratio check    1.07189298       5.54509931E-08   5.94375287E-08
 xmod,eps,th    5.54509931E-08  0.294975132       13.1958599    
  
  phi bin:          11   252.000015     t_bin:            4  0.333999991    
  return eps_n_theta   0.230311200      0.294975132    
  L   0.967358053      0.333999991    
  T    1.23101592    
  LT   0.164957687      0.230311200    
  TT  -0.279034704      0.230311200    
  sig    5.97173582E-08  0.294975132       4.39823008    
 ratio check   0.938440979       5.97173582E-08   5.60412161E-08
 xmod,eps,th    5.97173582E-08  0.294975132       13.1958599    
  
  phi bin:          12   275.999969     t_bin:            4  0.333999991    
  return eps_n_theta   0.230311200      0.294975132    
  L   0.967358053      0.333999991    
  T    1.23101592    
  LT   0.164957687      0.230311200    
  TT  -0.279034704      0.230311200    
  sig    6.25722834E-08  0.294975132       4.81710863    
 ratio check   0.910372972       6.25722834E-08   5.69641152E-08
 xmod,eps,th    6.25722834E-08  0.294975132       13.1958599    
  
  phi bin:          13   300.000000     t_bin:            4  0.333999991    
  return eps_n_theta   0.230311200      0.294975132    
  L   0.967358053      0.333999991    
  T    1.23101592    
  LT   0.164957687      0.230311200    
  TT  -0.279034704      0.230311200    
  sig    6.32579784E-08  0.294975132       5.23598766    
 ratio check    1.01854300       6.32579784E-08   6.44309708E-08
 xmod,eps,th    6.32579784E-08  0.294975132       13.1958599    
  
  phi bin:          14   324.000031     t_bin:            4  0.333999991    
  return eps_n_theta   0.230311200      0.294975132    
  L   0.967358053      0.333999991    
  T    1.23101592    
  LT   0.164957687      0.230311200    
  TT  -0.279034704      0.230311200    
  sig    6.24026626E-08  0.294975132       5.65486717    
 ratio check   0.876627028       6.24026626E-08   5.47038610E-08
 xmod,eps,th    6.24026626E-08  0.294975132       13.1958599    
  
  phi bin:          15   347.999969     t_bin:            4  0.333999991    
  return eps_n_theta   0.230311200      0.294975132    
  L   0.967358053      0.333999991    
  T    1.23101592    
  LT   0.164957687      0.230311200    
  TT  -0.279034704      0.230311200    
  sig    6.14177722E-08  0.294975132       6.07374573    
 ratio check   0.943464994       6.14177722E-08   5.79455168E-08
 xmod,eps,th    6.14177722E-08  0.294975132       13.1958599    
xsect:     2.5971    0.0006    3.9316    0.0024   17.4280    5.0000
  
  phi bin:           1   12.0000000     t_bin:            5  0.429000020    
  return eps_n_theta   0.304177254      0.295334458    
  L   0.519005895      0.429000020    
  T    1.06080985    
  LT    9.41330492E-02  0.230311200    
  TT  -0.142190591      0.230311200    
  sig    4.96340355E-08  0.295334458      0.209439516    
 ratio check    1.20274198       4.96340355E-08   5.96969372E-08
 xmod,eps,th    4.96340355E-08  0.295334458       17.4280720    
  
  phi bin:           2   36.0000000     t_bin:            5  0.429000020    
  return eps_n_theta   0.304177254      0.295334458    
  L   0.519005895      0.429000020    
  T    1.06080985    
  LT   0.123504318      0.304177254    
  TT  -0.244765878      0.304177254    
  sig    5.05381550E-08  0.295334458      0.628318548    
 ratio check    1.12520397       5.05381550E-08   5.68657335E-08
 xmod,eps,th    5.05381550E-08  0.295334458       17.4280720    
  
  phi bin:           3   60.0000000     t_bin:            5  0.429000020    
  return eps_n_theta   0.304177254      0.295334458    
  L   0.519005895      0.429000020    
  T    1.06080985    
  LT   0.123504318      0.304177254    
  TT  -0.244765878      0.304177254    
  sig    5.15297884E-08  0.295334458       1.04719758    
 ratio check    1.08665001       5.15297884E-08   5.59948461E-08
 xmod,eps,th    5.15297884E-08  0.295334458       17.4280720    
  
  phi bin:           4   84.0000000     t_bin:            5  0.429000020    
  return eps_n_theta   0.304177254      0.295334458    
  L   0.519005895      0.429000020    
  T    1.06080985    
  LT   0.123504318      0.304177254    
  TT  -0.244765878      0.304177254    
  sig    5.12074507E-08  0.295334458       1.46607661    
 ratio check   0.938022017       5.12074507E-08   4.80337157E-08
 xmod,eps,th    5.12074507E-08  0.295334458       17.4280720    
  
  phi bin:           5   108.000000     t_bin:            5  0.429000020    
  return eps_n_theta   0.304177254      0.295334458    
  L   0.519005895      0.429000020    
  T    1.06080985    
  LT   0.123504318      0.304177254    
  TT  -0.244765878      0.304177254    
  sig    4.89593219E-08  0.295334458       1.88495564    
 ratio check   0.854113996       4.89593219E-08   4.18168433E-08
 xmod,eps,th    4.89593219E-08  0.295334458       17.4280720    
  
  phi bin:           6   132.000000     t_bin:            5  0.429000020    
  return eps_n_theta   0.304177254      0.295334458    
  L   0.519005895      0.429000020    
  T    1.06080985    
  LT   0.123504318      0.304177254    
  TT  -0.244765878      0.304177254    
  sig    4.54102427E-08  0.295334458       2.30383468    
 ratio check   0.987204015       4.54102427E-08   4.48291750E-08
 xmod,eps,th    4.54102427E-08  0.295334458       17.4280720    
  
  phi bin:           7   156.000000     t_bin:            5  0.429000020    
  return eps_n_theta   0.304177254      0.295334458    
  L   0.519005895      0.429000020    
  T    1.06080985    
  LT   0.123504318      0.304177254    
  TT  -0.244765878      0.304177254    
  sig    4.21574491E-08  0.295334458       2.72271371    
 ratio check    1.00839996       4.21574491E-08   4.25115694E-08
 xmod,eps,th    4.21574491E-08  0.295334458       17.4280720    
  
  phi bin:           8   180.000000     t_bin:            5  0.429000020    
  return eps_n_theta   0.304177254      0.295334458    
  L   0.519005895      0.429000020    
  T    1.06080985    
  LT   0.123504318      0.304177254    
  TT  -0.244765878      0.304177254    
  sig    4.08434673E-08  0.295334458       3.14159274    
 ratio check    1.06485796       4.08434673E-08   4.34924914E-08
 xmod,eps,th    4.08434673E-08  0.295334458       17.4280720    
  
  phi bin:           9   204.000015     t_bin:            5  0.429000020    
  return eps_n_theta   0.304177254      0.295334458    
  L   0.519005895      0.429000020    
  T    1.06080985    
  LT   0.123504318      0.304177254    
  TT  -0.244765878      0.304177254    
  sig    4.21574491E-08  0.295334458       3.56047177    
 ratio check    1.08591104       4.21574491E-08   4.57792382E-08
 xmod,eps,th    4.21574491E-08  0.295334458       17.4280720    
  
  phi bin:          10   228.000000     t_bin:            5  0.429000020    
  return eps_n_theta   0.304177254      0.295334458    
  L   0.519005895      0.429000020    
  T    1.06080985    
  LT   0.123504318      0.304177254    
  TT  -0.244765878      0.304177254    
  sig    4.54102569E-08  0.295334458       3.97935081    
 ratio check    1.06463206       4.54102569E-08   4.83452141E-08
 xmod,eps,th    4.54102569E-08  0.295334458       17.4280720    
  
  phi bin:          11   252.000015     t_bin:            5  0.429000020    
  return eps_n_theta   0.304177254      0.295334458    
  L   0.519005895      0.429000020    
  T    1.06080985    
  LT   0.123504318      0.304177254    
  TT  -0.244765878      0.304177254    
  sig    4.89593219E-08  0.295334458       4.39823008    
 ratio check   0.906126022       4.89593219E-08   4.43633148E-08
 xmod,eps,th    4.89593219E-08  0.295334458       17.4280720    
  
  phi bin:          12   275.999969     t_bin:            5  0.429000020    
  return eps_n_theta   0.304177254      0.295334458    
  L   0.519005895      0.429000020    
  T    1.06080985    
  LT   0.123504318      0.304177254    
  TT  -0.244765878      0.304177254    
  sig    5.12074507E-08  0.295334458       4.81710863    
 ratio check   0.887052000       5.12074507E-08   4.54236719E-08
 xmod,eps,th    5.12074507E-08  0.295334458       17.4280720    
  
  phi bin:          13   300.000000     t_bin:            5  0.429000020    
  return eps_n_theta   0.304177254      0.295334458    
  L   0.519005895      0.429000020    
  T    1.06080985    
  LT   0.123504318      0.304177254    
  TT  -0.244765878      0.304177254    
  sig    5.15297884E-08  0.295334458       5.23598766    
 ratio check    1.20694995       5.15297884E-08   6.21938767E-08
 xmod,eps,th    5.15297884E-08  0.295334458       17.4280720    
  
  phi bin:          14   324.000031     t_bin:            5  0.429000020    
  return eps_n_theta   0.304177254      0.295334458    
  L   0.519005895      0.429000020    
  T    1.06080985    
  LT   0.123504318      0.304177254    
  TT  -0.244765878      0.304177254    
  sig    5.05381514E-08  0.295334458       5.65486717    
 ratio check    1.14007199       5.05381514E-08   5.76171324E-08
 xmod,eps,th    5.05381514E-08  0.295334458       17.4280720    
  
  phi bin:          15   347.999969     t_bin:            5  0.429000020    
  return eps_n_theta   0.304177254      0.295334458    
  L   0.519005895      0.429000020    
  T    1.06080985    
  LT   0.123504318      0.304177254    
  TT  -0.244765878      0.304177254    
  sig    4.95334902E-08  0.295334458       6.07374573    
 ratio check    1.54279101       4.95334902E-08   7.64198234E-08
 xmod,eps,th    4.95334902E-08  0.295334458       17.4280720    
  
 list:     1   3.85000   0.29200   0.00000   0.16000   0.50000    0    1
 list:     1   3.85000   0.77900   0.00000   0.16000   0.50000    0    2
 tmn, tmx:    0.16000   0.50000  for kset=    2
   6395.66016       3.84999990      0.291999996    
   10557.3018       3.84999990      0.778999984    
 xsect: Eb=10.55730   at Q2= 3.8500  eps=0.7790  pol=pi
 xsect: r_fn=averages/Q3p85_W2p62_t0p21_aver_pi_385_779.dat                                  
 xsect: kin_fn=averages/Q3p85_W2p62_t0p21_avek_385.dat                                         
 xsect: xunsep_fn =xsects/Q3p85_W2p62_t0p21_x_unsep_pi_385_779.dat
xsect:     2.6741    0.0004    3.6161    0.0016    5.6998    1.0000
  
  phi bin:           1   12.0000000     t_bin:            1  0.197999999    
  return eps_n_theta    9.94804054E-02  0.777873218    
  L    2.76181555      0.197999999    
  T    1.56899273    
  LT   0.514989972      0.304177254    
  TT   -1.31739259      0.304177254    
  sig    1.25071807E-07  0.777873218      0.209439516    
 ratio check    1.14731002       1.25071807E-07   1.43496138E-07
 xmod,eps,th    1.25071807E-07  0.777873218       5.69980717    
  
  phi bin:           2   36.0000000     t_bin:            1  0.197999999    
  return eps_n_theta    9.94804054E-02  0.777873218    
  L    2.76181555      0.197999999    
  T    1.56899273    
  LT   0.170769736       9.94804054E-02
  TT  -0.144856989       9.94804054E-02
  sig    1.35210087E-07  0.777873218      0.628318548    
 ratio check    1.11481798       1.35210087E-07   1.50734635E-07
 xmod,eps,th    1.35210087E-07  0.777873218       5.69980717    
  
  phi bin:           3   60.0000000     t_bin:            1  0.197999999    
  return eps_n_theta    9.94804054E-02  0.777873218    
  L    2.76181555      0.197999999    
  T    1.56899273    
  LT   0.170769736       9.94804054E-02
  TT  -0.144856989       9.94804054E-02
  sig    1.35327483E-07  0.777873218       1.04719758    
 ratio check    1.06934297       1.35327483E-07   1.44711493E-07
 xmod,eps,th    1.35327483E-07  0.777873218       5.69980717    
  
  phi bin:           4   84.0000000     t_bin:            1  0.197999999    
  return eps_n_theta    9.94804054E-02  0.777873218    
  L    2.76181555      0.197999999    
  T    1.56899273    
  LT   0.170769736       9.94804054E-02
  TT  -0.144856989       9.94804054E-02
  sig    1.33307793E-07  0.777873218       1.46607661    
 ratio check    1.13949704       1.33307793E-07   1.51903834E-07
 xmod,eps,th    1.33307793E-07  0.777873218       5.69980717    
  
  phi bin:           5   108.000000     t_bin:            1  0.197999999    
  return eps_n_theta    9.94804054E-02  0.777873218    
  L    2.76181555      0.197999999    
  T    1.56899273    
  LT   0.170769736       9.94804054E-02
  TT  -0.144856989       9.94804054E-02
  sig    1.28590017E-07  0.777873218       1.88495564    
 ratio check    1.06658697       1.28590017E-07   1.37152441E-07
 xmod,eps,th    1.28590017E-07  0.777873218       5.69980717    
  
  phi bin:           6   132.000000     t_bin:            1  0.197999999    
  return eps_n_theta    9.94804054E-02  0.777873218    
  L    2.76181555      0.197999999    
  T    1.56899273    
  LT   0.170769736       9.94804054E-02
  TT  -0.144856989       9.94804054E-02
  sig    1.22311889E-07  0.777873218       2.30383468    
 ratio check    1.10324299       1.22311889E-07   1.34939739E-07
 xmod,eps,th    1.22311889E-07  0.777873218       5.69980717    
  
  phi bin:           7   156.000000     t_bin:            1  0.197999999    
  return eps_n_theta    9.94804054E-02  0.777873218    
  L    2.76181555      0.197999999    
  T    1.56899273    
  LT   0.170769736       9.94804054E-02
  TT  -0.144856989       9.94804054E-02
  sig    1.16899997E-07  0.777873218       2.72271371    
 ratio check    1.26439905       1.16899997E-07   1.47808251E-07
 xmod,eps,th    1.16899997E-07  0.777873218       5.69980717    
  
  phi bin:           8   180.000000     t_bin:            1  0.197999999    
  return eps_n_theta    9.94804054E-02  0.777873218    
  L    2.76181555      0.197999999    
  T    1.56899273    
  LT   0.170769736       9.94804054E-02
  TT  -0.144856989       9.94804054E-02
  sig    1.14762912E-07  0.777873218       3.14159274    
 ratio check    1.06686103       1.14762912E-07   1.22436077E-07
 xmod,eps,th    1.14762912E-07  0.777873218       5.69980717    
  
  phi bin:           9   204.000015     t_bin:            1  0.197999999    
  return eps_n_theta    9.94804054E-02  0.777873218    
  L    2.76181555      0.197999999    
  T    1.56899273    
  LT   0.170769736       9.94804054E-02
  TT  -0.144856989       9.94804054E-02
  sig    1.16899997E-07  0.777873218       3.56047177    
 ratio check    1.01856399       1.16899997E-07   1.19070130E-07
 xmod,eps,th    1.16899997E-07  0.777873218       5.69980717    
  
  phi bin:          10   228.000000     t_bin:            1  0.197999999    
  return eps_n_theta    9.94804054E-02  0.777873218    
  L    2.76181555      0.197999999    
  T    1.56899273    
  LT   0.170769736       9.94804054E-02
  TT  -0.144856989       9.94804054E-02
  sig    1.22311889E-07  0.777873218       3.97935081    
 ratio check    1.01665699       1.22311889E-07   1.24349242E-07
 xmod,eps,th    1.22311889E-07  0.777873218       5.69980717    
  
  phi bin:          11   252.000015     t_bin:            1  0.197999999    
  return eps_n_theta    9.94804054E-02  0.777873218    
  L    2.76181555      0.197999999    
  T    1.56899273    
  LT   0.170769736       9.94804054E-02
  TT  -0.144856989       9.94804054E-02
  sig    1.28590017E-07  0.777873218       4.39823008    
 ratio check   0.952005029       1.28590017E-07   1.22418342E-07
 xmod,eps,th    1.28590017E-07  0.777873218       5.69980717    
  
  phi bin:          12   275.999969     t_bin:            1  0.197999999    
  return eps_n_theta    9.94804054E-02  0.777873218    
  L    2.76181555      0.197999999    
  T    1.56899273    
  LT   0.170769736       9.94804054E-02
  TT  -0.144856989       9.94804054E-02
  sig    1.33307793E-07  0.777873218       4.81710863    
 ratio check    1.04865599       1.33307793E-07   1.39794011E-07
 xmod,eps,th    1.33307793E-07  0.777873218       5.69980717    
  
  phi bin:          13   300.000000     t_bin:            1  0.197999999    
  return eps_n_theta    9.94804054E-02  0.777873218    
  L    2.76181555      0.197999999    
  T    1.56899273    
  LT   0.170769736       9.94804054E-02
  TT  -0.144856989       9.94804054E-02
  sig    1.35327483E-07  0.777873218       5.23598766    
 ratio check   0.930667996       1.35327483E-07   1.25944950E-07
 xmod,eps,th    1.35327483E-07  0.777873218       5.69980717    
  
  phi bin:          14   324.000031     t_bin:            1  0.197999999    
  return eps_n_theta    9.94804054E-02  0.777873218    
  L    2.76181555      0.197999999    
  T    1.56899273    
  LT   0.170769736       9.94804054E-02
  TT  -0.144856989       9.94804054E-02
  sig    1.35210087E-07  0.777873218       5.65486717    
 ratio check    1.04171205       1.35210087E-07   1.40849977E-07
 xmod,eps,th    1.35210087E-07  0.777873218       5.69980717    
  
  phi bin:          15   347.999969     t_bin:            1  0.197999999    
  return eps_n_theta    9.94804054E-02  0.777873218    
  L    2.76181555      0.197999999    
  T    1.56899273    
  LT   0.170769736       9.94804054E-02
  TT  -0.144856989       9.94804054E-02
  sig    1.34515986E-07  0.777873218       6.07374573    
 ratio check    1.11343205       1.34515986E-07   1.49774408E-07
 xmod,eps,th    1.34515986E-07  0.777873218       5.69980717    
xsect:     2.6350    0.0005    3.7749    0.0019    9.0425    2.0000
  
  phi bin:           1   12.0000000     t_bin:            2  0.254000008    
  return eps_n_theta   0.157821685      0.779237509    
  L    1.73645890      0.254000008    
  T    1.40914845    
  LT   0.117838219       9.94804054E-02
  TT   -9.46266353E-02   9.94804054E-02
  sig    1.06715262E-07  0.779237509      0.209439516    
 ratio check   0.969035983       1.06715262E-07   1.03410926E-07
 xmod,eps,th    1.06715262E-07  0.779237509       9.04251671    
  
  phi bin:           2   36.0000000     t_bin:            2  0.254000008    
  return eps_n_theta   0.157821685      0.779237509    
  L    1.73645890      0.254000008    
  T    1.40914845    
  LT   0.186477959      0.157821685    
  TT  -0.236971483      0.157821685    
  sig    1.09287434E-07  0.779237509      0.628318548    
 ratio check   0.969025016       1.09287434E-07   1.05902259E-07
 xmod,eps,th    1.09287434E-07  0.779237509       9.04251671    
  
  phi bin:           3   60.0000000     t_bin:            2  0.254000008    
  return eps_n_theta   0.157821685      0.779237509    
  L    1.73645890      0.254000008    
  T    1.40914845    
  LT   0.186477959      0.157821685    
  TT  -0.236971483      0.157821685    
  sig    1.11262672E-07  0.779237509       1.04719758    
 ratio check   0.918676972       1.11262672E-07   1.02214457E-07
 xmod,eps,th    1.11262672E-07  0.779237509       9.04251671    
  
  phi bin:           4   84.0000000     t_bin:            2  0.254000008    
  return eps_n_theta   0.157821685      0.779237509    
  L    1.73645890      0.254000008    
  T    1.40914845    
  LT   0.186477959      0.157821685    
  TT  -0.236971483      0.157821685    
  sig    1.09986978E-07  0.779237509       1.46607661    
 ratio check    1.04466105       1.09986978E-07   1.14899109E-07
 xmod,eps,th    1.09986978E-07  0.779237509       9.04251671    
  
  phi bin:           5   108.000000     t_bin:            2  0.254000008    
  return eps_n_theta   0.157821685      0.779237509    
  L    1.73645890      0.254000008    
  T    1.40914845    
  LT   0.186477959      0.157821685    
  TT  -0.236971483      0.157821685    
  sig    1.04085444E-07  0.779237509       1.88495564    
 ratio check    1.12923396       1.04085444E-07   1.17536821E-07
 xmod,eps,th    1.04085444E-07  0.779237509       9.04251671    
  
  phi bin:           6   132.000000     t_bin:            2  0.254000008    
  return eps_n_theta   0.157821685      0.779237509    
  L    1.73645890      0.254000008    
  T    1.40914845    
  LT   0.186477959      0.157821685    
  TT  -0.236971483      0.157821685    
  sig    9.51428731E-08  0.779237509       2.30383468    
 ratio check   0.999776006       9.51428731E-08   9.51215640E-08
 xmod,eps,th    9.51428731E-08  0.779237509       9.04251671    
  
  phi bin:           7   156.000000     t_bin:            2  0.254000008    
  return eps_n_theta   0.157821685      0.779237509    
  L    1.73645890      0.254000008    
  T    1.40914845    
  LT   0.186477959      0.157821685    
  TT  -0.236971483      0.157821685    
  sig    8.70562218E-08  0.779237509       2.72271371    
 ratio check   0.823324978       8.70562218E-08   7.16755650E-08
 xmod,eps,th    8.70562218E-08  0.779237509       9.04251671    
  
  phi bin:           8   180.000000     t_bin:            2  0.254000008    
  return eps_n_theta   0.157821685      0.779237509    
  L    1.73645890      0.254000008    
  T    1.40914845    
  LT   0.186477959      0.157821685    
  TT  -0.236971483      0.157821685    
  sig    8.38052898E-08  0.779237509       3.14159274    
 ratio check   0.815780997       8.38052898E-08   6.83667594E-08
 xmod,eps,th    8.38052898E-08  0.779237509       9.04251671    
  
  phi bin:           9   204.000015     t_bin:            2  0.254000008    
  return eps_n_theta   0.157821685      0.779237509    
  L    1.73645890      0.254000008    
  T    1.40914845    
  LT   0.186477959      0.157821685    
  TT  -0.236971483      0.157821685    
  sig    8.70562218E-08  0.779237509       3.56047177    
 ratio check   0.702024996       8.70562218E-08   6.11156423E-08
 xmod,eps,th    8.70562218E-08  0.779237509       9.04251671    
  
  phi bin:          10   228.000000     t_bin:            2  0.254000008    
  return eps_n_theta   0.157821685      0.779237509    
  L    1.73645890      0.254000008    
  T    1.40914845    
  LT   0.186477959      0.157821685    
  TT  -0.236971483      0.157821685    
  sig    9.51428731E-08  0.779237509       3.97935081    
 ratio check   0.942557991       9.51428731E-08   8.96776768E-08
 xmod,eps,th    9.51428731E-08  0.779237509       9.04251671    
  
  phi bin:          11   252.000015     t_bin:            2  0.254000008    
  return eps_n_theta   0.157821685      0.779237509    
  L    1.73645890      0.254000008    
  T    1.40914845    
  LT   0.186477959      0.157821685    
  TT  -0.236971483      0.157821685    
  sig    1.04085458E-07  0.779237509       4.39823008    
 ratio check   0.977163017       1.04085458E-07   1.01708459E-07
 xmod,eps,th    1.04085458E-07  0.779237509       9.04251671    
  
  phi bin:          12   275.999969     t_bin:            2  0.254000008    
  return eps_n_theta   0.157821685      0.779237509    
  L    1.73645890      0.254000008    
  T    1.40914845    
  LT   0.186477959      0.157821685    
  TT  -0.236971483      0.157821685    
  sig    1.09986978E-07  0.779237509       4.81710863    
 ratio check   0.882764995       1.09986978E-07   9.70926521E-08
 xmod,eps,th    1.09986978E-07  0.779237509       9.04251671    
  
  phi bin:          13   300.000000     t_bin:            2  0.254000008    
  return eps_n_theta   0.157821685      0.779237509    
  L    1.73645890      0.254000008    
  T    1.40914845    
  LT   0.186477959      0.157821685    
  TT  -0.236971483      0.157821685    
  sig    1.11262672E-07  0.779237509       5.23598766    
 ratio check   0.961574018       1.11262672E-07   1.06987294E-07
 xmod,eps,th    1.11262672E-07  0.779237509       9.04251671    
  
  phi bin:          14   324.000031     t_bin:            2  0.254000008    
  return eps_n_theta   0.157821685      0.779237509    
  L    1.73645890      0.254000008    
  T    1.40914845    
  LT   0.186477959      0.157821685    
  TT  -0.236971483      0.157821685    
  sig    1.09287427E-07  0.779237509       5.65486717    
 ratio check   0.996107996       1.09287427E-07   1.08862082E-07
 xmod,eps,th    1.09287427E-07  0.779237509       9.04251671    
  
  phi bin:          15   347.999969     t_bin:            2  0.254000008    
  return eps_n_theta   0.157821685      0.779237509    
  L    1.73645890      0.254000008    
  T    1.40914845    
  LT   0.186477959      0.157821685    
  TT  -0.236971483      0.157821685    
  sig    1.07102302E-07  0.779237509       6.07374573    
 ratio check   0.951193988       1.07102302E-07   1.01875067E-07
 xmod,eps,th    1.07102302E-07  0.779237509       9.04251671    
xsect:     2.6176    0.0006    3.8460    0.0023   10.9752    3.0000
  
  phi bin:           1   12.0000000     t_bin:            3  0.291000009    
  return eps_n_theta   0.191553161      0.779772103    
  L    1.31144905      0.291000009    
  T    1.32006943    
  LT   0.147426307      0.157821685    
  TT  -0.180213496      0.157821685    
  sig    9.35390503E-08  0.779772103      0.209439516    
 ratio check   0.918823004       9.35390503E-08   8.59458282E-08
 xmod,eps,th    9.35390503E-08  0.779772103       10.9751873    
  
  phi bin:           2   36.0000000     t_bin:            3  0.291000009    
  return eps_n_theta   0.191553161      0.779772103    
  L    1.31144905      0.291000009    
  T    1.32006943    
  LT   0.178584129      0.191553161    
  TT  -0.264437497      0.191553161    
  sig    9.60203295E-08  0.779772103      0.628318548    
 ratio check    1.01290500       9.60203295E-08   9.72594734E-08
 xmod,eps,th    9.60203295E-08  0.779772103       10.9751873    
  
  phi bin:           3   60.0000000     t_bin:            3  0.291000009    
  return eps_n_theta   0.191553161      0.779772103    
  L    1.31144905      0.291000009    
  T    1.32006943    
  LT   0.178584129      0.191553161    
  TT  -0.264437497      0.191553161    
  sig    9.88738478E-08  0.779772103       1.04719758    
 ratio check    1.04035699       9.88738478E-08   1.02864099E-07
 xmod,eps,th    9.88738478E-08  0.779772103       10.9751873    
  
  phi bin:           4   84.0000000     t_bin:            3  0.291000009    
  return eps_n_theta   0.191553161      0.779772103    
  L    1.31144905      0.291000009    
  T    1.32006943    
  LT   0.178584129      0.191553161    
  TT  -0.264437497      0.191553161    
  sig    9.81471899E-08  0.779772103       1.46607661    
 ratio check   0.983928978       9.81471899E-08   9.65698632E-08
 xmod,eps,th    9.81471899E-08  0.779772103       10.9751873    
  
  phi bin:           5   108.000000     t_bin:            3  0.291000009    
  return eps_n_theta   0.191553161      0.779772103    
  L    1.31144905      0.291000009    
  T    1.32006943    
  LT   0.178584129      0.191553161    
  TT  -0.264437497      0.191553161    
  sig    9.21293406E-08  0.779772103       1.88495564    
 ratio check    1.04324603       9.21293406E-08   9.61135669E-08
 xmod,eps,th    9.21293406E-08  0.779772103       10.9751873    
  
  phi bin:           6   132.000000     t_bin:            3  0.291000009    
  return eps_n_theta   0.191553161      0.779772103    
  L    1.31144905      0.291000009    
  T    1.32006943    
  LT   0.178584129      0.191553161    
  TT  -0.264437497      0.191553161    
  sig    8.25105175E-08  0.779772103       2.30383468    
 ratio check   0.853183985       8.25105175E-08   7.03966521E-08
 xmod,eps,th    8.25105175E-08  0.779772103       10.9751873    
  
  phi bin:           7   156.000000     t_bin:            3  0.291000009    
  return eps_n_theta   0.191553161      0.779772103    
  L    1.31144905      0.291000009    
  T    1.32006943    
  LT   0.178584129      0.191553161    
  TT  -0.264437497      0.191553161    
  sig    7.36599617E-08  0.779772103       2.72271371    
 ratio check   0.911769986       7.36599617E-08   6.71609399E-08
 xmod,eps,th    7.36599617E-08  0.779772103       10.9751873    
  
  phi bin:           8   180.000000     t_bin:            3  0.291000009    
  return eps_n_theta   0.191553161      0.779772103    
  L    1.31144905      0.291000009    
  T    1.32006943    
  LT   0.178584129      0.191553161    
  TT  -0.264437497      0.191553161    
  sig    7.00797784E-08  0.779772103       3.14159274    
 ratio check   0.905239999       7.00797784E-08   6.34390176E-08
 xmod,eps,th    7.00797784E-08  0.779772103       10.9751873    
  
  phi bin:           9   204.000015     t_bin:            3  0.291000009    
  return eps_n_theta   0.191553161      0.779772103    
  L    1.31144905      0.291000009    
  T    1.32006943    
  LT   0.178584129      0.191553161    
  TT  -0.264437497      0.191553161    
  sig    7.36599617E-08  0.779772103       3.56047177    
 ratio check   0.995985985       7.36599617E-08   7.33642906E-08
 xmod,eps,th    7.36599617E-08  0.779772103       10.9751873    
  
  phi bin:          10   228.000000     t_bin:            3  0.291000009    
  return eps_n_theta   0.191553161      0.779772103    
  L    1.31144905      0.291000009    
  T    1.32006943    
  LT   0.178584129      0.191553161    
  TT  -0.264437497      0.191553161    
  sig    8.25105246E-08  0.779772103       3.97935081    
 ratio check   0.988597989       8.25105246E-08   8.15697376E-08
 xmod,eps,th    8.25105246E-08  0.779772103       10.9751873    
  
  phi bin:          11   252.000015     t_bin:            3  0.291000009    
  return eps_n_theta   0.191553161      0.779772103    
  L    1.31144905      0.291000009    
  T    1.32006943    
  LT   0.178584129      0.191553161    
  TT  -0.264437497      0.191553161    
  sig    9.21293619E-08  0.779772103       4.39823008    
 ratio check   0.941082001       9.21293619E-08   8.67012844E-08
 xmod,eps,th    9.21293619E-08  0.779772103       10.9751873    
  
  phi bin:          12   275.999969     t_bin:            3  0.291000009    
  return eps_n_theta   0.191553161      0.779772103    
  L    1.31144905      0.291000009    
  T    1.32006943    
  LT   0.178584129      0.191553161    
  TT  -0.264437497      0.191553161    
  sig    9.81471899E-08  0.779772103       4.81710863    
 ratio check   0.946740985       9.81471899E-08   9.29199686E-08
 xmod,eps,th    9.81471899E-08  0.779772103       10.9751873    
  
  phi bin:          13   300.000000     t_bin:            3  0.291000009    
  return eps_n_theta   0.191553161      0.779772103    
  L    1.31144905      0.291000009    
  T    1.32006943    
  LT   0.178584129      0.191553161    
  TT  -0.264437497      0.191553161    
  sig    9.88738478E-08  0.779772103       5.23598766    
 ratio check    1.01372898       9.88738478E-08   1.00231283E-07
 xmod,eps,th    9.88738478E-08  0.779772103       10.9751873    
  
  phi bin:          14   324.000031     t_bin:            3  0.291000009    
  return eps_n_theta   0.191553161      0.779772103    
  L    1.31144905      0.291000009    
  T    1.32006943    
  LT   0.178584129      0.191553161    
  TT  -0.264437497      0.191553161    
  sig    9.60203081E-08  0.779772103       5.65486717    
 ratio check    1.02662396       9.60203081E-08   9.85767485E-08
 xmod,eps,th    9.60203081E-08  0.779772103       10.9751873    
  
  phi bin:          15   347.999969     t_bin:            3  0.291000009    
  return eps_n_theta   0.191553161      0.779772103    
  L    1.31144905      0.291000009    
  T    1.32006943    
  LT   0.178584129      0.191553161    
  TT  -0.264437497      0.191553161    
  sig    9.31876087E-08  0.779772103       6.07374573    
 ratio check   0.997219026       9.31876087E-08   9.29284596E-08
 xmod,eps,th    9.31876087E-08  0.779772103       10.9751873    
xsect:     2.6071    0.0006    3.8866    0.0025   13.1958    4.0000
  
  phi bin:           1   12.0000000     t_bin:            4  0.333999991    
  return eps_n_theta   0.230311200      0.780205190    
  L   0.967358053      0.333999991    
  T    1.23101592    
  LT   0.137573227      0.191553161    
  TT  -0.194080055      0.191553161    
  sig    8.04192339E-08  0.780205190      0.209439516    
 ratio check    1.03475296       8.04192339E-08   8.32140401E-08
 xmod,eps,th    8.04192339E-08  0.780205190       13.1958599    
  
  phi bin:           2   36.0000000     t_bin:            4  0.333999991    
  return eps_n_theta   0.230311200      0.780205190    
  L   0.967358053      0.333999991    
  T    1.23101592    
  LT   0.164957687      0.230311200    
  TT  -0.279034704      0.230311200    
  sig    8.31054692E-08  0.780205190      0.628318548    
 ratio check    1.06707799       8.31054692E-08   8.86800180E-08
 xmod,eps,th    8.31054692E-08  0.780205190       13.1958599    
  
  phi bin:           3   60.0000000     t_bin:            4  0.333999991    
  return eps_n_theta   0.230311200      0.780205190    
  L   0.967358053      0.333999991    
  T    1.23101592    
  LT   0.164957687      0.230311200    
  TT  -0.279034704      0.230311200    
  sig    8.66444125E-08  0.780205190       1.04719758    
 ratio check    1.02334297       8.66444125E-08   8.86669511E-08
 xmod,eps,th    8.66444125E-08  0.780205190       13.1958599    
  
  phi bin:           4   84.0000000     t_bin:            4  0.333999991    
  return eps_n_theta   0.230311200      0.780205190    
  L   0.967358053      0.333999991    
  T    1.23101592    
  LT   0.164957687      0.230311200    
  TT  -0.279034704      0.230311200    
  sig    8.64645457E-08  0.780205190       1.46607661    
 ratio check    1.12639999       8.64645457E-08   9.73936665E-08
 xmod,eps,th    8.64645457E-08  0.780205190       13.1958599    
  
  phi bin:           5   108.000000     t_bin:            4  0.333999991    
  return eps_n_theta   0.230311200      0.780205190    
  L   0.967358053      0.333999991    
  T    1.23101592    
  LT   0.164957687      0.230311200    
  TT  -0.279034704      0.230311200    
  sig    8.06217670E-08  0.780205190       1.88495564    
 ratio check    1.01921594       8.06217670E-08   8.21709918E-08
 xmod,eps,th    8.06217670E-08  0.780205190       13.1958599    
  
  phi bin:           6   132.000000     t_bin:            4  0.333999991    
  return eps_n_theta   0.230311200      0.780205190    
  L   0.967358053      0.333999991    
  T    1.23101592    
  LT   0.164957687      0.230311200    
  TT  -0.279034704      0.230311200    
  sig    7.08250028E-08  0.780205190       2.30383468    
 ratio check   0.931035995       7.08250028E-08   6.59406254E-08
 xmod,eps,th    7.08250028E-08  0.780205190       13.1958599    
  
  phi bin:           7   156.000000     t_bin:            4  0.333999991    
  return eps_n_theta   0.230311200      0.780205190    
  L   0.967358053      0.333999991    
  T    1.23101592    
  LT   0.164957687      0.230311200    
  TT  -0.279034704      0.230311200    
  sig    6.16784632E-08  0.780205190       2.72271371    
 ratio check   0.902869999       6.16784632E-08   5.56876323E-08
 xmod,eps,th    6.16784632E-08  0.780205190       13.1958599    
  
  phi bin:           8   180.000000     t_bin:            4  0.333999991    
  return eps_n_theta   0.230311200      0.780205190    
  L   0.967358053      0.333999991    
  T    1.23101592    
  LT   0.164957687      0.230311200    
  TT  -0.279034704      0.230311200    
  sig    5.79596744E-08  0.780205190       3.14159274    
 ratio check   0.854637980       5.79596744E-08   4.95345382E-08
 xmod,eps,th    5.79596744E-08  0.780205190       13.1958599    
  
  phi bin:           9   204.000015     t_bin:            4  0.333999991    
  return eps_n_theta   0.230311200      0.780205190    
  L   0.967358053      0.333999991    
  T    1.23101592    
  LT   0.164957687      0.230311200    
  TT  -0.279034704      0.230311200    
  sig    6.16784632E-08  0.780205190       3.56047177    
 ratio check   0.868802011       6.16784632E-08   5.35863727E-08
 xmod,eps,th    6.16784632E-08  0.780205190       13.1958599    
  
  phi bin:          10   228.000000     t_bin:            4  0.333999991    
  return eps_n_theta   0.230311200      0.780205190    
  L   0.967358053      0.333999991    
  T    1.23101592    
  LT   0.164957687      0.230311200    
  TT  -0.279034704      0.230311200    
  sig    7.08250028E-08  0.780205190       3.97935081    
 ratio check   0.899613976       7.08250028E-08   6.37151629E-08
 xmod,eps,th    7.08250028E-08  0.780205190       13.1958599    
  
  phi bin:          11   252.000015     t_bin:            4  0.333999991    
  return eps_n_theta   0.230311200      0.780205190    
  L   0.967358053      0.333999991    
  T    1.23101592    
  LT   0.164957687      0.230311200    
  TT  -0.279034704      0.230311200    
  sig    8.06217813E-08  0.780205190       4.39823008    
 ratio check   0.919228971       8.06217813E-08   7.41098773E-08
 xmod,eps,th    8.06217813E-08  0.780205190       13.1958599    
  
  phi bin:          12   275.999969     t_bin:            4  0.333999991    
  return eps_n_theta   0.230311200      0.780205190    
  L   0.967358053      0.333999991    
  T    1.23101592    
  LT   0.164957687      0.230311200    
  TT  -0.279034704      0.230311200    
  sig    8.64645457E-08  0.780205190       4.81710863    
 ratio check   0.903026998       8.64645457E-08   7.80798217E-08
 xmod,eps,th    8.64645457E-08  0.780205190       13.1958599    
  
  phi bin:          13   300.000000     t_bin:            4  0.333999991    
  return eps_n_theta   0.230311200      0.780205190    
  L   0.967358053      0.333999991    
  T    1.23101592    
  LT   0.164957687      0.230311200    
  TT  -0.279034704      0.230311200    
  sig    8.66444125E-08  0.780205190       5.23598766    
 ratio check   0.920904994       8.66444125E-08   7.97912705E-08
 xmod,eps,th    8.66444125E-08  0.780205190       13.1958599    
  
  phi bin:          14   324.000031     t_bin:            4  0.333999991    
  return eps_n_theta   0.230311200      0.780205190    
  L   0.967358053      0.333999991    
  T    1.23101592    
  LT   0.164957687      0.230311200    
  TT  -0.279034704      0.230311200    
  sig    8.31054692E-08  0.780205190       5.65486717    
 ratio check   0.952125013       8.31054692E-08   7.91267993E-08
 xmod,eps,th    8.31054692E-08  0.780205190       13.1958599    
  
  phi bin:          15   347.999969     t_bin:            4  0.333999991    
  return eps_n_theta   0.230311200      0.780205190    
  L   0.967358053      0.333999991    
  T    1.23101592    
  LT   0.164957687      0.230311200    
  TT  -0.279034704      0.230311200    
  sig    7.98017297E-08  0.780205190       6.07374573    
 ratio check   0.978500009       7.98017297E-08   7.80859963E-08
 xmod,eps,th    7.98017297E-08  0.780205190       13.1958599    
xsect:     2.5971    0.0006    3.9316    0.0024   17.4280    5.0000
  
  phi bin:           1   12.0000000     t_bin:            5  0.429000020    
  return eps_n_theta   0.304177254      0.780258417    
  L   0.519005895      0.429000020    
  T    1.06080985    
  LT    9.41330492E-02  0.230311200    
  TT  -0.142190591      0.230311200    
  sig    5.99703469E-08  0.780258417      0.209439516    
 ratio check    1.13410795       5.99703469E-08   6.80128451E-08
 xmod,eps,th    5.99703469E-08  0.780258417       17.4280720    
  
  phi bin:           2   36.0000000     t_bin:            5  0.429000020    
  return eps_n_theta   0.304177254      0.780258417    
  L   0.519005895      0.429000020    
  T    1.06080985    
  LT   0.123504318      0.304177254    
  TT  -0.244765878      0.304177254    
  sig    6.21594225E-08  0.780258417      0.628318548    
 ratio check    1.10434306       6.21594225E-08   6.86453276E-08
 xmod,eps,th    6.21594225E-08  0.780258417       17.4280720    
  
  phi bin:           3   60.0000000     t_bin:            5  0.429000020    
  return eps_n_theta   0.304177254      0.780258417    
  L   0.519005895      0.429000020    
  T    1.06080985    
  LT   0.123504318      0.304177254    
  TT  -0.244765878      0.304177254    
  sig    6.57505765E-08  0.780258417       1.04719758    
 ratio check   0.993276000       6.57505765E-08   6.53084697E-08
 xmod,eps,th    6.57505765E-08  0.780258417       17.4280720    
  
  phi bin:           4   84.0000000     t_bin:            5  0.429000020    
  return eps_n_theta   0.304177254      0.780258417    
  L   0.519005895      0.429000020    
  T    1.06080985    
  LT   0.123504318      0.304177254    
  TT  -0.244765878      0.304177254    
  sig    6.61420287E-08  0.780258417       1.46607661    
 ratio check    1.21875203       6.61420287E-08   8.06107323E-08
 xmod,eps,th    6.61420287E-08  0.780258417       17.4280720    
  
  phi bin:           5   108.000000     t_bin:            5  0.429000020    
  return eps_n_theta   0.304177254      0.780258417    
  L   0.519005895      0.429000020    
  T    1.06080985    
  LT   0.123504318      0.304177254    
  TT  -0.244765878      0.304177254    
  sig    6.15024476E-08  0.780258417       1.88495564    
 ratio check    1.12280202       6.15024476E-08   6.90550692E-08
 xmod,eps,th    6.15024476E-08  0.780258417       17.4280720    
  
  phi bin:           6   132.000000     t_bin:            5  0.429000020    
  return eps_n_theta   0.304177254      0.780258417    
  L   0.519005895      0.429000020    
  T    1.06080985    
  LT   0.123504318      0.304177254    
  TT  -0.244765878      0.304177254    
  sig    5.32579065E-08  0.780258417       2.30383468    
 ratio check    1.29048502       5.32579065E-08   6.87285322E-08
 xmod,eps,th    5.32579065E-08  0.780258417       17.4280720    
  
  phi bin:           7   156.000000     t_bin:            5  0.429000020    
  return eps_n_theta   0.304177254      0.780258417    
  L   0.519005895      0.429000020    
  T    1.06080985    
  LT   0.123504318      0.304177254    
  TT  -0.244765878      0.304177254    
  sig    4.54324258E-08  0.780258417       2.72271371    
 ratio check    1.15123701       4.54324258E-08   5.23034913E-08
 xmod,eps,th    4.54324258E-08  0.780258417       17.4280720    
  
  phi bin:           8   180.000000     t_bin:            5  0.429000020    
  return eps_n_theta   0.304177254      0.780258417    
  L   0.519005895      0.429000020    
  T    1.06080985    
  LT   0.123504318      0.304177254    
  TT  -0.244765878      0.304177254    
  sig    4.22327133E-08  0.780258417       3.14159274    
 ratio check   0.945119023       4.22327133E-08   3.99149407E-08
 xmod,eps,th    4.22327133E-08  0.780258417       17.4280720    
  
  phi bin:           9   204.000015     t_bin:            5  0.429000020    
  return eps_n_theta   0.304177254      0.780258417    
  L   0.519005895      0.429000020    
  T    1.06080985    
  LT   0.123504318      0.304177254    
  TT  -0.244765878      0.304177254    
  sig    4.54324294E-08  0.780258417       3.56047177    
 ratio check   0.971872985       4.54324294E-08   4.41545502E-08
 xmod,eps,th    4.54324294E-08  0.780258417       17.4280720    
  
  phi bin:          10   228.000000     t_bin:            5  0.429000020    
  return eps_n_theta   0.304177254      0.780258417    
  L   0.519005895      0.429000020    
  T    1.06080985    
  LT   0.123504318      0.304177254    
  TT  -0.244765878      0.304177254    
  sig    5.32579065E-08  0.780258417       3.97935081    
 ratio check    1.19839501       5.32579065E-08   6.38240110E-08
 xmod,eps,th    5.32579065E-08  0.780258417       17.4280720    
  
  phi bin:          11   252.000015     t_bin:            5  0.429000020    
  return eps_n_theta   0.304177254      0.780258417    
  L   0.519005895      0.429000020    
  T    1.06080985    
  LT   0.123504318      0.304177254    
  TT  -0.244765878      0.304177254    
  sig    6.15024618E-08  0.780258417       4.39823008    
 ratio check    1.06565702       6.15024618E-08   6.55405330E-08
 xmod,eps,th    6.15024618E-08  0.780258417       17.4280720    
  
  phi bin:          12   275.999969     t_bin:            5  0.429000020    
  return eps_n_theta   0.304177254      0.780258417    
  L   0.519005895      0.429000020    
  T    1.06080985    
  LT   0.123504318      0.304177254    
  TT  -0.244765878      0.304177254    
  sig    6.61420287E-08  0.780258417       4.81710863    
 ratio check    1.02078795       6.61420287E-08   6.75169858E-08
 xmod,eps,th    6.61420287E-08  0.780258417       17.4280720    
  
  phi bin:          13   300.000000     t_bin:            5  0.429000020    
  return eps_n_theta   0.304177254      0.780258417    
  L   0.519005895      0.429000020    
  T    1.06080985    
  LT   0.123504318      0.304177254    
  TT  -0.244765878      0.304177254    
  sig    6.57505765E-08  0.780258417       5.23598766    
 ratio check    1.03400004       6.57505765E-08   6.79861003E-08
 xmod,eps,th    6.57505765E-08  0.780258417       17.4280720    
  
  phi bin:          14   324.000031     t_bin:            5  0.429000020    
  return eps_n_theta   0.304177254      0.780258417    
  L   0.519005895      0.429000020    
  T    1.06080985    
  LT   0.123504318      0.304177254    
  TT  -0.244765878      0.304177254    
  sig    6.21594154E-08  0.780258417       5.65486717    
 ratio check    1.01212394       6.21594154E-08   6.29130312E-08
 xmod,eps,th    6.21594154E-08  0.780258417       17.4280720    
  
  phi bin:          15   347.999969     t_bin:            5  0.429000020    
  return eps_n_theta   0.304177254      0.780258417    
  L   0.519005895      0.429000020    
  T    1.06080985    
  LT   0.123504318      0.304177254    
  TT  -0.244765878      0.304177254    
  sig    5.89735123E-08  0.780258417       6.07374573    
 ratio check    1.00127399       5.89735123E-08   5.90486451E-08
 xmod,eps,th    5.89735123E-08  0.780258417       17.4280720    
  
