 list:     1   3.85000   0.29200   0.00000   0.16000   0.50000    0    1
 tmn, tmx:    0.16000   0.50000  for kset=    1
   6395.66016       3.84999990      0.291999996    
 xsect: Eb= 6.39566   at Q2= 3.8500  eps=0.2920  pol=pi
 xsect: r_fn=averages/Q3p85_W2p62_t0p21_aver_pi_385_292.dat                                  
 xsect: kin_fn=averages/Q3p85_W2p62_t0p21_avek_385.dat                                         
 xsect: xunsep_fn =xsects/Q3p85_W2p62_t0p21_x_unsep_pi_385_292.dat
xsect:     2.6737    0.0004    3.6168    0.0016    5.6839    1.0000
  
  phi bin:           1   12.0000000     t_bin:            1  0.197999999    
  return eps_n_theta    9.92039144E-02  0.286880255    
  L    2.76151466      0.197999999    
  T    1.56889272    
  LT    0.00000000       0.00000000    
  TT   -0.00000000       0.00000000    
  sig    8.16490626E-08  0.286880255      0.209439516    
 ratio check   0.910009980       8.16490626E-08   7.43014610E-08
 xmod,eps,th    8.16490626E-08  0.286880255       5.68396568    
  
  phi bin:           2   36.0000000     t_bin:            1  0.197999999    
  return eps_n_theta    9.92039144E-02  0.286880255    
  L    2.76151466      0.197999999    
  T    1.56889272    
  LT   0.170236722       9.92039144E-02
  TT  -0.144034937       9.92039144E-02
  sig    8.52999236E-08  0.286880255      0.628318548    
 ratio check   0.870334029       8.52999236E-08   7.42394235E-08
 xmod,eps,th    8.52999236E-08  0.286880255       5.68396568    
  
  phi bin:           3   60.0000000     t_bin:            1  0.197999999    
  return eps_n_theta    9.92039144E-02  0.286880255    
  L    2.76151466      0.197999999    
  T    1.56889272    
  LT   0.170236722       9.92039144E-02
  TT  -0.144034937       9.92039144E-02
  sig    8.48927542E-08  0.286880255       1.04719758    
 ratio check   0.907492995       8.48927542E-08   7.70395800E-08
 xmod,eps,th    8.48927542E-08  0.286880255       5.68396568    
  
  phi bin:           4   84.0000000     t_bin:            1  0.197999999    
  return eps_n_theta    9.92039144E-02  0.286880255    
  L    2.76151466      0.197999999    
  T    1.56889272    
  LT   0.170236722       9.92039144E-02
  TT  -0.144034937       9.92039144E-02
  sig    8.35755003E-08  0.286880255       1.46607661    
 ratio check   0.869673014       8.35755003E-08   7.26833562E-08
 xmod,eps,th    8.35755003E-08  0.286880255       5.68396568    
  
  phi bin:           5   108.000000     t_bin:            1  0.197999999    
  return eps_n_theta    9.92039144E-02  0.286880255    
  L    2.76151466      0.197999999    
  T    1.56889272    
  LT   0.170236722       9.92039144E-02
  TT  -0.144034937       9.92039144E-02
  sig    8.12419145E-08  0.286880255       1.88495564    
 ratio check   0.952693999       8.12419145E-08   7.73986812E-08
 xmod,eps,th    8.12419145E-08  0.286880255       5.68396568    
  
  phi bin:           6   132.000000     t_bin:            1  0.197999999    
  return eps_n_theta    9.92039144E-02  0.286880255    
  L    2.76151466      0.197999999    
  T    1.56889272    
  LT   0.170236722       9.92039144E-02
  TT  -0.144034937       9.92039144E-02
  sig    7.84136347E-08  0.286880255       2.30383468    
 ratio check   0.829805017       7.84136347E-08   6.50680292E-08
 xmod,eps,th    7.84136347E-08  0.286880255       5.68396568    
  
  phi bin:           7   156.000000     t_bin:            1  0.197999999    
  return eps_n_theta    9.92039144E-02  0.286880255    
  L    2.76151466      0.197999999    
  T    1.56889272    
  LT   0.170236722       9.92039144E-02
  TT  -0.144034937       9.92039144E-02
  sig    7.60717782E-08  0.286880255       2.72271371    
 ratio check   0.897466004       7.60717782E-08   6.82718380E-08
 xmod,eps,th    7.60717782E-08  0.286880255       5.68396568    
  
  phi bin:           8   180.000000     t_bin:            1  0.197999999    
  return eps_n_theta    9.92039144E-02  0.286880255    
  L    2.76151466      0.197999999    
  T    1.56889272    
  LT   0.170236722       9.92039144E-02
  TT  -0.144034937       9.92039144E-02
  sig    7.51616653E-08  0.286880255       3.14159274    
 ratio check    1.06079900       7.51616653E-08   7.97314215E-08
 xmod,eps,th    7.51616653E-08  0.286880255       5.68396568    
  
  phi bin:           9   204.000015     t_bin:            1  0.197999999    
  return eps_n_theta    9.92039144E-02  0.286880255    
  L    2.76151466      0.197999999    
  T    1.56889272    
  LT   0.170236722       9.92039144E-02
  TT  -0.144034937       9.92039144E-02
  sig    7.60717782E-08  0.286880255       3.56047177    
 ratio check    1.14536297       7.60717782E-08   8.71297985E-08
 xmod,eps,th    7.60717782E-08  0.286880255       5.68396568    
  
  phi bin:          10   228.000000     t_bin:            1  0.197999999    
  return eps_n_theta    9.92039144E-02  0.286880255    
  L    2.76151466      0.197999999    
  T    1.56889272    
  LT   0.170236722       9.92039144E-02
  TT  -0.144034937       9.92039144E-02
  sig    7.84136347E-08  0.286880255       3.97935081    
 ratio check   0.996168971       7.84136347E-08   7.81132314E-08
 xmod,eps,th    7.84136347E-08  0.286880255       5.68396568    
  
  phi bin:          11   252.000015     t_bin:            1  0.197999999    
  return eps_n_theta    9.92039144E-02  0.286880255    
  L    2.76151466      0.197999999    
  T    1.56889272    
  LT   0.170236722       9.92039144E-02
  TT  -0.144034937       9.92039144E-02
  sig    8.12419145E-08  0.286880255       4.39823008    
 ratio check   0.958352029       8.12419145E-08   7.78583527E-08
 xmod,eps,th    8.12419145E-08  0.286880255       5.68396568    
  
  phi bin:          12   275.999969     t_bin:            1  0.197999999    
  return eps_n_theta    9.92039144E-02  0.286880255    
  L    2.76151466      0.197999999    
  T    1.56889272    
  LT   0.170236722       9.92039144E-02
  TT  -0.144034937       9.92039144E-02
  sig    8.35755003E-08  0.286880255       4.81710863    
 ratio check   0.848290026       8.35755003E-08   7.08962631E-08
 xmod,eps,th    8.35755003E-08  0.286880255       5.68396568    
  
  phi bin:          13   300.000000     t_bin:            1  0.197999999    
  return eps_n_theta    9.92039144E-02  0.286880255    
  L    2.76151466      0.197999999    
  T    1.56889272    
  LT   0.170236722       9.92039144E-02
  TT  -0.144034937       9.92039144E-02
  sig    8.48927542E-08  0.286880255       5.23598766    
 ratio check   0.798677981       8.48927542E-08   6.78019703E-08
 xmod,eps,th    8.48927542E-08  0.286880255       5.68396568    
  
  phi bin:          14   324.000031     t_bin:            1  0.197999999    
  return eps_n_theta    9.92039144E-02  0.286880255    
  L    2.76151466      0.197999999    
  T    1.56889272    
  LT   0.170236722       9.92039144E-02
  TT  -0.144034937       9.92039144E-02
  sig    8.52999236E-08  0.286880255       5.65486717    
 ratio check   0.938619018       8.52999236E-08   8.00641331E-08
 xmod,eps,th    8.52999236E-08  0.286880255       5.68396568    
  
  phi bin:          15   347.999969     t_bin:            1  0.197999999    
  return eps_n_theta    9.92039144E-02  0.286880255    
  L    2.76151466      0.197999999    
  T    1.56889272    
  LT   0.170236722       9.92039144E-02
  TT  -0.144034937       9.92039144E-02
  sig    8.52916529E-08  0.286880255       6.07374573    
 ratio check   0.922915995       8.52916529E-08   7.87170293E-08
 xmod,eps,th    8.52916529E-08  0.286880255       5.68396568    
xsect:     2.6360    0.0005    3.7711    0.0020    9.0061    2.0000
  
  phi bin:           1   12.0000000     t_bin:            2  0.253000021    
  return eps_n_theta   0.157186046      0.291400105    
  L    1.75053966      0.253000021    
  T    1.41198778    
  LT   0.118331015       9.92039144E-02
  TT   -9.48385149E-02   9.92039144E-02
  sig    7.37062109E-08  0.291400105      0.209439516    
 ratio check    1.00947595       7.37062109E-08   7.44046460E-08
 xmod,eps,th    7.37062109E-08  0.291400105       9.00609684    
  
  phi bin:           2   36.0000000     t_bin:            2  0.253000021    
  return eps_n_theta   0.157186046      0.291400105    
  L    1.75053966      0.253000021    
  T    1.41198778    
  LT   0.187027946      0.157186046    
  TT  -0.236919388      0.157186046    
  sig    7.49891882E-08  0.291400105      0.628318548    
 ratio check   0.957651019       7.49891882E-08   7.18134743E-08
 xmod,eps,th    7.49891882E-08  0.291400105       9.00609684    
  
  phi bin:           3   60.0000000     t_bin:            2  0.253000021    
  return eps_n_theta   0.157186046      0.291400105    
  L    1.75053966      0.253000021    
  T    1.41198778    
  LT   0.187027946      0.157186046    
  TT  -0.236919388      0.157186046    
  sig    7.52000346E-08  0.291400105       1.04719758    
 ratio check    1.04886794       7.52000346E-08   7.88749048E-08
 xmod,eps,th    7.52000346E-08  0.291400105       9.00609684    
  
  phi bin:           4   84.0000000     t_bin:            2  0.253000021    
  return eps_n_theta   0.157186046      0.291400105    
  L    1.75053966      0.253000021    
  T    1.41198778    
  LT   0.187027946      0.157186046    
  TT  -0.236919388      0.157186046    
  sig    7.40502557E-08  0.291400105       1.46607661    
 ratio check   0.960330009       7.40502557E-08   7.11126802E-08
 xmod,eps,th    7.40502557E-08  0.291400105       9.00609684    
  
  phi bin:           5   108.000000     t_bin:            2  0.253000021    
  return eps_n_theta   0.157186046      0.291400105    
  L    1.75053966      0.253000021    
  T    1.41198778    
  LT   0.187027946      0.157186046    
  TT  -0.236919388      0.157186046    
  sig    7.11431269E-08  0.291400105       1.88495564    
 ratio check   0.861101985       7.11431269E-08   6.12614883E-08
 xmod,eps,th    7.11431269E-08  0.291400105       9.00609684    
  
  phi bin:           6   132.000000     t_bin:            2  0.253000021    
  return eps_n_theta   0.157186046      0.291400105    
  L    1.75053966      0.253000021    
  T    1.41198778    
  LT   0.187027946      0.157186046    
  TT  -0.236919388      0.157186046    
  sig    6.71919835E-08  0.291400105       2.30383468    
 ratio check    1.10479105       6.71919835E-08   7.42330997E-08
 xmod,eps,th    6.71919835E-08  0.291400105       9.00609684    
  
  phi bin:           7   156.000000     t_bin:            2  0.253000021    
  return eps_n_theta   0.157186046      0.291400105    
  L    1.75053966      0.253000021    
  T    1.41198778    
  LT   0.187027946      0.157186046    
  TT  -0.236919388      0.157186046    
  sig    6.37573834E-08  0.291400105       2.72271371    
 ratio check   0.764312029       6.37573834E-08   4.87305343E-08
 xmod,eps,th    6.37573834E-08  0.291400105       9.00609684    
  
  phi bin:           8   180.000000     t_bin:            2  0.253000021    
  return eps_n_theta   0.157186046      0.291400105    
  L    1.75053966      0.253000021    
  T    1.41198778    
  LT   0.187027946      0.157186046    
  TT  -0.236919388      0.157186046    
  sig    6.23967296E-08  0.291400105       3.14159274    
 ratio check    1.04674900       6.23967296E-08   6.53137135E-08
 xmod,eps,th    6.23967296E-08  0.291400105       9.00609684    
  
  phi bin:           9   204.000015     t_bin:            2  0.253000021    
  return eps_n_theta   0.157186046      0.291400105    
  L    1.75053966      0.253000021    
  T    1.41198778    
  LT   0.187027946      0.157186046    
  TT  -0.236919388      0.157186046    
  sig    6.37573834E-08  0.291400105       3.56047177    
 ratio check    1.08618796       6.37573834E-08   6.92525006E-08
 xmod,eps,th    6.37573834E-08  0.291400105       9.00609684    
  
  phi bin:          10   228.000000     t_bin:            2  0.253000021    
  return eps_n_theta   0.157186046      0.291400105    
  L    1.75053966      0.253000021    
  T    1.41198778    
  LT   0.187027946      0.157186046    
  TT  -0.236919388      0.157186046    
  sig    6.71919835E-08  0.291400105       3.97935081    
 ratio check    1.01793897       6.71919835E-08   6.83973411E-08
 xmod,eps,th    6.71919835E-08  0.291400105       9.00609684    
  
  phi bin:          11   252.000015     t_bin:            2  0.253000021    
  return eps_n_theta   0.157186046      0.291400105    
  L    1.75053966      0.253000021    
  T    1.41198778    
  LT   0.187027946      0.157186046    
  TT  -0.236919388      0.157186046    
  sig    7.11431412E-08  0.291400105       4.39823008    
 ratio check   0.966898978       7.11431412E-08   6.87882320E-08
 xmod,eps,th    7.11431412E-08  0.291400105       9.00609684    
  
  phi bin:          12   275.999969     t_bin:            2  0.253000021    
  return eps_n_theta   0.157186046      0.291400105    
  L    1.75053966      0.253000021    
  T    1.41198778    
  LT   0.187027946      0.157186046    
  TT  -0.236919388      0.157186046    
  sig    7.40502557E-08  0.291400105       4.81710863    
 ratio check   0.802901983       7.40502557E-08   5.94550968E-08
 xmod,eps,th    7.40502557E-08  0.291400105       9.00609684    
  
  phi bin:          13   300.000000     t_bin:            2  0.253000021    
  return eps_n_theta   0.157186046      0.291400105    
  L    1.75053966      0.253000021    
  T    1.41198778    
  LT   0.187027946      0.157186046    
  TT  -0.236919388      0.157186046    
  sig    7.52000346E-08  0.291400105       5.23598766    
 ratio check   0.890613019       7.52000346E-08   6.69741311E-08
 xmod,eps,th    7.52000346E-08  0.291400105       9.00609684    
  
  phi bin:          14   324.000031     t_bin:            2  0.253000021    
  return eps_n_theta   0.157186046      0.291400105    
  L    1.75053966      0.253000021    
  T    1.41198778    
  LT   0.187027946      0.157186046    
  TT  -0.236919388      0.157186046    
  sig    7.49891882E-08  0.291400105       5.65486717    
 ratio check   0.987690985       7.49891882E-08   7.40661434E-08
 xmod,eps,th    7.49891882E-08  0.291400105       9.00609684    
  
  phi bin:          15   347.999969     t_bin:            2  0.253000021    
  return eps_n_theta   0.157186046      0.291400105    
  L    1.75053966      0.253000021    
  T    1.41198778    
  LT   0.187027946      0.157186046    
  TT  -0.236919388      0.157186046    
  sig    7.44617168E-08  0.291400105       6.07374573    
 ratio check   0.934789002       7.44617168E-08   6.96059956E-08
 xmod,eps,th    7.44617168E-08  0.291400105       9.00609684    
xsect:     2.6202    0.0006    3.8347    0.0023   10.9512    3.0000
  
  phi bin:           1   12.0000000     t_bin:            3  0.289000005    
  return eps_n_theta   0.191135079      0.293253005    
  L    1.33261549      0.289000005    
  T    1.32606196    
  LT   0.149037868      0.157186046    
  TT  -0.181721315      0.157186046    
  sig    6.80891787E-08  0.293253005      0.209439516    
 ratio check    1.00087202       6.80891787E-08   6.81485517E-08
 xmod,eps,th    6.80891787E-08  0.293253005       10.9512339    
  
  phi bin:           2   36.0000000     t_bin:            3  0.289000005    
  return eps_n_theta   0.191135079      0.293253005    
  L    1.33261549      0.289000005    
  T    1.32606196    
  LT   0.180869505      0.191135079    
  TT  -0.267635256      0.191135079    
  sig    6.90338240E-08  0.293253005      0.628318548    
 ratio check   0.992222011       6.90338240E-08   6.84968811E-08
 xmod,eps,th    6.90338240E-08  0.293253005       10.9512339    
  
  phi bin:           3   60.0000000     t_bin:            3  0.289000005    
  return eps_n_theta   0.191135079      0.293253005    
  L    1.33261549      0.289000005    
  T    1.32606196    
  LT   0.180869505      0.191135079    
  TT  -0.267635256      0.191135079    
  sig    6.95958775E-08  0.293253005       1.04719758    
 ratio check   0.869314015       6.95958775E-08   6.05006747E-08
 xmod,eps,th    6.95958775E-08  0.293253005       10.9512339    
  
  phi bin:           4   84.0000000     t_bin:            3  0.289000005    
  return eps_n_theta   0.191135079      0.293253005    
  L    1.33261549      0.289000005    
  T    1.32606196    
  LT   0.180869505      0.191135079    
  TT  -0.267635256      0.191135079    
  sig    6.86564192E-08  0.293253005       1.46607661    
 ratio check   0.986532986       6.86564192E-08   6.77318255E-08
 xmod,eps,th    6.86564192E-08  0.293253005       10.9512339    
  
  phi bin:           5   108.000000     t_bin:            3  0.289000005    
  return eps_n_theta   0.191135079      0.293253005    
  L    1.33261549      0.289000005    
  T    1.32606196    
  LT   0.180869505      0.191135079    
  TT  -0.267635256      0.191135079    
  sig    6.56820802E-08  0.293253005       1.88495564    
 ratio check   0.964408994       6.56820802E-08   6.33443875E-08
 xmod,eps,th    6.56820802E-08  0.293253005       10.9512339    
  
  phi bin:           6   132.000000     t_bin:            3  0.289000005    
  return eps_n_theta   0.191135079      0.293253005    
  L    1.33261549      0.289000005    
  T    1.32606196    
  LT   0.180869505      0.191135079    
  TT  -0.267635256      0.191135079    
  sig    6.14332620E-08  0.293253005       2.30383468    
 ratio check   0.989292026       6.14332620E-08   6.07754345E-08
 xmod,eps,th    6.14332620E-08  0.293253005       10.9512339    
  
  phi bin:           7   156.000000     t_bin:            3  0.289000005    
  return eps_n_theta   0.191135079      0.293253005    
  L    1.33261549      0.289000005    
  T    1.32606196    
  LT   0.180869505      0.191135079    
  TT  -0.267635256      0.191135079    
  sig    5.76698156E-08  0.293253005       2.72271371    
 ratio check   0.879593015       5.76698156E-08   5.07259657E-08
 xmod,eps,th    5.76698156E-08  0.293253005       10.9512339    
  
  phi bin:           8   180.000000     t_bin:            3  0.289000005    
  return eps_n_theta   0.191135079      0.293253005    
  L    1.33261549      0.289000005    
  T    1.32606196    
  LT   0.180869505      0.191135079    
  TT  -0.267635256      0.191135079    
  sig    5.61682967E-08  0.293253005       3.14159274    
 ratio check   0.845291018       5.61682967E-08   4.74785580E-08
 xmod,eps,th    5.61682967E-08  0.293253005       10.9512339    
  
  phi bin:           9   204.000015     t_bin:            3  0.289000005    
  return eps_n_theta   0.191135079      0.293253005    
  L    1.33261549      0.289000005    
  T    1.32606196    
  LT   0.180869505      0.191135079    
  TT  -0.267635256      0.191135079    
  sig    5.76698156E-08  0.293253005       3.56047177    
 ratio check   0.900448024       5.76698156E-08   5.19286729E-08
 xmod,eps,th    5.76698156E-08  0.293253005       10.9512339    
  
  phi bin:          10   228.000000     t_bin:            3  0.289000005    
  return eps_n_theta   0.191135079      0.293253005    
  L    1.33261549      0.289000005    
  T    1.32606196    
  LT   0.180869505      0.191135079    
  TT  -0.267635256      0.191135079    
  sig    6.14332620E-08  0.293253005       3.97935081    
 ratio check   0.878198028       6.14332620E-08   5.39505685E-08
 xmod,eps,th    6.14332620E-08  0.293253005       10.9512339    
  
  phi bin:          11   252.000015     t_bin:            3  0.289000005    
  return eps_n_theta   0.191135079      0.293253005    
  L    1.33261549      0.289000005    
  T    1.32606196    
  LT   0.180869505      0.191135079    
  TT  -0.267635256      0.191135079    
  sig    6.56820802E-08  0.293253005       4.39823008    
 ratio check   0.904156029       6.56820802E-08   5.93868492E-08
 xmod,eps,th    6.56820802E-08  0.293253005       10.9512339    
  
  phi bin:          12   275.999969     t_bin:            3  0.289000005    
  return eps_n_theta   0.191135079      0.293253005    
  L    1.33261549      0.289000005    
  T    1.32606196    
  LT   0.180869505      0.191135079    
  TT  -0.267635256      0.191135079    
  sig    6.86564192E-08  0.293253005       4.81710863    
 ratio check   0.871798992       6.86564192E-08   5.98545995E-08
 xmod,eps,th    6.86564192E-08  0.293253005       10.9512339    
  
  phi bin:          13   300.000000     t_bin:            3  0.289000005    
  return eps_n_theta   0.191135079      0.293253005    
  L    1.33261549      0.289000005    
  T    1.32606196    
  LT   0.180869505      0.191135079    
  TT  -0.267635256      0.191135079    
  sig    6.95958775E-08  0.293253005       5.23598766    
 ratio check   0.864203990       6.95958775E-08   6.01450338E-08
 xmod,eps,th    6.95958775E-08  0.293253005       10.9512339    
  
  phi bin:          14   324.000031     t_bin:            3  0.289000005    
  return eps_n_theta   0.191135079      0.293253005    
  L    1.33261549      0.289000005    
  T    1.32606196    
  LT   0.180869505      0.191135079    
  TT  -0.267635256      0.191135079    
  sig    6.90338240E-08  0.293253005       5.65486717    
 ratio check   0.797383010       6.90338240E-08   5.50463994E-08
 xmod,eps,th    6.90338240E-08  0.293253005       10.9512339    
  
  phi bin:          15   347.999969     t_bin:            3  0.289000005    
  return eps_n_theta   0.191135079      0.293253005    
  L    1.33261549      0.289000005    
  T    1.32606196    
  LT   0.180869505      0.191135079    
  TT  -0.267635256      0.191135079    
  sig    6.82447165E-08  0.293253005       6.07374573    
 ratio check   0.965914011       6.82447165E-08   6.59185275E-08
 xmod,eps,th    6.82447165E-08  0.293253005       10.9512339    
xsect:     2.6094    0.0006    3.8778    0.0025   13.1041    4.0000
  
  phi bin:           1   12.0000000     t_bin:            4  0.331000000    
  return eps_n_theta   0.228710279      0.294601947    
  L   0.988584816      0.331000000    
  T    1.23793125    
  LT   0.140068397      0.191135079    
  TT  -0.197700009      0.191135079    
  sig    6.16838420E-08  0.294601947      0.209439516    
 ratio check    1.03257406       6.16838420E-08   6.36931361E-08
 xmod,eps,th    6.16838420E-08  0.294601947       13.1041336    
  
  phi bin:           2   36.0000000     t_bin:            4  0.331000000    
  return eps_n_theta   0.228710279      0.294601947    
  L   0.988584816      0.331000000    
  T    1.23793125    
  LT   0.167163000      0.228710279    
  TT  -0.281583130      0.228710279    
  sig    6.26900061E-08  0.294601947      0.628318548    
 ratio check    1.18077695       6.26900061E-08   7.40229140E-08
 xmod,eps,th    6.26900061E-08  0.294601947       13.1041336    
  
  phi bin:           3   60.0000000     t_bin:            4  0.331000000    
  return eps_n_theta   0.228710279      0.294601947    
  L   0.988584816      0.331000000    
  T    1.23793125    
  LT   0.167163000      0.228710279    
  TT  -0.281583130      0.228710279    
  sig    6.35403552E-08  0.294601947       1.04719758    
 ratio check   0.947120011       6.35403552E-08   6.01803407E-08
 xmod,eps,th    6.35403552E-08  0.294601947       13.1041336    
  
  phi bin:           4   84.0000000     t_bin:            4  0.331000000    
  return eps_n_theta   0.228710279      0.294601947    
  L   0.988584816      0.331000000    
  T    1.23793125    
  LT   0.167163000      0.228710279    
  TT  -0.281583130      0.228710279    
  sig    6.28417069E-08  0.294601947       1.46607661    
 ratio check   0.954329014       6.28417069E-08   5.99716614E-08
 xmod,eps,th    6.28417069E-08  0.294601947       13.1041336    
  
  phi bin:           5   108.000000     t_bin:            4  0.331000000    
  return eps_n_theta   0.228710279      0.294601947    
  L   0.988584816      0.331000000    
  T    1.23793125    
  LT   0.167163000      0.228710279    
  TT  -0.281583130      0.228710279    
  sig    5.99652950E-08  0.294601947       1.88495564    
 ratio check   0.855266988       5.99652950E-08   5.12863387E-08
 xmod,eps,th    5.99652950E-08  0.294601947       13.1041336    
  
  phi bin:           6   132.000000     t_bin:            4  0.331000000    
  return eps_n_theta   0.228710279      0.294601947    
  L   0.988584816      0.331000000    
  T    1.23793125    
  LT   0.167163000      0.228710279    
  TT  -0.281583130      0.228710279    
  sig    5.56736204E-08  0.294601947       2.30383468    
 ratio check    1.00118196       5.56736204E-08   5.57394237E-08
 xmod,eps,th    5.56736204E-08  0.294601947       13.1041336    
  
  phi bin:           7   156.000000     t_bin:            4  0.331000000    
  return eps_n_theta   0.228710279      0.294601947    
  L   0.988584816      0.331000000    
  T    1.23793125    
  LT   0.167163000      0.228710279    
  TT  -0.281583130      0.228710279    
  sig    5.18131209E-08  0.294601947       2.72271371    
 ratio check   0.729790986       5.18131209E-08   3.78127503E-08
 xmod,eps,th    5.18131209E-08  0.294601947       13.1041336    
  
  phi bin:           8   180.000000     t_bin:            4  0.331000000    
  return eps_n_theta   0.228710279      0.294601947    
  L   0.988584816      0.331000000    
  T    1.23793125    
  LT   0.167163000      0.228710279    
  TT  -0.281583130      0.228710279    
  sig    5.02641200E-08  0.294601947       3.14159274    
 ratio check    1.23803103       5.02641200E-08   6.22285370E-08
 xmod,eps,th    5.02641200E-08  0.294601947       13.1041336    
  
  phi bin:           9   204.000015     t_bin:            4  0.331000000    
  return eps_n_theta   0.228710279      0.294601947    
  L   0.988584816      0.331000000    
  T    1.23793125    
  LT   0.167163000      0.228710279    
  TT  -0.281583130      0.228710279    
  sig    5.18131209E-08  0.294601947       3.56047177    
 ratio check   0.919605970       5.18131209E-08   4.76476565E-08
 xmod,eps,th    5.18131209E-08  0.294601947       13.1041336    
  
  phi bin:          10   228.000000     t_bin:            4  0.331000000    
  return eps_n_theta   0.228710279      0.294601947    
  L   0.988584816      0.331000000    
  T    1.23793125    
  LT   0.167163000      0.228710279    
  TT  -0.281583130      0.228710279    
  sig    5.56736204E-08  0.294601947       3.97935081    
 ratio check   0.994917989       5.56736204E-08   5.53906858E-08
 xmod,eps,th    5.56736204E-08  0.294601947       13.1041336    
  
  phi bin:          11   252.000015     t_bin:            4  0.331000000    
  return eps_n_theta   0.228710279      0.294601947    
  L   0.988584816      0.331000000    
  T    1.23793125    
  LT   0.167163000      0.228710279    
  TT  -0.281583130      0.228710279    
  sig    5.99652950E-08  0.294601947       4.39823008    
 ratio check   0.875849009       5.99652950E-08   5.25205444E-08
 xmod,eps,th    5.99652950E-08  0.294601947       13.1041336    
  
  phi bin:          12   275.999969     t_bin:            4  0.331000000    
  return eps_n_theta   0.228710279      0.294601947    
  L   0.988584816      0.331000000    
  T    1.23793125    
  LT   0.167163000      0.228710279    
  TT  -0.281583130      0.228710279    
  sig    6.28417069E-08  0.294601947       4.81710863    
 ratio check   0.880003989       6.28417069E-08   5.53009514E-08
 xmod,eps,th    6.28417069E-08  0.294601947       13.1041336    
  
  phi bin:          13   300.000000     t_bin:            4  0.331000000    
  return eps_n_theta   0.228710279      0.294601947    
  L   0.988584816      0.331000000    
  T    1.23793125    
  LT   0.167163000      0.228710279    
  TT  -0.281583130      0.228710279    
  sig    6.35403552E-08  0.294601947       5.23598766    
 ratio check   0.902728975       6.35403552E-08   5.73597205E-08
 xmod,eps,th    6.35403552E-08  0.294601947       13.1041336    
  
  phi bin:          14   324.000031     t_bin:            4  0.331000000    
  return eps_n_theta   0.228710279      0.294601947    
  L   0.988584816      0.331000000    
  T    1.23793125    
  LT   0.167163000      0.228710279    
  TT  -0.281583130      0.228710279    
  sig    6.26900061E-08  0.294601947       5.65486717    
 ratio check   0.872842014       6.26900061E-08   5.47184698E-08
 xmod,eps,th    6.26900061E-08  0.294601947       13.1041336    
  
  phi bin:          15   347.999969     t_bin:            4  0.331000000    
  return eps_n_theta   0.228710279      0.294601947    
  L   0.988584816      0.331000000    
  T    1.23793125    
  LT   0.167163000      0.228710279    
  TT  -0.281583130      0.228710279    
  sig    6.17059115E-08  0.294601947       6.07374573    
 ratio check    1.03087294       6.17059115E-08   6.36109547E-08
 xmod,eps,th    6.17059115E-08  0.294601947       13.1041336    
xsect:     2.6003    0.0006    3.9189    0.0024   17.4241    5.0000
  
  phi bin:           1   12.0000000     t_bin:            5  0.426999986    
  return eps_n_theta   0.304108590      0.294969141    
  L   0.526563823      0.426999986    
  T    1.06568730    
  LT    9.49457660E-02  0.228710279    
  TT  -0.142600730      0.228710279    
  sig    4.96498238E-08  0.294969141      0.209439516    
 ratio check    1.07614696       4.96498238E-08   5.34305080E-08
 xmod,eps,th    4.96498238E-08  0.294969141       17.4241390    
  
  phi bin:           2   36.0000000     t_bin:            5  0.426999986    
  return eps_n_theta   0.304108590      0.294969141    
  L   0.526563823      0.426999986    
  T    1.06568730    
  LT   0.125399739      0.304108590    
  TT  -0.248750418      0.304108590    
  sig    5.05633153E-08  0.294969141      0.628318548    
 ratio check   0.882209003       5.05633153E-08   4.46074111E-08
 xmod,eps,th    5.05633153E-08  0.294969141       17.4241390    
  
  phi bin:           3   60.0000000     t_bin:            5  0.426999986    
  return eps_n_theta   0.304108590      0.294969141    
  L   0.526563823      0.426999986    
  T    1.06568730    
  LT   0.125399739      0.304108590    
  TT  -0.248750418      0.304108590    
  sig    5.15647862E-08  0.294969141       1.04719758    
 ratio check   0.974497020       5.15647862E-08   5.02497315E-08
 xmod,eps,th    5.15647862E-08  0.294969141       17.4241390    
  
  phi bin:           4   84.0000000     t_bin:            5  0.426999986    
  return eps_n_theta   0.304108590      0.294969141    
  L   0.526563823      0.426999986    
  T    1.06568730    
  LT   0.125399739      0.304108590    
  TT  -0.248750418      0.304108590    
  sig    5.12401925E-08  0.294969141       1.46607661    
 ratio check   0.802788973       5.12401925E-08   4.11350598E-08
 xmod,eps,th    5.12401925E-08  0.294969141       17.4241390    
  
  phi bin:           5   108.000000     t_bin:            5  0.426999986    
  return eps_n_theta   0.304108590      0.294969141    
  L   0.526563823      0.426999986    
  T    1.06568730    
  LT   0.125399739      0.304108590    
  TT  -0.248750418      0.304108590    
  sig    4.89718666E-08  0.294969141       1.88495564    
 ratio check    1.08193696       4.89718666E-08   5.29844719E-08
 xmod,eps,th    4.89718666E-08  0.294969141       17.4241390    
  
  phi bin:           6   132.000000     t_bin:            5  0.426999986    
  return eps_n_theta   0.304108590      0.294969141    
  L   0.526563823      0.426999986    
  T    1.06568730    
  LT   0.125399739      0.304108590    
  TT  -0.248750418      0.304108590    
  sig    4.53903759E-08  0.294969141       2.30383468    
 ratio check    1.06024301       4.53903759E-08   4.81248286E-08
 xmod,eps,th    4.53903759E-08  0.294969141       17.4241390    
  
  phi bin:           7   156.000000     t_bin:            5  0.426999986    
  return eps_n_theta   0.304108590      0.294969141    
  L   0.526563823      0.426999986    
  T    1.06568730    
  LT   0.125399739      0.304108590    
  TT  -0.248750418      0.304108590    
  sig    4.21076862E-08  0.294969141       2.72271371    
 ratio check    1.33118701       4.21076862E-08   5.60532065E-08
 xmod,eps,th    4.21076862E-08  0.294969141       17.4241390    
  
  phi bin:           8   180.000000     t_bin:            5  0.426999986    
  return eps_n_theta   0.304108590      0.294969141    
  L   0.526563823      0.426999986    
  T    1.06568730    
  LT   0.125399739      0.304108590    
  TT  -0.248750418      0.304108590    
  sig    4.07816181E-08  0.294969141       3.14159274    
 ratio check    1.42953503       4.07816181E-08   5.82987525E-08
 xmod,eps,th    4.07816181E-08  0.294969141       17.4241390    
  
  phi bin:           9   204.000015     t_bin:            5  0.426999986    
  return eps_n_theta   0.304108590      0.294969141    
  L   0.526563823      0.426999986    
  T    1.06568730    
  LT   0.125399739      0.304108590    
  TT  -0.248750418      0.304108590    
  sig    4.21076862E-08  0.294969141       3.56047177    
 ratio check    1.33300304       4.21076862E-08   5.61296751E-08
 xmod,eps,th    4.21076862E-08  0.294969141       17.4241390    
  
  phi bin:          10   228.000000     t_bin:            5  0.426999986    
  return eps_n_theta   0.304108590      0.294969141    
  L   0.526563823      0.426999986    
  T    1.06568730    
  LT   0.125399739      0.304108590    
  TT  -0.248750418      0.304108590    
  sig    4.53903759E-08  0.294969141       3.97935081    
 ratio check    1.20044398       4.53903759E-08   5.44886021E-08
 xmod,eps,th    4.53903759E-08  0.294969141       17.4241390    
  
  phi bin:          11   252.000015     t_bin:            5  0.426999986    
  return eps_n_theta   0.304108590      0.294969141    
  L   0.526563823      0.426999986    
  T    1.06568730    
  LT   0.125399739      0.304108590    
  TT  -0.248750418      0.304108590    
  sig    4.89718737E-08  0.294969141       4.39823008    
 ratio check   0.935328007       4.89718737E-08   4.58047644E-08
 xmod,eps,th    4.89718737E-08  0.294969141       17.4241390    
  
  phi bin:          12   275.999969     t_bin:            5  0.426999986    
  return eps_n_theta   0.304108590      0.294969141    
  L   0.526563823      0.426999986    
  T    1.06568730    
  LT   0.125399739      0.304108590    
  TT  -0.248750418      0.304108590    
  sig    5.12401925E-08  0.294969141       4.81710863    
 ratio check   0.907517016       5.12401925E-08   4.65013450E-08
 xmod,eps,th    5.12401925E-08  0.294969141       17.4241390    
  
  phi bin:          13   300.000000     t_bin:            5  0.426999986    
  return eps_n_theta   0.304108590      0.294969141    
  L   0.526563823      0.426999986    
  T    1.06568730    
  LT   0.125399739      0.304108590    
  TT  -0.248750418      0.304108590    
  sig    5.15647862E-08  0.294969141       5.23598766    
 ratio check   0.882779002       5.15647862E-08   4.55203093E-08
 xmod,eps,th    5.15647862E-08  0.294969141       17.4241390    
  
  phi bin:          14   324.000031     t_bin:            5  0.426999986    
  return eps_n_theta   0.304108590      0.294969141    
  L   0.526563823      0.426999986    
  T    1.06568730    
  LT   0.125399739      0.304108590    
  TT  -0.248750418      0.304108590    
  sig    5.05633153E-08  0.294969141       5.65486717    
 ratio check   0.836332023       5.05633153E-08   4.22877200E-08
 xmod,eps,th    5.05633153E-08  0.294969141       17.4241390    
  
  phi bin:          15   347.999969     t_bin:            5  0.426999986    
  return eps_n_theta   0.304108590      0.294969141    
  L   0.526563823      0.426999986    
  T    1.06568730    
  LT   0.125399739      0.304108590    
  TT  -0.248750418      0.304108590    
  sig    4.95489516E-08  0.294969141       6.07374573    
 ratio check   0.929746985       4.95489516E-08   4.60679885E-08
 xmod,eps,th    4.95489516E-08  0.294969141       17.4241390    
  
 list:     1   3.85000   0.29200   0.00000   0.16000   0.50000    0    1
 list:     1   3.85000   0.77900   0.00000   0.16000   0.50000    0    2
 tmn, tmx:    0.16000   0.50000  for kset=    2
   6395.66016       3.84999990      0.291999996    
   10557.3018       3.84999990      0.778999984    
 xsect: Eb=10.55730   at Q2= 3.8500  eps=0.7790  pol=pi
 xsect: r_fn=averages/Q3p85_W2p62_t0p21_aver_pi_385_779.dat                                  
 xsect: kin_fn=averages/Q3p85_W2p62_t0p21_avek_385.dat                                         
 xsect: xunsep_fn =xsects/Q3p85_W2p62_t0p21_x_unsep_pi_385_779.dat
xsect:     2.6737    0.0004    3.6168    0.0016    5.6839    1.0000
  
  phi bin:           1   12.0000000     t_bin:            1  0.197999999    
  return eps_n_theta    9.92039144E-02  0.777926445    
  L    2.76151466      0.197999999    
  T    1.56889272    
  LT   0.514696121      0.304108590    
  TT   -1.31662810      0.304108590    
  sig    1.25140204E-07  0.777926445      0.209439516    
 ratio check   0.799008012       1.25140204E-07   9.99880285E-08
 xmod,eps,th    1.25140204E-07  0.777926445       5.68396568    
  
  phi bin:           2   36.0000000     t_bin:            1  0.197999999    
  return eps_n_theta    9.92039144E-02  0.777926445    
  L    2.76151466      0.197999999    
  T    1.56889272    
  LT   0.170236722       9.92039144E-02
  TT  -0.144034937       9.92039144E-02
  sig    1.35265324E-07  0.777926445      0.628318548    
 ratio check   0.852397025       1.35265324E-07   1.15299763E-07
 xmod,eps,th    1.35265324E-07  0.777926445       5.68396568    
  
  phi bin:           3   60.0000000     t_bin:            1  0.197999999    
  return eps_n_theta    9.92039144E-02  0.777926445    
  L    2.76151466      0.197999999    
  T    1.56889272    
  LT   0.170236722       9.92039144E-02
  TT  -0.144034937       9.92039144E-02
  sig    1.35374421E-07  0.777926445       1.04719758    
 ratio check   0.962590992       1.35374421E-07   1.30310198E-07
 xmod,eps,th    1.35374421E-07  0.777926445       5.68396568    
  
  phi bin:           4   84.0000000     t_bin:            1  0.197999999    
  return eps_n_theta    9.92039144E-02  0.777926445    
  L    2.76151466      0.197999999    
  T    1.56889272    
  LT   0.170236722       9.92039144E-02
  TT  -0.144034937       9.92039144E-02
  sig    1.33355044E-07  0.777926445       1.46607661    
 ratio check   0.928241014       1.33355044E-07   1.23785625E-07
 xmod,eps,th    1.33355044E-07  0.777926445       5.68396568    
  
  phi bin:           5   108.000000     t_bin:            1  0.197999999    
  return eps_n_theta    9.92039144E-02  0.777926445    
  L    2.76151466      0.197999999    
  T    1.56889272    
  LT   0.170236722       9.92039144E-02
  TT  -0.144034937       9.92039144E-02
  sig    1.28650683E-07  0.777926445       1.88495564    
 ratio check   0.979759991       1.28650683E-07   1.26046785E-07
 xmod,eps,th    1.28650683E-07  0.777926445       5.68396568    
  
  phi bin:           6   132.000000     t_bin:            1  0.197999999    
  return eps_n_theta    9.92039144E-02  0.777926445    
  L    2.76151466      0.197999999    
  T    1.56889272    
  LT   0.170236722       9.92039144E-02
  TT  -0.144034937       9.92039144E-02
  sig    1.22395107E-07  0.777926445       2.30383468    
 ratio check   0.941767991       1.22395107E-07   1.15267795E-07
 xmod,eps,th    1.22395107E-07  0.777926445       5.68396568    
  
  phi bin:           7   156.000000     t_bin:            1  0.197999999    
  return eps_n_theta    9.92039144E-02  0.777926445    
  L    2.76151466      0.197999999    
  T    1.56889272    
  LT   0.170236722       9.92039144E-02
  TT  -0.144034937       9.92039144E-02
  sig    1.17004326E-07  0.777926445       2.72271371    
 ratio check    1.07264602       1.17004326E-07   1.25504229E-07
 xmod,eps,th    1.17004326E-07  0.777926445       5.68396568    
  
  phi bin:           8   180.000000     t_bin:            1  0.197999999    
  return eps_n_theta    9.92039144E-02  0.777926445    
  L    2.76151466      0.197999999    
  T    1.56889272    
  LT   0.170236722       9.92039144E-02
  TT  -0.144034937       9.92039144E-02
  sig    1.14875824E-07  0.777926445       3.14159274    
 ratio check    1.06764102       1.14875824E-07   1.22646142E-07
 xmod,eps,th    1.14875824E-07  0.777926445       5.68396568    
  
  phi bin:           9   204.000015     t_bin:            1  0.197999999    
  return eps_n_theta    9.92039144E-02  0.777926445    
  L    2.76151466      0.197999999    
  T    1.56889272    
  LT   0.170236722       9.92039144E-02
  TT  -0.144034937       9.92039144E-02
  sig    1.17004333E-07  0.777926445       3.56047177    
 ratio check    1.09169197       1.17004333E-07   1.27732690E-07
 xmod,eps,th    1.17004333E-07  0.777926445       5.68396568    
  
  phi bin:          10   228.000000     t_bin:            1  0.197999999    
  return eps_n_theta    9.92039144E-02  0.777926445    
  L    2.76151466      0.197999999    
  T    1.56889272    
  LT   0.170236722       9.92039144E-02
  TT  -0.144034937       9.92039144E-02
  sig    1.22395122E-07  0.777926445       3.97935081    
 ratio check   0.980076015       1.22395122E-07   1.19956525E-07
 xmod,eps,th    1.22395122E-07  0.777926445       5.68396568    
  
  phi bin:          11   252.000015     t_bin:            1  0.197999999    
  return eps_n_theta    9.92039144E-02  0.777926445    
  L    2.76151466      0.197999999    
  T    1.56889272    
  LT   0.170236722       9.92039144E-02
  TT  -0.144034937       9.92039144E-02
  sig    1.28650697E-07  0.777926445       4.39823008    
 ratio check   0.985494971       1.28650697E-07   1.26784613E-07
 xmod,eps,th    1.28650697E-07  0.777926445       5.68396568    
  
  phi bin:          12   275.999969     t_bin:            1  0.197999999    
  return eps_n_theta    9.92039144E-02  0.777926445    
  L    2.76151466      0.197999999    
  T    1.56889272    
  LT   0.170236722       9.92039144E-02
  TT  -0.144034937       9.92039144E-02
  sig    1.33355044E-07  0.777926445       4.81710863    
 ratio check    1.01769698       1.33355044E-07   1.35715027E-07
 xmod,eps,th    1.33355044E-07  0.777926445       5.68396568    
  
  phi bin:          13   300.000000     t_bin:            1  0.197999999    
  return eps_n_theta    9.92039144E-02  0.777926445    
  L    2.76151466      0.197999999    
  T    1.56889272    
  LT   0.170236722       9.92039144E-02
  TT  -0.144034937       9.92039144E-02
  sig    1.35374421E-07  0.777926445       5.23598766    
 ratio check   0.895195007       1.35374421E-07   1.21186503E-07
 xmod,eps,th    1.35374421E-07  0.777926445       5.68396568    
  
  phi bin:          14   324.000031     t_bin:            1  0.197999999    
  return eps_n_theta    9.92039144E-02  0.777926445    
  L    2.76151466      0.197999999    
  T    1.56889272    
  LT   0.170236722       9.92039144E-02
  TT  -0.144034937       9.92039144E-02
  sig    1.35265324E-07  0.777926445       5.65486717    
 ratio check    1.03945100       1.35265324E-07   1.40601671E-07
 xmod,eps,th    1.35265324E-07  0.777926445       5.68396568    
  
  phi bin:          15   347.999969     t_bin:            1  0.197999999    
  return eps_n_theta    9.92039144E-02  0.777926445    
  L    2.76151466      0.197999999    
  T    1.56889272    
  LT   0.170236722       9.92039144E-02
  TT  -0.144034937       9.92039144E-02
  sig    1.34578912E-07  0.777926445       6.07374573    
 ratio check   0.892009974       1.34578912E-07   1.20045726E-07
 xmod,eps,th    1.34578912E-07  0.777926445       5.68396568    
xsect:     2.6360    0.0005    3.7711    0.0020    9.0061    2.0000
  
  phi bin:           1   12.0000000     t_bin:            2  0.253000021    
  return eps_n_theta   0.157186046      0.779193878    
  L    1.75053966      0.253000021    
  T    1.41198778    
  LT   0.118331015       9.92039144E-02
  TT   -9.48385149E-02   9.92039144E-02
  sig    1.07065539E-07  0.779193878      0.209439516    
 ratio check   0.553197026       1.07065539E-07   5.92283378E-08
 xmod,eps,th    1.07065539E-07  0.779193878       9.00609684    
  
  phi bin:           2   36.0000000     t_bin:            2  0.253000021    
  return eps_n_theta   0.157186046      0.779193878    
  L    1.75053966      0.253000021    
  T    1.41198778    
  LT   0.187027946      0.157186046    
  TT  -0.236919388      0.157186046    
  sig    1.09636993E-07  0.779193878      0.628318548    
 ratio check   0.713236988       1.09636993E-07   7.81971607E-08
 xmod,eps,th    1.09636993E-07  0.779193878       9.00609684    
  
  phi bin:           3   60.0000000     t_bin:            2  0.253000021    
  return eps_n_theta   0.157186046      0.779193878    
  L    1.75053966      0.253000021    
  T    1.41198778    
  LT   0.187027946      0.157186046    
  TT  -0.236919388      0.157186046    
  sig    1.11597060E-07  0.779193878       1.04719758    
 ratio check   0.809706986       1.11597060E-07   9.03609205E-08
 xmod,eps,th    1.11597060E-07  0.779193878       9.00609684    
  
  phi bin:           4   84.0000000     t_bin:            2  0.253000021    
  return eps_n_theta   0.157186046      0.779193878    
  L    1.75053966      0.253000021    
  T    1.41198778    
  LT   0.187027946      0.157186046    
  TT  -0.236919388      0.157186046    
  sig    1.10309436E-07  0.779193878       1.46607661    
 ratio check   0.772691011       1.10309436E-07   8.52351079E-08
 xmod,eps,th    1.10309436E-07  0.779193878       9.00609684    
  
  phi bin:           5   108.000000     t_bin:            2  0.253000021    
  return eps_n_theta   0.157186046      0.779193878    
  L    1.75053966      0.253000021    
  T    1.41198778    
  LT   0.187027946      0.157186046    
  TT  -0.236919388      0.157186046    
  sig    1.04404428E-07  0.779193878       1.88495564    
 ratio check   0.932672977       1.04404428E-07   9.73751924E-08
 xmod,eps,th    1.04404428E-07  0.779193878       9.00609684    
  
  phi bin:           6   132.000000     t_bin:            2  0.253000021    
  return eps_n_theta   0.157186046      0.779193878    
  L    1.75053966      0.253000021    
  T    1.41198778    
  LT   0.187027946      0.157186046    
  TT  -0.236919388      0.157186046    
  sig    9.54662980E-08  0.779193878       2.30383468    
 ratio check   0.916710019       9.54662980E-08   8.75149127E-08
 xmod,eps,th    9.54662980E-08  0.779193878       9.00609684    
  
  phi bin:           7   156.000000     t_bin:            2  0.253000021    
  return eps_n_theta   0.157186046      0.779193878    
  L    1.75053966      0.253000021    
  T    1.41198778    
  LT   0.187027946      0.157186046    
  TT  -0.236919388      0.157186046    
  sig    8.73866455E-08  0.779193878       2.72271371    
 ratio check   0.992417991       8.73866455E-08   8.67240786E-08
 xmod,eps,th    8.73866455E-08  0.779193878       9.00609684    
  
  phi bin:           8   180.000000     t_bin:            2  0.253000021    
  return eps_n_theta   0.157186046      0.779193878    
  L    1.75053966      0.253000021    
  T    1.41198778    
  LT   0.187027946      0.157186046    
  TT  -0.236919388      0.157186046    
  sig    8.41389678E-08  0.779193878       3.14159274    
 ratio check   0.863680005       8.41389678E-08   7.26691454E-08
 xmod,eps,th    8.41389678E-08  0.779193878       9.00609684    
  
  phi bin:           9   204.000015     t_bin:            2  0.253000021    
  return eps_n_theta   0.157186046      0.779193878    
  L    1.75053966      0.253000021    
  T    1.41198778    
  LT   0.187027946      0.157186046    
  TT  -0.236919388      0.157186046    
  sig    8.73866455E-08  0.779193878       3.56047177    
 ratio check   0.860228002       8.73866455E-08   7.51724372E-08
 xmod,eps,th    8.73866455E-08  0.779193878       9.00609684    
  
  phi bin:          10   228.000000     t_bin:            2  0.253000021    
  return eps_n_theta   0.157186046      0.779193878    
  L    1.75053966      0.253000021    
  T    1.41198778    
  LT   0.187027946      0.157186046    
  TT  -0.236919388      0.157186046    
  sig    9.54662980E-08  0.779193878       3.97935081    
 ratio check   0.848213017       9.54662980E-08   8.09757594E-08
 xmod,eps,th    9.54662980E-08  0.779193878       9.00609684    
  
  phi bin:          11   252.000015     t_bin:            2  0.253000021    
  return eps_n_theta   0.157186046      0.779193878    
  L    1.75053966      0.253000021    
  T    1.41198778    
  LT   0.187027946      0.157186046    
  TT  -0.236919388      0.157186046    
  sig    1.04404450E-07  0.779193878       4.39823008    
 ratio check   0.937411010       1.04404450E-07   9.78698793E-08
 xmod,eps,th    1.04404450E-07  0.779193878       9.00609684    
  
  phi bin:          12   275.999969     t_bin:            2  0.253000021    
  return eps_n_theta   0.157186046      0.779193878    
  L    1.75053966      0.253000021    
  T    1.41198778    
  LT   0.187027946      0.157186046    
  TT  -0.236919388      0.157186046    
  sig    1.10309436E-07  0.779193878       4.81710863    
 ratio check   0.881926000       1.10309436E-07   9.72847616E-08
 xmod,eps,th    1.10309436E-07  0.779193878       9.00609684    
  
  phi bin:          13   300.000000     t_bin:            2  0.253000021    
  return eps_n_theta   0.157186046      0.779193878    
  L    1.75053966      0.253000021    
  T    1.41198778    
  LT   0.187027946      0.157186046    
  TT  -0.236919388      0.157186046    
  sig    1.11597060E-07  0.779193878       5.23598766    
 ratio check   0.927531004       1.11597060E-07   1.03509734E-07
 xmod,eps,th    1.11597060E-07  0.779193878       9.00609684    
  
  phi bin:          14   324.000031     t_bin:            2  0.253000021    
  return eps_n_theta   0.157186046      0.779193878    
  L    1.75053966      0.253000021    
  T    1.41198778    
  LT   0.187027946      0.157186046    
  TT  -0.236919388      0.157186046    
  sig    1.09636993E-07  0.779193878       5.65486717    
 ratio check   0.730692029       1.09636993E-07   8.01108797E-08
 xmod,eps,th    1.09636993E-07  0.779193878       9.00609684    
  
  phi bin:          15   347.999969     t_bin:            2  0.253000021    
  return eps_n_theta   0.157186046      0.779193878    
  L    1.75053966      0.253000021    
  T    1.41198778    
  LT   0.187027946      0.157186046    
  TT  -0.236919388      0.157186046    
  sig    1.07462334E-07  0.779193878       6.07374573    
 ratio check   0.667237997       1.07462334E-07   7.17029494E-08
 xmod,eps,th    1.07462334E-07  0.779193878       9.00609684    
xsect:     2.6202    0.0006    3.8347    0.0023   10.9512    3.0000
  
  phi bin:           1   12.0000000     t_bin:            3  0.289000005    
  return eps_n_theta   0.191135079      0.779712677    
  L    1.33261549      0.289000005    
  T    1.32606196    
  LT   0.149037868      0.157186046    
  TT  -0.181721315      0.157186046    
  sig    9.40105664E-08  0.779712677      0.209439516    
 ratio check   0.799028993       9.40105664E-08   7.51171711E-08
 xmod,eps,th    9.40105664E-08  0.779712677       10.9512339    
  
  phi bin:           2   36.0000000     t_bin:            3  0.289000005    
  return eps_n_theta   0.191135079      0.779712677    
  L    1.33261549      0.289000005    
  T    1.32606196    
  LT   0.180869505      0.191135079    
  TT  -0.267635256      0.191135079    
  sig    9.65087779E-08  0.779712677      0.628318548    
 ratio check   0.819974005       9.65087779E-08   7.91346864E-08
 xmod,eps,th    9.65087779E-08  0.779712677       10.9512339    
  
  phi bin:           3   60.0000000     t_bin:            3  0.289000005    
  return eps_n_theta   0.191135079      0.779712677    
  L    1.33261549      0.289000005    
  T    1.32606196    
  LT   0.180869505      0.191135079    
  TT  -0.267635256      0.191135079    
  sig    9.93805500E-08  0.779712677       1.04719758    
 ratio check   0.866358995       9.93805500E-08   8.60992344E-08
 xmod,eps,th    9.93805500E-08  0.779712677       10.9512339    
  
  phi bin:           4   84.0000000     t_bin:            3  0.289000005    
  return eps_n_theta   0.191135079      0.779712677    
  L    1.33261549      0.289000005    
  T    1.32606196    
  LT   0.180869505      0.191135079    
  TT  -0.267635256      0.191135079    
  sig    9.86453514E-08  0.779712677       1.46607661    
 ratio check   0.836435974       9.86453514E-08   8.25105175E-08
 xmod,eps,th    9.86453514E-08  0.779712677       10.9512339    
  
  phi bin:           5   108.000000     t_bin:            3  0.289000005    
  return eps_n_theta   0.191135079      0.779712677    
  L    1.33261549      0.289000005    
  T    1.32606196    
  LT   0.180869505      0.191135079    
  TT  -0.267635256      0.191135079    
  sig    9.25803079E-08  0.779712677       1.88495564    
 ratio check   0.875249028       9.25803079E-08   8.10308265E-08
 xmod,eps,th    9.25803079E-08  0.779712677       10.9512339    
  
  phi bin:           6   132.000000     t_bin:            3  0.289000005    
  return eps_n_theta   0.191135079      0.779712677    
  L    1.33261549      0.289000005    
  T    1.32606196    
  LT   0.180869505      0.191135079    
  TT  -0.267635256      0.191135079    
  sig    8.28884978E-08  0.779712677       2.30383468    
 ratio check   0.966974020       8.28884978E-08   8.01510254E-08
 xmod,eps,th    8.28884978E-08  0.779712677       10.9512339    
  
  phi bin:           7   156.000000     t_bin:            3  0.289000005    
  return eps_n_theta   0.191135079      0.779712677    
  L    1.33261549      0.289000005    
  T    1.32606196    
  LT   0.180869505      0.191135079    
  TT  -0.267635256      0.191135079    
  sig    7.39714778E-08  0.779712677       2.72271371    
 ratio check    1.00544703       7.39714778E-08   7.43744053E-08
 xmod,eps,th    7.39714778E-08  0.779712677       10.9512339    
  
  phi bin:           8   180.000000     t_bin:            3  0.289000005    
  return eps_n_theta   0.191135079      0.779712677    
  L    1.33261549      0.289000005    
  T    1.32606196    
  LT   0.180869505      0.191135079    
  TT  -0.267635256      0.191135079    
  sig    7.03645213E-08  0.779712677       3.14159274    
 ratio check   0.885086000       7.03645213E-08   6.22786516E-08
 xmod,eps,th    7.03645213E-08  0.779712677       10.9512339    
  
  phi bin:           9   204.000015     t_bin:            3  0.289000005    
  return eps_n_theta   0.191135079      0.779712677    
  L    1.33261549      0.289000005    
  T    1.32606196    
  LT   0.180869505      0.191135079    
  TT  -0.267635256      0.191135079    
  sig    7.39714778E-08  0.779712677       3.56047177    
 ratio check   0.876079023       7.39714778E-08   6.48048584E-08
 xmod,eps,th    7.39714778E-08  0.779712677       10.9512339    
  
  phi bin:          10   228.000000     t_bin:            3  0.289000005    
  return eps_n_theta   0.191135079      0.779712677    
  L    1.33261549      0.289000005    
  T    1.32606196    
  LT   0.180869505      0.191135079    
  TT  -0.267635256      0.191135079    
  sig    8.28884978E-08  0.779712677       3.97935081    
 ratio check   0.913039982       8.28884978E-08   7.56805107E-08
 xmod,eps,th    8.28884978E-08  0.779712677       10.9512339    
  
  phi bin:          11   252.000015     t_bin:            3  0.289000005    
  return eps_n_theta   0.191135079      0.779712677    
  L    1.33261549      0.289000005    
  T    1.32606196    
  LT   0.180869505      0.191135079    
  TT  -0.267635256      0.191135079    
  sig    9.25803150E-08  0.779712677       4.39823008    
 ratio check   0.879478991       9.25803150E-08   8.14224421E-08
 xmod,eps,th    9.25803150E-08  0.779712677       10.9512339    
  
  phi bin:          12   275.999969     t_bin:            3  0.289000005    
  return eps_n_theta   0.191135079      0.779712677    
  L    1.33261549      0.289000005    
  T    1.32606196    
  LT   0.180869505      0.191135079    
  TT  -0.267635256      0.191135079    
  sig    9.86453514E-08  0.779712677       4.81710863    
 ratio check   0.928757012       9.86453514E-08   9.16175651E-08
 xmod,eps,th    9.86453514E-08  0.779712677       10.9512339    
  
  phi bin:          13   300.000000     t_bin:            3  0.289000005    
  return eps_n_theta   0.191135079      0.779712677    
  L    1.33261549      0.289000005    
  T    1.32606196    
  LT   0.180869505      0.191135079    
  TT  -0.267635256      0.191135079    
  sig    9.93805500E-08  0.779712677       5.23598766    
 ratio check   0.796262026       9.93805500E-08   7.91329597E-08
 xmod,eps,th    9.93805500E-08  0.779712677       10.9512339    
  
  phi bin:          14   324.000031     t_bin:            3  0.289000005    
  return eps_n_theta   0.191135079      0.779712677    
  L    1.33261549      0.289000005    
  T    1.32606196    
  LT   0.180869505      0.191135079    
  TT  -0.267635256      0.191135079    
  sig    9.65087850E-08  0.779712677       5.65486717    
 ratio check   0.671492994       9.65087850E-08   6.48049721E-08
 xmod,eps,th    9.65087850E-08  0.779712677       10.9512339    
  
  phi bin:          15   347.999969     t_bin:            3  0.289000005    
  return eps_n_theta   0.191135079      0.779712677    
  L    1.33261549      0.289000005    
  T    1.32606196    
  LT   0.180869505      0.191135079    
  TT  -0.267635256      0.191135079    
  sig    9.36568298E-08  0.779712677       6.07374573    
 ratio check   0.817041993       9.36568298E-08   7.65215660E-08
 xmod,eps,th    9.36568298E-08  0.779712677       10.9512339    
xsect:     2.6094    0.0006    3.8778    0.0025   13.1041    4.0000
  
  phi bin:           1   12.0000000     t_bin:            4  0.331000000    
  return eps_n_theta   0.228710279      0.780094862    
  L   0.988584816      0.331000000    
  T    1.23793125    
  LT   0.140068397      0.191135079    
  TT  -0.197700009      0.191135079    
  sig    8.10490306E-08  0.780094862      0.209439516    
 ratio check   0.642042994       8.10490306E-08   5.20369632E-08
 xmod,eps,th    8.10490306E-08  0.780094862       13.1041336    
  
  phi bin:           2   36.0000000     t_bin:            4  0.331000000    
  return eps_n_theta   0.228710279      0.780094862    
  L   0.988584816      0.331000000    
  T    1.23793125    
  LT   0.167163000      0.228710279    
  TT  -0.281583130      0.228710279    
  sig    8.37575200E-08  0.780094862      0.628318548    
 ratio check   0.738409996       8.37575200E-08   6.18473877E-08
 xmod,eps,th    8.37575200E-08  0.780094862       13.1041336    
  
  phi bin:           3   60.0000000     t_bin:            4  0.331000000    
  return eps_n_theta   0.228710279      0.780094862    
  L   0.988584816      0.331000000    
  T    1.23793125    
  LT   0.167163000      0.228710279    
  TT  -0.281583130      0.228710279    
  sig    8.72995400E-08  0.780094862       1.04719758    
 ratio check   0.797052979       8.72995400E-08   6.95823559E-08
 xmod,eps,th    8.72995400E-08  0.780094862       13.1041336    
  
  phi bin:           4   84.0000000     t_bin:            4  0.331000000    
  return eps_n_theta   0.228710279      0.780094862    
  L   0.988584816      0.331000000    
  T    1.23793125    
  LT   0.167163000      0.228710279    
  TT  -0.281583130      0.228710279    
  sig    8.71008297E-08  0.780094862       1.46607661    
 ratio check   0.816428006       8.71008297E-08   7.11115575E-08
 xmod,eps,th    8.71008297E-08  0.780094862       13.1041336    
  
  phi bin:           5   108.000000     t_bin:            4  0.331000000    
  return eps_n_theta   0.228710279      0.780094862    
  L   0.988584816      0.331000000    
  T    1.23793125    
  LT   0.167163000      0.228710279    
  TT  -0.281583130      0.228710279    
  sig    8.12109846E-08  0.780094862       1.88495564    
 ratio check   0.898503006       8.12109846E-08   7.29683123E-08
 xmod,eps,th    8.12109846E-08  0.780094862       13.1041336    
  
  phi bin:           6   132.000000     t_bin:            4  0.331000000    
  return eps_n_theta   0.228710279      0.780094862    
  L   0.988584816      0.331000000    
  T    1.23793125    
  LT   0.167163000      0.228710279    
  TT  -0.281583130      0.228710279    
  sig    7.13504633E-08  0.780094862       2.30383468    
 ratio check   0.851593018       7.13504633E-08   6.07615576E-08
 xmod,eps,th    7.13504633E-08  0.780094862       13.1041336    
  
  phi bin:           7   156.000000     t_bin:            4  0.331000000    
  return eps_n_theta   0.228710279      0.780094862    
  L   0.988584816      0.331000000    
  T    1.23793125    
  LT   0.167163000      0.228710279    
  TT  -0.281583130      0.228710279    
  sig    6.21485654E-08  0.780094862       2.72271371    
 ratio check   0.871169984       6.21485654E-08   5.41419638E-08
 xmod,eps,th    6.21485654E-08  0.780094862       13.1041336    
  
  phi bin:           8   180.000000     t_bin:            4  0.331000000    
  return eps_n_theta   0.228710279      0.780094862    
  L   0.988584816      0.331000000    
  T    1.23793125    
  LT   0.167163000      0.228710279    
  TT  -0.281583130      0.228710279    
  sig    5.84078492E-08  0.780094862       3.14159274    
 ratio check   0.946774006       5.84078492E-08   5.52990329E-08
 xmod,eps,th    5.84078492E-08  0.780094862       13.1041336    
  
  phi bin:           9   204.000015     t_bin:            4  0.331000000    
  return eps_n_theta   0.228710279      0.780094862    
  L   0.988584816      0.331000000    
  T    1.23793125    
  LT   0.167163000      0.228710279    
  TT  -0.281583130      0.228710279    
  sig    6.21485654E-08  0.780094862       3.56047177    
 ratio check   0.925832987       6.21485654E-08   5.75391930E-08
 xmod,eps,th    6.21485654E-08  0.780094862       13.1041336    
  
  phi bin:          10   228.000000     t_bin:            4  0.331000000    
  return eps_n_theta   0.228710279      0.780094862    
  L   0.988584816      0.331000000    
  T    1.23793125    
  LT   0.167163000      0.228710279    
  TT  -0.281583130      0.228710279    
  sig    7.13504633E-08  0.780094862       3.97935081    
 ratio check   0.980500996       7.13504633E-08   6.99591993E-08
 xmod,eps,th    7.13504633E-08  0.780094862       13.1041336    
  
  phi bin:          11   252.000015     t_bin:            4  0.331000000    
  return eps_n_theta   0.228710279      0.780094862    
  L   0.988584816      0.331000000    
  T    1.23793125    
  LT   0.167163000      0.228710279    
  TT  -0.281583130      0.228710279    
  sig    8.12109917E-08  0.780094862       4.39823008    
 ratio check    1.01491201       8.12109917E-08   8.24220123E-08
 xmod,eps,th    8.12109917E-08  0.780094862       13.1041336    
  
  phi bin:          12   275.999969     t_bin:            4  0.331000000    
  return eps_n_theta   0.228710279      0.780094862    
  L   0.988584816      0.331000000    
  T    1.23793125    
  LT   0.167163000      0.228710279    
  TT  -0.281583130      0.228710279    
  sig    8.71008297E-08  0.780094862       4.81710863    
 ratio check   0.958720028       8.71008297E-08   8.35053129E-08
 xmod,eps,th    8.71008297E-08  0.780094862       13.1041336    
  
  phi bin:          13   300.000000     t_bin:            4  0.331000000    
  return eps_n_theta   0.228710279      0.780094862    
  L   0.988584816      0.331000000    
  T    1.23793125    
  LT   0.167163000      0.228710279    
  TT  -0.281583130      0.228710279    
  sig    8.72995400E-08  0.780094862       5.23598766    
 ratio check   0.809539020       8.72995400E-08   7.06723853E-08
 xmod,eps,th    8.72995400E-08  0.780094862       13.1041336    
  
  phi bin:          14   324.000031     t_bin:            4  0.331000000    
  return eps_n_theta   0.228710279      0.780094862    
  L   0.988584816      0.331000000    
  T    1.23793125    
  LT   0.167163000      0.228710279    
  TT  -0.281583130      0.228710279    
  sig    8.37575200E-08  0.780094862       5.65486717    
 ratio check   0.787899017       8.37575200E-08   6.59924666E-08
 xmod,eps,th    8.37575200E-08  0.780094862       13.1041336    
  
  phi bin:          15   347.999969     t_bin:            4  0.331000000    
  return eps_n_theta   0.228710279      0.780094862    
  L   0.988584816      0.331000000    
  T    1.23793125    
  LT   0.167163000      0.228710279    
  TT  -0.281583130      0.228710279    
  sig    8.04454814E-08  0.780094862       6.07374573    
 ratio check   0.755199015       8.04454814E-08   6.07523489E-08
 xmod,eps,th    8.04454814E-08  0.780094862       13.1041336    
xsect:     2.6003    0.0006    3.9189    0.0024   17.4241    5.0000
  
  phi bin:           1   12.0000000     t_bin:            5  0.426999986    
  return eps_n_theta   0.304108590      0.780156434    
  L   0.526563823      0.426999986    
  T    1.06568730    
  LT    9.49457660E-02  0.228710279    
  TT  -0.142600730      0.228710279    
  sig    6.00956938E-08  0.780156434      0.209439516    
 ratio check   0.619601011       6.00956938E-08   3.72353526E-08
 xmod,eps,th    6.00956938E-08  0.780156434       17.4241390    
  
  phi bin:           2   36.0000000     t_bin:            5  0.426999986    
  return eps_n_theta   0.304108590      0.780156434    
  L   0.526563823      0.426999986    
  T    1.06568730    
  LT   0.125399739      0.304108590    
  TT  -0.248750418      0.304108590    
  sig    6.22943190E-08  0.780156434      0.628318548    
 ratio check   0.767920971       6.22943190E-08   4.78371156E-08
 xmod,eps,th    6.22943190E-08  0.780156434       17.4241390    
  
  phi bin:           3   60.0000000     t_bin:            5  0.426999986    
  return eps_n_theta   0.304108590      0.780156434    
  L   0.526563823      0.426999986    
  T    1.06568730    
  LT   0.125399739      0.304108590    
  TT  -0.248750418      0.304108590    
  sig    6.59252350E-08  0.780156434       1.04719758    
 ratio check   0.850961030       6.59252350E-08   5.60998075E-08
 xmod,eps,th    6.59252350E-08  0.780156434       17.4241390    
  
  phi bin:           4   84.0000000     t_bin:            5  0.426999986    
  return eps_n_theta   0.304108590      0.780156434    
  L   0.526563823      0.426999986    
  T    1.06568730    
  LT   0.125399739      0.304108590    
  TT  -0.248750418      0.304108590    
  sig    6.63236293E-08  0.780156434       1.46607661    
 ratio check   0.938404024       6.63236293E-08   6.22383638E-08
 xmod,eps,th    6.63236293E-08  0.780156434       17.4241390    
  
  phi bin:           5   108.000000     t_bin:            5  0.426999986    
  return eps_n_theta   0.304108590      0.780156434    
  L   0.526563823      0.426999986    
  T    1.06568730    
  LT   0.125399739      0.304108590    
  TT  -0.248750418      0.304108590    
  sig    6.16385805E-08  0.780156434       1.88495564    
 ratio check   0.956012011       6.16385805E-08   5.89272240E-08
 xmod,eps,th    6.16385805E-08  0.780156434       17.4241390    
  
  phi bin:           6   132.000000     t_bin:            5  0.426999986    
  return eps_n_theta   0.304108590      0.780156434    
  L   0.526563823      0.426999986    
  T    1.06568730    
  LT   0.125399739      0.304108590    
  TT  -0.248750418      0.304108590    
  sig    5.33105151E-08  0.780156434       2.30383468    
 ratio check    1.03415406       5.33105151E-08   5.51312844E-08
 xmod,eps,th    5.33105151E-08  0.780156434       17.4241390    
  
  phi bin:           7   156.000000     t_bin:            5  0.426999986    
  return eps_n_theta   0.304108590      0.780156434    
  L   0.526563823      0.426999986    
  T    1.06568730    
  LT   0.125399739      0.304108590    
  TT  -0.248750418      0.304108590    
  sig    4.54050486E-08  0.780156434       2.72271371    
 ratio check   0.937528014       4.54050486E-08   4.25685052E-08
 xmod,eps,th    4.54050486E-08  0.780156434       17.4241390    
  
  phi bin:           8   180.000000     t_bin:            5  0.426999986    
  return eps_n_theta   0.304108590      0.780156434    
  L   0.526563823      0.426999986    
  T    1.06568730    
  LT   0.125399739      0.304108590    
  TT  -0.248750418      0.304108590    
  sig    4.21725339E-08  0.780156434       3.14159274    
 ratio check   0.975655019       4.21725339E-08   4.11458458E-08
 xmod,eps,th    4.21725339E-08  0.780156434       17.4241390    
  
  phi bin:           9   204.000015     t_bin:            5  0.426999986    
  return eps_n_theta   0.304108590      0.780156434    
  L   0.526563823      0.426999986    
  T    1.06568730    
  LT   0.125399739      0.304108590    
  TT  -0.248750418      0.304108590    
  sig    4.54050486E-08  0.780156434       3.56047177    
 ratio check    1.08216798       4.54050486E-08   4.91358882E-08
 xmod,eps,th    4.54050486E-08  0.780156434       17.4241390    
  
  phi bin:          10   228.000000     t_bin:            5  0.426999986    
  return eps_n_theta   0.304108590      0.780156434    
  L   0.526563823      0.426999986    
  T    1.06568730    
  LT   0.125399739      0.304108590    
  TT  -0.248750418      0.304108590    
  sig    5.33105151E-08  0.780156434       3.97935081    
 ratio check   0.953592002       5.33105151E-08   5.08364799E-08
 xmod,eps,th    5.33105151E-08  0.780156434       17.4241390    
  
  phi bin:          11   252.000015     t_bin:            5  0.426999986    
  return eps_n_theta   0.304108590      0.780156434    
  L   0.526563823      0.426999986    
  T    1.06568730    
  LT   0.125399739      0.304108590    
  TT  -0.248750418      0.304108590    
  sig    6.16385876E-08  0.780156434       4.39823008    
 ratio check   0.988758028       6.16385876E-08   6.09456450E-08
 xmod,eps,th    6.16385876E-08  0.780156434       17.4241390    
  
  phi bin:          12   275.999969     t_bin:            5  0.426999986    
  return eps_n_theta   0.304108590      0.780156434    
  L   0.526563823      0.426999986    
  T    1.06568730    
  LT   0.125399739      0.304108590    
  TT  -0.248750418      0.304108590    
  sig    6.63236293E-08  0.780156434       4.81710863    
 ratio check   0.960797012       6.63236293E-08   6.37235473E-08
 xmod,eps,th    6.63236293E-08  0.780156434       17.4241390    
  
  phi bin:          13   300.000000     t_bin:            5  0.426999986    
  return eps_n_theta   0.304108590      0.780156434    
  L   0.526563823      0.426999986    
  T    1.06568730    
  LT   0.125399739      0.304108590    
  TT  -0.248750418      0.304108590    
  sig    6.59252350E-08  0.780156434       5.23598766    
 ratio check   0.834233999       6.59252350E-08   5.49970736E-08
 xmod,eps,th    6.59252350E-08  0.780156434       17.4241390    
  
  phi bin:          14   324.000031     t_bin:            5  0.426999986    
  return eps_n_theta   0.304108590      0.780156434    
  L   0.526563823      0.426999986    
  T    1.06568730    
  LT   0.125399739      0.304108590    
  TT  -0.248750418      0.304108590    
  sig    6.22943119E-08  0.780156434       5.65486717    
 ratio check   0.850638986       6.22943119E-08   5.29899715E-08
 xmod,eps,th    6.22943119E-08  0.780156434       17.4241390    
  
  phi bin:          15   347.999969     t_bin:            5  0.426999986    
  return eps_n_theta   0.304108590      0.780156434    
  L   0.526563823      0.426999986    
  T    1.06568730    
  LT   0.125399739      0.304108590    
  TT  -0.248750418      0.304108590    
  sig    5.90739049E-08  0.780156434       6.07374573    
 ratio check   0.756847978       5.90739049E-08   4.47099637E-08
 xmod,eps,th    5.90739049E-08  0.780156434       17.4241390    
  
