 list:     1   3.85000   0.29200   0.00000   0.16000   0.50000    0    1
 tmn, tmx:    0.16000   0.50000  for kset=    1
   6395.66016       3.84999990      0.291999996    
 xsect: Eb= 6.39566   at Q2= 3.8500  eps=0.2920  pol=pi
 xsect: r_fn=averages/Q3p85_W2p62_t0p21_aver_pi_385_292.dat                                  
 xsect: kin_fn=averages/Q3p85_W2p62_t0p21_avek_385.dat                                         
 xsect: xunsep_fn =xsects/Q3p85_W2p62_t0p21_x_unsep_pi_385_292.dat
xsect:     2.6741    0.0004    3.6161    0.0016    5.6998    1.0000
 xmodel: p_fn=fit_params/iter05/par.pl_385                                                    
 xmodel:     10.1625     7.5050   1
 xmodel:      0.1855     0.0618   2
 xmodel:     -3.9140     0.6110   3
 xmodel:   -624.8163   230.5000   4
 xmodel:   2540.3069   969.3000   5
 xmodel:     -0.0750     2.3500   6
 xmodel:      1.7700     0.0000   7
 xmodel:      0.0500     0.0000   8
 xmodel:    501.3332   107.9000   9
 xmodel:   -106.5580    23.8500  10
 xmodel:     -0.1300     0.0000  11
 xmodel:     32.7128     7.0920  12
 xmodel:    128.9193   235.7000  13
 xmodel:    -46.2025    43.3000  14
 xmodel:      6.5000     0.0000  15
 xmodel:      0.2866     0.7348  16
xmodel: eps=0.287 t=0.198 sigL=  17.86 sigT= 14.64 sigTT=-0.63 sigLT= 3.30 x_mod=0.9053E-07
xsect:     2.6350    0.0005    3.7749    0.0019    9.0425    2.0000
 xmodel: p_fn=fit_params/iter05/par.pl_385                                                    
 xmodel:     10.1625     7.5050   1
 xmodel:      0.1855     0.0618   2
 xmodel:     -3.9140     0.6110   3
 xmodel:   -624.8163   230.5000   4
 xmodel:   2540.3069   969.3000   5
 xmodel:     -0.0750     2.3500   6
 xmodel:      1.7700     0.0000   7
 xmodel:      0.0500     0.0000   8
 xmodel:    501.3332   107.9000   9
 xmodel:   -106.5580    23.8500  10
 xmodel:     -0.1300     0.0000  11
 xmodel:     32.7128     7.0920  12
 xmodel:    128.9193   235.7000  13
 xmodel:    -46.2025    43.3000  14
 xmodel:      6.5000     0.0000  15
 xmodel:      0.2866     0.7348  16
xmodel: eps=0.292 t=0.254 sigL=   8.59 sigT= 14.00 sigTT=-1.40 sigLT= 2.71 x_mod=0.7979E-07
xsect:     2.6176    0.0006    3.8460    0.0023   10.9752    3.0000
 xmodel: p_fn=fit_params/iter05/par.pl_385                                                    
 xmodel:     10.1625     7.5050   1
 xmodel:      0.1855     0.0618   2
 xmodel:     -3.9140     0.6110   3
 xmodel:   -624.8163   230.5000   4
 xmodel:   2540.3069   969.3000   5
 xmodel:     -0.0750     2.3500   6
 xmodel:      1.7700     0.0000   7
 xmodel:      0.0500     0.0000   8
 xmodel:    501.3332   107.9000   9
 xmodel:   -106.5580    23.8500  10
 xmodel:     -0.1300     0.0000  11
 xmodel:     32.7128     7.0920  12
 xmodel:    128.9193   235.7000  13
 xmodel:    -46.2025    43.3000  14
 xmodel:      6.5000     0.0000  15
 xmodel:      0.2866     0.7348  16
xmodel: eps=0.293 t=0.291 sigL=   5.55 sigT= 13.15 sigTT=-1.74 sigLT= 2.15 x_mod=0.7204E-07
xsect:     2.6071    0.0006    3.8866    0.0025   13.1958    4.0000
 xmodel: p_fn=fit_params/iter05/par.pl_385                                                    
 xmodel:     10.1625     7.5050   1
 xmodel:      0.1855     0.0618   2
 xmodel:     -3.9140     0.6110   3
 xmodel:   -624.8163   230.5000   4
 xmodel:   2540.3069   969.3000   5
 xmodel:     -0.0750     2.3500   6
 xmodel:      1.7700     0.0000   7
 xmodel:      0.0500     0.0000   8
 xmodel:    501.3332   107.9000   9
 xmodel:   -106.5580    23.8500  10
 xmodel:     -0.1300     0.0000  11
 xmodel:     32.7128     7.0920  12
 xmodel:    128.9193   235.7000  13
 xmodel:    -46.2025    43.3000  14
 xmodel:      6.5000     0.0000  15
 xmodel:      0.2866     0.7348  16
xmodel: eps=0.295 t=0.334 sigL=   3.91 sigT= 11.65 sigTT=-1.97 sigLT= 1.97 x_mod=0.6349E-07
xsect:     2.5971    0.0006    3.9316    0.0024   17.4280    5.0000
 xmodel: p_fn=fit_params/iter05/par.pl_385                                                    
 xmodel:     10.1625     7.5050   1
 xmodel:      0.1855     0.0618   2
 xmodel:     -3.9140     0.6110   3
 xmodel:   -624.8163   230.5000   4
 xmodel:   2540.3069   969.3000   5
 xmodel:     -0.0750     2.3500   6
 xmodel:      1.7700     0.0000   7
 xmodel:      0.0500     0.0000   8
 xmodel:    501.3332   107.9000   9
 xmodel:   -106.5580    23.8500  10
 xmodel:     -0.1300     0.0000  11
 xmodel:     32.7128     7.0920  12
 xmodel:    128.9193   235.7000  13
 xmodel:    -46.2025    43.3000  14
 xmodel:      6.5000     0.0000  15
 xmodel:      0.2866     0.7348  16
xmodel: eps=0.295 t=0.429 sigL=   2.27 sigT=  8.48 sigTT=-1.43 sigLT= 3.12 x_mod=0.5289E-07
  
 list:     1   3.85000   0.29200   0.00000   0.16000   0.50000    0    1
 list:     1   3.85000   0.77900   0.00000   0.16000   0.50000    0    2
 tmn, tmx:    0.16000   0.50000  for kset=    2
   6395.66016       3.84999990      0.291999996    
   10557.3018       3.84999990      0.778999984    
 xsect: Eb=10.55730   at Q2= 3.8500  eps=0.7790  pol=pi
 xsect: r_fn=averages/Q3p85_W2p62_t0p21_aver_pi_385_779.dat                                  
 xsect: kin_fn=averages/Q3p85_W2p62_t0p21_avek_385.dat                                         
 xsect: xunsep_fn =xsects/Q3p85_W2p62_t0p21_x_unsep_pi_385_779.dat
xsect:     2.6741    0.0004    3.6161    0.0016    5.6998    1.0000
 xmodel: p_fn=fit_params/iter05/par.pl_385                                                    
 xmodel:     10.1625     7.5050   1
 xmodel:      0.1855     0.0618   2
 xmodel:     -3.9140     0.6110   3
 xmodel:   -624.8163   230.5000   4
 xmodel:   2540.3069   969.3000   5
 xmodel:     -0.0750     2.3500   6
 xmodel:      1.7700     0.0000   7
 xmodel:      0.0500     0.0000   8
 xmodel:    501.3332   107.9000   9
 xmodel:   -106.5580    23.8500  10
 xmodel:     -0.1300     0.0000  11
 xmodel:     32.7128     7.0920  12
 xmodel:    128.9193   235.7000  13
 xmodel:    -46.2025    43.3000  14
 xmodel:      6.5000     0.0000  15
 xmodel:      0.2866     0.7348  16
xmodel: eps=0.778 t=0.198 sigL=  17.86 sigT= 14.64 sigTT=-0.63 sigLT= 3.30 x_mod=0.1354E-06
xsect:     2.6350    0.0005    3.7749    0.0019    9.0425    2.0000
 xmodel: p_fn=fit_params/iter05/par.pl_385                                                    
 xmodel:     10.1625     7.5050   1
 xmodel:      0.1855     0.0618   2
 xmodel:     -3.9140     0.6110   3
 xmodel:   -624.8163   230.5000   4
 xmodel:   2540.3069   969.3000   5
 xmodel:     -0.0750     2.3500   6
 xmodel:      1.7700     0.0000   7
 xmodel:      0.0500     0.0000   8
 xmodel:    501.3332   107.9000   9
 xmodel:   -106.5580    23.8500  10
 xmodel:     -0.1300     0.0000  11
 xmodel:     32.7128     7.0920  12
 xmodel:    128.9193   235.7000  13
 xmodel:    -46.2025    43.3000  14
 xmodel:      6.5000     0.0000  15
 xmodel:      0.2866     0.7348  16
xmodel: eps=0.779 t=0.254 sigL=   8.59 sigT= 14.00 sigTT=-1.40 sigLT= 2.71 x_mod=0.1044E-06
xsect:     2.6176    0.0006    3.8460    0.0023   10.9752    3.0000
 xmodel: p_fn=fit_params/iter05/par.pl_385                                                    
 xmodel:     10.1625     7.5050   1
 xmodel:      0.1855     0.0618   2
 xmodel:     -3.9140     0.6110   3
 xmodel:   -624.8163   230.5000   4
 xmodel:   2540.3069   969.3000   5
 xmodel:     -0.0750     2.3500   6
 xmodel:      1.7700     0.0000   7
 xmodel:      0.0500     0.0000   8
 xmodel:    501.3332   107.9000   9
 xmodel:   -106.5580    23.8500  10
 xmodel:     -0.1300     0.0000  11
 xmodel:     32.7128     7.0920  12
 xmodel:    128.9193   235.7000  13
 xmodel:    -46.2025    43.3000  14
 xmodel:      6.5000     0.0000  15
 xmodel:      0.2866     0.7348  16
xmodel: eps=0.780 t=0.291 sigL=   5.55 sigT= 13.15 sigTT=-1.74 sigLT= 2.15 x_mod=0.8808E-07
xsect:     2.6071    0.0006    3.8866    0.0025   13.1958    4.0000
 xmodel: p_fn=fit_params/iter05/par.pl_385                                                    
 xmodel:     10.1625     7.5050   1
 xmodel:      0.1855     0.0618   2
 xmodel:     -3.9140     0.6110   3
 xmodel:   -624.8163   230.5000   4
 xmodel:   2540.3069   969.3000   5
 xmodel:     -0.0750     2.3500   6
 xmodel:      1.7700     0.0000   7
 xmodel:      0.0500     0.0000   8
 xmodel:    501.3332   107.9000   9
 xmodel:   -106.5580    23.8500  10
 xmodel:     -0.1300     0.0000  11
 xmodel:     32.7128     7.0920  12
 xmodel:    128.9193   235.7000  13
 xmodel:    -46.2025    43.3000  14
 xmodel:      6.5000     0.0000  15
 xmodel:      0.2866     0.7348  16
xmodel: eps=0.780 t=0.334 sigL=   3.91 sigT= 11.65 sigTT=-1.97 sigLT= 1.97 x_mod=0.7512E-07
xsect:     2.5971    0.0006    3.9316    0.0024   17.4280    5.0000
 xmodel: p_fn=fit_params/iter05/par.pl_385                                                    
 xmodel:     10.1625     7.5050   1
 xmodel:      0.1855     0.0618   2
 xmodel:     -3.9140     0.6110   3
 xmodel:   -624.8163   230.5000   4
 xmodel:   2540.3069   969.3000   5
 xmodel:     -0.0750     2.3500   6
 xmodel:      1.7700     0.0000   7
 xmodel:      0.0500     0.0000   8
 xmodel:    501.3332   107.9000   9
 xmodel:   -106.5580    23.8500  10
 xmodel:     -0.1300     0.0000  11
 xmodel:     32.7128     7.0920  12
 xmodel:    128.9193   235.7000  13
 xmodel:    -46.2025    43.3000  14
 xmodel:      6.5000     0.0000  15
 xmodel:      0.2866     0.7348  16
xmodel: eps=0.780 t=0.429 sigL=   2.27 sigT=  8.48 sigTT=-1.43 sigLT= 3.12 x_mod=0.6624E-07
  
