 list:     1   3.85000   0.29200   0.00000   0.16000   0.50000    0    1
 tmn, tmx:    0.16000   0.50000  for kset=    1
   6395.66016       3.84999990      0.291999996    
 xsect: Eb= 6.39566   at Q2= 3.8500  eps=0.2920  pol=pi
 xsect: r_fn=averages/Q3p85_W2p62_t0p21_aver_pi_385_292.dat                                  
 xsect: kin_fn=averages/Q3p85_W2p62_t0p21_avek_385.dat                                         
 xsect: xunsep_fn =xsects/Q3p85_W2p62_t0p21_x_unsep_pi_385_292.dat
xsect:     2.6737    0.0004    3.6168    0.0016    5.6839    1.0000
  
  phi bin:           1   12.0000000     t_bin:            1  0.197999999    
  return eps_n_theta    9.92039144E-02  0.286880255    
  L    2.76151466      0.197999999    
  T    1.56889272    
  LT    0.00000000       0.00000000    
  TT   -0.00000000       0.00000000    
  sig    8.16490626E-08  0.286880255      0.209439516    
 ratio check   0.914761007       8.16490626E-08   7.46893818E-08
 xmod,eps,th    8.16490626E-08  0.286880255       5.68396568    
  
  phi bin:           2   36.0000000     t_bin:            1  0.197999999    
  return eps_n_theta    9.92039144E-02  0.286880255    
  L    2.76151466      0.197999999    
  T    1.56889272    
  LT   0.170236722       9.92039144E-02
  TT  -0.144034937       9.92039144E-02
  sig    8.52999236E-08  0.286880255      0.628318548    
 ratio check   0.879310012       8.52999236E-08   7.50050759E-08
 xmod,eps,th    8.52999236E-08  0.286880255       5.68396568    
  
  phi bin:           3   60.0000000     t_bin:            1  0.197999999    
  return eps_n_theta    9.92039144E-02  0.286880255    
  L    2.76151466      0.197999999    
  T    1.56889272    
  LT   0.170236722       9.92039144E-02
  TT  -0.144034937       9.92039144E-02
  sig    8.48927542E-08  0.286880255       1.04719758    
 ratio check   0.900875986       8.48927542E-08   7.64778463E-08
 xmod,eps,th    8.48927542E-08  0.286880255       5.68396568    
  
  phi bin:           4   84.0000000     t_bin:            1  0.197999999    
  return eps_n_theta    9.92039144E-02  0.286880255    
  L    2.76151466      0.197999999    
  T    1.56889272    
  LT   0.170236722       9.92039144E-02
  TT  -0.144034937       9.92039144E-02
  sig    8.35755003E-08  0.286880255       1.46607661    
 ratio check   0.868840992       8.35755003E-08   7.26138225E-08
 xmod,eps,th    8.35755003E-08  0.286880255       5.68396568    
  
  phi bin:           5   108.000000     t_bin:            1  0.197999999    
  return eps_n_theta    9.92039144E-02  0.286880255    
  L    2.76151466      0.197999999    
  T    1.56889272    
  LT   0.170236722       9.92039144E-02
  TT  -0.144034937       9.92039144E-02
  sig    8.12419145E-08  0.286880255       1.88495564    
 ratio check   0.959038973       8.12419145E-08   7.79141658E-08
 xmod,eps,th    8.12419145E-08  0.286880255       5.68396568    
  
  phi bin:           6   132.000000     t_bin:            1  0.197999999    
  return eps_n_theta    9.92039144E-02  0.286880255    
  L    2.76151466      0.197999999    
  T    1.56889272    
  LT   0.170236722       9.92039144E-02
  TT  -0.144034937       9.92039144E-02
  sig    7.84136347E-08  0.286880255       2.30383468    
 ratio check   0.837372005       7.84136347E-08   6.56613821E-08
 xmod,eps,th    7.84136347E-08  0.286880255       5.68396568    
  
  phi bin:           7   156.000000     t_bin:            1  0.197999999    
  return eps_n_theta    9.92039144E-02  0.286880255    
  L    2.76151466      0.197999999    
  T    1.56889272    
  LT   0.170236722       9.92039144E-02
  TT  -0.144034937       9.92039144E-02
  sig    7.60717782E-08  0.286880255       2.72271371    
 ratio check   0.905668020       7.60717782E-08   6.88957797E-08
 xmod,eps,th    7.60717782E-08  0.286880255       5.68396568    
  
  phi bin:           8   180.000000     t_bin:            1  0.197999999    
  return eps_n_theta    9.92039144E-02  0.286880255    
  L    2.76151466      0.197999999    
  T    1.56889272    
  LT   0.170236722       9.92039144E-02
  TT  -0.144034937       9.92039144E-02
  sig    7.51616653E-08  0.286880255       3.14159274    
 ratio check    1.04701400       7.51616653E-08   7.86953152E-08
 xmod,eps,th    7.51616653E-08  0.286880255       5.68396568    
  
  phi bin:           9   204.000015     t_bin:            1  0.197999999    
  return eps_n_theta    9.92039144E-02  0.286880255    
  L    2.76151466      0.197999999    
  T    1.56889272    
  LT   0.170236722       9.92039144E-02
  TT  -0.144034937       9.92039144E-02
  sig    7.60717782E-08  0.286880255       3.56047177    
 ratio check    1.14692795       7.60717782E-08   8.72488499E-08
 xmod,eps,th    7.60717782E-08  0.286880255       5.68396568    
  
  phi bin:          10   228.000000     t_bin:            1  0.197999999    
  return eps_n_theta    9.92039144E-02  0.286880255    
  L    2.76151466      0.197999999    
  T    1.56889272    
  LT   0.170236722       9.92039144E-02
  TT  -0.144034937       9.92039144E-02
  sig    7.84136347E-08  0.286880255       3.97935081    
 ratio check   0.999296010       7.84136347E-08   7.83584326E-08
 xmod,eps,th    7.84136347E-08  0.286880255       5.68396568    
  
  phi bin:          11   252.000015     t_bin:            1  0.197999999    
  return eps_n_theta    9.92039144E-02  0.286880255    
  L    2.76151466      0.197999999    
  T    1.56889272    
  LT   0.170236722       9.92039144E-02
  TT  -0.144034937       9.92039144E-02
  sig    8.12419145E-08  0.286880255       4.39823008    
 ratio check   0.961808026       8.12419145E-08   7.81391236E-08
 xmod,eps,th    8.12419145E-08  0.286880255       5.68396568    
  
  phi bin:          12   275.999969     t_bin:            1  0.197999999    
  return eps_n_theta    9.92039144E-02  0.286880255    
  L    2.76151466      0.197999999    
  T    1.56889272    
  LT   0.170236722       9.92039144E-02
  TT  -0.144034937       9.92039144E-02
  sig    8.35755003E-08  0.286880255       4.81710863    
 ratio check   0.848766983       8.35755003E-08   7.09361245E-08
 xmod,eps,th    8.35755003E-08  0.286880255       5.68396568    
  
  phi bin:          13   300.000000     t_bin:            1  0.197999999    
  return eps_n_theta    9.92039144E-02  0.286880255    
  L    2.76151466      0.197999999    
  T    1.56889272    
  LT   0.170236722       9.92039144E-02
  TT  -0.144034937       9.92039144E-02
  sig    8.48927542E-08  0.286880255       5.23598766    
 ratio check   0.796054006       8.48927542E-08   6.75792151E-08
 xmod,eps,th    8.48927542E-08  0.286880255       5.68396568    
  
  phi bin:          14   324.000031     t_bin:            1  0.197999999    
  return eps_n_theta    9.92039144E-02  0.286880255    
  L    2.76151466      0.197999999    
  T    1.56889272    
  LT   0.170236722       9.92039144E-02
  TT  -0.144034937       9.92039144E-02
  sig    8.52999236E-08  0.286880255       5.65486717    
 ratio check   0.945089996       8.52999236E-08   8.06161040E-08
 xmod,eps,th    8.52999236E-08  0.286880255       5.68396568    
  
  phi bin:          15   347.999969     t_bin:            1  0.197999999    
  return eps_n_theta    9.92039144E-02  0.286880255    
  L    2.76151466      0.197999999    
  T    1.56889272    
  LT   0.170236722       9.92039144E-02
  TT  -0.144034937       9.92039144E-02
  sig    8.52916529E-08  0.286880255       6.07374573    
 ratio check   0.928174973       8.52916529E-08   7.91655808E-08
 xmod,eps,th    8.52916529E-08  0.286880255       5.68396568    
xsect:     2.6360    0.0005    3.7711    0.0020    9.0061    2.0000
  
  phi bin:           1   12.0000000     t_bin:            2  0.253000021    
  return eps_n_theta   0.157186046      0.291400105    
  L    1.75053966      0.253000021    
  T    1.41198778    
  LT   0.118331015       9.92039144E-02
  TT   -9.48385149E-02   9.92039144E-02
  sig    7.37062109E-08  0.291400105      0.209439516    
 ratio check    1.00642502       7.37062109E-08   7.41797734E-08
 xmod,eps,th    7.37062109E-08  0.291400105       9.00609684    
  
  phi bin:           2   36.0000000     t_bin:            2  0.253000021    
  return eps_n_theta   0.157186046      0.291400105    
  L    1.75053966      0.253000021    
  T    1.41198778    
  LT   0.187027946      0.157186046    
  TT  -0.236919388      0.157186046    
  sig    7.49891882E-08  0.291400105      0.628318548    
 ratio check   0.963597000       7.49891882E-08   7.22593541E-08
 xmod,eps,th    7.49891882E-08  0.291400105       9.00609684    
  
  phi bin:           3   60.0000000     t_bin:            2  0.253000021    
  return eps_n_theta   0.157186046      0.291400105    
  L    1.75053966      0.253000021    
  T    1.41198778    
  LT   0.187027946      0.157186046    
  TT  -0.236919388      0.157186046    
  sig    7.52000346E-08  0.291400105       1.04719758    
 ratio check    1.07358801       7.52000346E-08   8.07338552E-08
 xmod,eps,th    7.52000346E-08  0.291400105       9.00609684    
  
  phi bin:           4   84.0000000     t_bin:            2  0.253000021    
  return eps_n_theta   0.157186046      0.291400105    
  L    1.75053966      0.253000021    
  T    1.41198778    
  LT   0.187027946      0.157186046    
  TT  -0.236919388      0.157186046    
  sig    7.40502557E-08  0.291400105       1.46607661    
 ratio check   0.946355999       7.40502557E-08   7.00779026E-08
 xmod,eps,th    7.40502557E-08  0.291400105       9.00609684    
  
  phi bin:           5   108.000000     t_bin:            2  0.253000021    
  return eps_n_theta   0.157186046      0.291400105    
  L    1.75053966      0.253000021    
  T    1.41198778    
  LT   0.187027946      0.157186046    
  TT  -0.236919388      0.157186046    
  sig    7.11431269E-08  0.291400105       1.88495564    
 ratio check   0.867695987       7.11431269E-08   6.17306029E-08
 xmod,eps,th    7.11431269E-08  0.291400105       9.00609684    
  
  phi bin:           6   132.000000     t_bin:            2  0.253000021    
  return eps_n_theta   0.157186046      0.291400105    
  L    1.75053966      0.253000021    
  T    1.41198778    
  LT   0.187027946      0.157186046    
  TT  -0.236919388      0.157186046    
  sig    6.71919835E-08  0.291400105       2.30383468    
 ratio check    1.08547294       6.71919835E-08   7.29350802E-08
 xmod,eps,th    6.71919835E-08  0.291400105       9.00609684    
  
  phi bin:           7   156.000000     t_bin:            2  0.253000021    
  return eps_n_theta   0.157186046      0.291400105    
  L    1.75053966      0.253000021    
  T    1.41198778    
  LT   0.187027946      0.157186046    
  TT  -0.236919388      0.157186046    
  sig    6.37573834E-08  0.291400105       2.72271371    
 ratio check   0.764440000       6.37573834E-08   4.87386949E-08
 xmod,eps,th    6.37573834E-08  0.291400105       9.00609684    
  
  phi bin:           8   180.000000     t_bin:            2  0.253000021    
  return eps_n_theta   0.157186046      0.291400105    
  L    1.75053966      0.253000021    
  T    1.41198778    
  LT   0.187027946      0.157186046    
  TT  -0.236919388      0.157186046    
  sig    6.23967296E-08  0.291400105       3.14159274    
 ratio check    1.04534602       6.23967296E-08   6.52261747E-08
 xmod,eps,th    6.23967296E-08  0.291400105       9.00609684    
  
  phi bin:           9   204.000015     t_bin:            2  0.253000021    
  return eps_n_theta   0.157186046      0.291400105    
  L    1.75053966      0.253000021    
  T    1.41198778    
  LT   0.187027946      0.157186046    
  TT  -0.236919388      0.157186046    
  sig    6.37573834E-08  0.291400105       3.56047177    
 ratio check    1.08022499       6.37573834E-08   6.88723176E-08
 xmod,eps,th    6.37573834E-08  0.291400105       9.00609684    
  
  phi bin:          10   228.000000     t_bin:            2  0.253000021    
  return eps_n_theta   0.157186046      0.291400105    
  L    1.75053966      0.253000021    
  T    1.41198778    
  LT   0.187027946      0.157186046    
  TT  -0.236919388      0.157186046    
  sig    6.71919835E-08  0.291400105       3.97935081    
 ratio check    1.01238704       6.71919835E-08   6.80242920E-08
 xmod,eps,th    6.71919835E-08  0.291400105       9.00609684    
  
  phi bin:          11   252.000015     t_bin:            2  0.253000021    
  return eps_n_theta   0.157186046      0.291400105    
  L    1.75053966      0.253000021    
  T    1.41198778    
  LT   0.187027946      0.157186046    
  TT  -0.236919388      0.157186046    
  sig    7.11431412E-08  0.291400105       4.39823008    
 ratio check   0.971992016       7.11431412E-08   6.91505662E-08
 xmod,eps,th    7.11431412E-08  0.291400105       9.00609684    
  
  phi bin:          12   275.999969     t_bin:            2  0.253000021    
  return eps_n_theta   0.157186046      0.291400105    
  L    1.75053966      0.253000021    
  T    1.41198778    
  LT   0.187027946      0.157186046    
  TT  -0.236919388      0.157186046    
  sig    7.40502557E-08  0.291400105       4.81710863    
 ratio check   0.800276995       7.40502557E-08   5.92607172E-08
 xmod,eps,th    7.40502557E-08  0.291400105       9.00609684    
  
  phi bin:          13   300.000000     t_bin:            2  0.253000021    
  return eps_n_theta   0.157186046      0.291400105    
  L    1.75053966      0.253000021    
  T    1.41198778    
  LT   0.187027946      0.157186046    
  TT  -0.236919388      0.157186046    
  sig    7.52000346E-08  0.291400105       5.23598766    
 ratio check   0.892596006       7.52000346E-08   6.71232527E-08
 xmod,eps,th    7.52000346E-08  0.291400105       9.00609684    
  
  phi bin:          14   324.000031     t_bin:            2  0.253000021    
  return eps_n_theta   0.157186046      0.291400105    
  L    1.75053966      0.253000021    
  T    1.41198778    
  LT   0.187027946      0.157186046    
  TT  -0.236919388      0.157186046    
  sig    7.49891882E-08  0.291400105       5.65486717    
 ratio check   0.995791972       7.49891882E-08   7.46736291E-08
 xmod,eps,th    7.49891882E-08  0.291400105       9.00609684    
  
  phi bin:          15   347.999969     t_bin:            2  0.253000021    
  return eps_n_theta   0.157186046      0.291400105    
  L    1.75053966      0.253000021    
  T    1.41198778    
  LT   0.187027946      0.157186046    
  TT  -0.236919388      0.157186046    
  sig    7.44617168E-08  0.291400105       6.07374573    
 ratio check   0.934055984       7.44617168E-08   6.95514117E-08
 xmod,eps,th    7.44617168E-08  0.291400105       9.00609684    
xsect:     2.6202    0.0006    3.8347    0.0023   10.9512    3.0000
  
  phi bin:           1   12.0000000     t_bin:            3  0.289000005    
  return eps_n_theta   0.191135079      0.293253005    
  L    1.33261549      0.289000005    
  T    1.32606196    
  LT   0.149037868      0.157186046    
  TT  -0.181721315      0.157186046    
  sig    6.80891787E-08  0.293253005      0.209439516    
 ratio check   0.998320997       6.80891787E-08   6.79748595E-08
 xmod,eps,th    6.80891787E-08  0.293253005       10.9512339    
  
  phi bin:           2   36.0000000     t_bin:            3  0.289000005    
  return eps_n_theta   0.191135079      0.293253005    
  L    1.33261549      0.289000005    
  T    1.32606196    
  LT   0.180869505      0.191135079    
  TT  -0.267635256      0.191135079    
  sig    6.90338240E-08  0.293253005      0.628318548    
 ratio check   0.985616028       6.90338240E-08   6.80408405E-08
 xmod,eps,th    6.90338240E-08  0.293253005       10.9512339    
  
  phi bin:           3   60.0000000     t_bin:            3  0.289000005    
  return eps_n_theta   0.191135079      0.293253005    
  L    1.33261549      0.289000005    
  T    1.32606196    
  LT   0.180869505      0.191135079    
  TT  -0.267635256      0.191135079    
  sig    6.95958775E-08  0.293253005       1.04719758    
 ratio check   0.877273023       6.95958775E-08   6.10545854E-08
 xmod,eps,th    6.95958775E-08  0.293253005       10.9512339    
  
  phi bin:           4   84.0000000     t_bin:            3  0.289000005    
  return eps_n_theta   0.191135079      0.293253005    
  L    1.33261549      0.289000005    
  T    1.32606196    
  LT   0.180869505      0.191135079    
  TT  -0.267635256      0.191135079    
  sig    6.86564192E-08  0.293253005       1.46607661    
 ratio check   0.982200027       6.86564192E-08   6.74343354E-08
 xmod,eps,th    6.86564192E-08  0.293253005       10.9512339    
  
  phi bin:           5   108.000000     t_bin:            3  0.289000005    
  return eps_n_theta   0.191135079      0.293253005    
  L    1.33261549      0.289000005    
  T    1.32606196    
  LT   0.180869505      0.191135079    
  TT  -0.267635256      0.191135079    
  sig    6.56820802E-08  0.293253005       1.88495564    
 ratio check   0.964133978       6.56820802E-08   6.33263255E-08
 xmod,eps,th    6.56820802E-08  0.293253005       10.9512339    
  
  phi bin:           6   132.000000     t_bin:            3  0.289000005    
  return eps_n_theta   0.191135079      0.293253005    
  L    1.33261549      0.289000005    
  T    1.32606196    
  LT   0.180869505      0.191135079    
  TT  -0.267635256      0.191135079    
  sig    6.14332620E-08  0.293253005       2.30383468    
 ratio check   0.993800998       6.14332620E-08   6.10524395E-08
 xmod,eps,th    6.14332620E-08  0.293253005       10.9512339    
  
  phi bin:           7   156.000000     t_bin:            3  0.289000005    
  return eps_n_theta   0.191135079      0.293253005    
  L    1.33261549      0.289000005    
  T    1.32606196    
  LT   0.180869505      0.191135079    
  TT  -0.267635256      0.191135079    
  sig    5.76698156E-08  0.293253005       2.72271371    
 ratio check   0.887154996       5.76698156E-08   5.11620648E-08
 xmod,eps,th    5.76698156E-08  0.293253005       10.9512339    
  
  phi bin:           8   180.000000     t_bin:            3  0.289000005    
  return eps_n_theta   0.191135079      0.293253005    
  L    1.33261549      0.289000005    
  T    1.32606196    
  LT   0.180869505      0.191135079    
  TT  -0.267635256      0.191135079    
  sig    5.61682967E-08  0.293253005       3.14159274    
 ratio check   0.837267995       5.61682967E-08   4.70279176E-08
 xmod,eps,th    5.61682967E-08  0.293253005       10.9512339    
  
  phi bin:           9   204.000015     t_bin:            3  0.289000005    
  return eps_n_theta   0.191135079      0.293253005    
  L    1.33261549      0.289000005    
  T    1.32606196    
  LT   0.180869505      0.191135079    
  TT  -0.267635256      0.191135079    
  sig    5.76698156E-08  0.293253005       3.56047177    
 ratio check   0.907287002       5.76698156E-08   5.23230739E-08
 xmod,eps,th    5.76698156E-08  0.293253005       10.9512339    
  
  phi bin:          10   228.000000     t_bin:            3  0.289000005    
  return eps_n_theta   0.191135079      0.293253005    
  L    1.33261549      0.289000005    
  T    1.32606196    
  LT   0.180869505      0.191135079    
  TT  -0.267635256      0.191135079    
  sig    6.14332620E-08  0.293253005       3.97935081    
 ratio check   0.879126012       6.14332620E-08   5.40075789E-08
 xmod,eps,th    6.14332620E-08  0.293253005       10.9512339    
  
  phi bin:          11   252.000015     t_bin:            3  0.289000005    
  return eps_n_theta   0.191135079      0.293253005    
  L    1.33261549      0.289000005    
  T    1.32606196    
  LT   0.180869505      0.191135079    
  TT  -0.267635256      0.191135079    
  sig    6.56820802E-08  0.293253005       4.39823008    
 ratio check   0.911221981       6.56820802E-08   5.98509544E-08
 xmod,eps,th    6.56820802E-08  0.293253005       10.9512339    
  
  phi bin:          12   275.999969     t_bin:            3  0.289000005    
  return eps_n_theta   0.191135079      0.293253005    
  L    1.33261549      0.289000005    
  T    1.32606196    
  LT   0.180869505      0.191135079    
  TT  -0.267635256      0.191135079    
  sig    6.86564192E-08  0.293253005       4.81710863    
 ratio check   0.864660025       6.86564192E-08   5.93644600E-08
 xmod,eps,th    6.86564192E-08  0.293253005       10.9512339    
  
  phi bin:          13   300.000000     t_bin:            3  0.289000005    
  return eps_n_theta   0.191135079      0.293253005    
  L    1.33261549      0.289000005    
  T    1.32606196    
  LT   0.180869505      0.191135079    
  TT  -0.267635256      0.191135079    
  sig    6.95958775E-08  0.293253005       5.23598766    
 ratio check   0.874077022       6.95958775E-08   6.08321571E-08
 xmod,eps,th    6.95958775E-08  0.293253005       10.9512339    
  
  phi bin:          14   324.000031     t_bin:            3  0.289000005    
  return eps_n_theta   0.191135079      0.293253005    
  L    1.33261549      0.289000005    
  T    1.32606196    
  LT   0.180869505      0.191135079    
  TT  -0.267635256      0.191135079    
  sig    6.90338240E-08  0.293253005       5.65486717    
 ratio check   0.795037985       6.90338240E-08   5.48845129E-08
 xmod,eps,th    6.90338240E-08  0.293253005       10.9512339    
  
  phi bin:          15   347.999969     t_bin:            3  0.289000005    
  return eps_n_theta   0.191135079      0.293253005    
  L    1.33261549      0.289000005    
  T    1.32606196    
  LT   0.180869505      0.191135079    
  TT  -0.267635256      0.191135079    
  sig    6.82447165E-08  0.293253005       6.07374573    
 ratio check   0.966054022       6.82447165E-08   6.59280843E-08
 xmod,eps,th    6.82447165E-08  0.293253005       10.9512339    
xsect:     2.6094    0.0006    3.8778    0.0025   13.1041    4.0000
  
  phi bin:           1   12.0000000     t_bin:            4  0.331000000    
  return eps_n_theta   0.228710279      0.294601947    
  L   0.988584816      0.331000000    
  T    1.23793125    
  LT   0.140068397      0.191135079    
  TT  -0.197700009      0.191135079    
  sig    6.16838420E-08  0.294601947      0.209439516    
 ratio check    1.02899599       6.16838420E-08   6.34724273E-08
 xmod,eps,th    6.16838420E-08  0.294601947       13.1041336    
  
  phi bin:           2   36.0000000     t_bin:            4  0.331000000    
  return eps_n_theta   0.228710279      0.294601947    
  L   0.988584816      0.331000000    
  T    1.23793125    
  LT   0.167163000      0.228710279    
  TT  -0.281583130      0.228710279    
  sig    6.26900061E-08  0.294601947      0.628318548    
 ratio check    1.17891204       6.26900061E-08   7.39060013E-08
 xmod,eps,th    6.26900061E-08  0.294601947       13.1041336    
  
  phi bin:           3   60.0000000     t_bin:            4  0.331000000    
  return eps_n_theta   0.228710279      0.294601947    
  L   0.988584816      0.331000000    
  T    1.23793125    
  LT   0.167163000      0.228710279    
  TT  -0.281583130      0.228710279    
  sig    6.35403552E-08  0.294601947       1.04719758    
 ratio check   0.943233013       6.35403552E-08   5.99333632E-08
 xmod,eps,th    6.35403552E-08  0.294601947       13.1041336    
  
  phi bin:           4   84.0000000     t_bin:            4  0.331000000    
  return eps_n_theta   0.228710279      0.294601947    
  L   0.988584816      0.331000000    
  T    1.23793125    
  LT   0.167163000      0.228710279    
  TT  -0.281583130      0.228710279    
  sig    6.28417069E-08  0.294601947       1.46607661    
 ratio check   0.966435015       6.28417069E-08   6.07324253E-08
 xmod,eps,th    6.28417069E-08  0.294601947       13.1041336    
  
  phi bin:           5   108.000000     t_bin:            4  0.331000000    
  return eps_n_theta   0.228710279      0.294601947    
  L   0.988584816      0.331000000    
  T    1.23793125    
  LT   0.167163000      0.228710279    
  TT  -0.281583130      0.228710279    
  sig    5.99652950E-08  0.294601947       1.88495564    
 ratio check   0.863080978       5.99652950E-08   5.17549061E-08
 xmod,eps,th    5.99652950E-08  0.294601947       13.1041336    
  
  phi bin:           6   132.000000     t_bin:            4  0.331000000    
  return eps_n_theta   0.228710279      0.294601947    
  L   0.988584816      0.331000000    
  T    1.23793125    
  LT   0.167163000      0.228710279    
  TT  -0.281583130      0.228710279    
  sig    5.56736204E-08  0.294601947       2.30383468    
 ratio check   0.990279973       5.56736204E-08   5.51324710E-08
 xmod,eps,th    5.56736204E-08  0.294601947       13.1041336    
  
  phi bin:           7   156.000000     t_bin:            4  0.331000000    
  return eps_n_theta   0.228710279      0.294601947    
  L   0.988584816      0.331000000    
  T    1.23793125    
  LT   0.167163000      0.228710279    
  TT  -0.281583130      0.228710279    
  sig    5.18131209E-08  0.294601947       2.72271371    
 ratio check   0.732482016       5.18131209E-08   3.79521801E-08
 xmod,eps,th    5.18131209E-08  0.294601947       13.1041336    
  
  phi bin:           8   180.000000     t_bin:            4  0.331000000    
  return eps_n_theta   0.228710279      0.294601947    
  L   0.988584816      0.331000000    
  T    1.23793125    
  LT   0.167163000      0.228710279    
  TT  -0.281583130      0.228710279    
  sig    5.02641200E-08  0.294601947       3.14159274    
 ratio check    1.21205699       5.02641200E-08   6.09229787E-08
 xmod,eps,th    5.02641200E-08  0.294601947       13.1041336    
  
  phi bin:           9   204.000015     t_bin:            4  0.331000000    
  return eps_n_theta   0.228710279      0.294601947    
  L   0.988584816      0.331000000    
  T    1.23793125    
  LT   0.167163000      0.228710279    
  TT  -0.281583130      0.228710279    
  sig    5.18131209E-08  0.294601947       3.56047177    
 ratio check   0.916637003       5.18131209E-08   4.74938240E-08
 xmod,eps,th    5.18131209E-08  0.294601947       13.1041336    
  
  phi bin:          10   228.000000     t_bin:            4  0.331000000    
  return eps_n_theta   0.228710279      0.294601947    
  L   0.988584816      0.331000000    
  T    1.23793125    
  LT   0.167163000      0.228710279    
  TT  -0.281583130      0.228710279    
  sig    5.56736204E-08  0.294601947       3.97935081    
 ratio check   0.993515015       5.56736204E-08   5.53125794E-08
 xmod,eps,th    5.56736204E-08  0.294601947       13.1041336    
  
  phi bin:          11   252.000015     t_bin:            4  0.331000000    
  return eps_n_theta   0.228710279      0.294601947    
  L   0.988584816      0.331000000    
  T    1.23793125    
  LT   0.167163000      0.228710279    
  TT  -0.281583130      0.228710279    
  sig    5.99652950E-08  0.294601947       4.39823008    
 ratio check   0.881880999       5.99652950E-08   5.28822532E-08
 xmod,eps,th    5.99652950E-08  0.294601947       13.1041336    
  
  phi bin:          12   275.999969     t_bin:            4  0.331000000    
  return eps_n_theta   0.228710279      0.294601947    
  L   0.988584816      0.331000000    
  T    1.23793125    
  LT   0.167163000      0.228710279    
  TT  -0.281583130      0.228710279    
  sig    6.28417069E-08  0.294601947       4.81710863    
 ratio check   0.884054005       6.28417069E-08   5.55554642E-08
 xmod,eps,th    6.28417069E-08  0.294601947       13.1041336    
  
  phi bin:          13   300.000000     t_bin:            4  0.331000000    
  return eps_n_theta   0.228710279      0.294601947    
  L   0.988584816      0.331000000    
  T    1.23793125    
  LT   0.167163000      0.228710279    
  TT  -0.281583130      0.228710279    
  sig    6.35403552E-08  0.294601947       5.23598766    
 ratio check   0.902409017       6.35403552E-08   5.73393883E-08
 xmod,eps,th    6.35403552E-08  0.294601947       13.1041336    
  
  phi bin:          14   324.000031     t_bin:            4  0.331000000    
  return eps_n_theta   0.228710279      0.294601947    
  L   0.988584816      0.331000000    
  T    1.23793125    
  LT   0.167163000      0.228710279    
  TT  -0.281583130      0.228710279    
  sig    6.26900061E-08  0.294601947       5.65486717    
 ratio check   0.873502016       6.26900061E-08   5.47598482E-08
 xmod,eps,th    6.26900061E-08  0.294601947       13.1041336    
  
  phi bin:          15   347.999969     t_bin:            4  0.331000000    
  return eps_n_theta   0.228710279      0.294601947    
  L   0.988584816      0.331000000    
  T    1.23793125    
  LT   0.167163000      0.228710279    
  TT  -0.281583130      0.228710279    
  sig    6.17059115E-08  0.294601947       6.07374573    
 ratio check    1.02921498       6.17059115E-08   6.35086508E-08
 xmod,eps,th    6.17059115E-08  0.294601947       13.1041336    
xsect:     2.6003    0.0006    3.9189    0.0024   17.4241    5.0000
  
  phi bin:           1   12.0000000     t_bin:            5  0.426999986    
  return eps_n_theta   0.304108590      0.294969141    
  L   0.526563823      0.426999986    
  T    1.06568730    
  LT    9.49457660E-02  0.228710279    
  TT  -0.142600730      0.228710279    
  sig    4.96498238E-08  0.294969141      0.209439516    
 ratio check    1.07764006       4.96498238E-08   5.35046389E-08
 xmod,eps,th    4.96498238E-08  0.294969141       17.4241390    
  
  phi bin:           2   36.0000000     t_bin:            5  0.426999986    
  return eps_n_theta   0.304108590      0.294969141    
  L   0.526563823      0.426999986    
  T    1.06568730    
  LT   0.125399739      0.304108590    
  TT  -0.248750418      0.304108590    
  sig    5.05633153E-08  0.294969141      0.628318548    
 ratio check   0.885753989       5.05633153E-08   4.47866597E-08
 xmod,eps,th    5.05633153E-08  0.294969141       17.4241390    
  
  phi bin:           3   60.0000000     t_bin:            5  0.426999986    
  return eps_n_theta   0.304108590      0.294969141    
  L   0.526563823      0.426999986    
  T    1.06568730    
  LT   0.125399739      0.304108590    
  TT  -0.248750418      0.304108590    
  sig    5.15647862E-08  0.294969141       1.04719758    
 ratio check   0.975045025       5.15647862E-08   5.02779898E-08
 xmod,eps,th    5.15647862E-08  0.294969141       17.4241390    
  
  phi bin:           4   84.0000000     t_bin:            5  0.426999986    
  return eps_n_theta   0.304108590      0.294969141    
  L   0.526563823      0.426999986    
  T    1.06568730    
  LT   0.125399739      0.304108590    
  TT  -0.248750418      0.304108590    
  sig    5.12401925E-08  0.294969141       1.46607661    
 ratio check   0.792752981       5.12401925E-08   4.06208152E-08
 xmod,eps,th    5.12401925E-08  0.294969141       17.4241390    
  
  phi bin:           5   108.000000     t_bin:            5  0.426999986    
  return eps_n_theta   0.304108590      0.294969141    
  L   0.526563823      0.426999986    
  T    1.06568730    
  LT   0.125399739      0.304108590    
  TT  -0.248750418      0.304108590    
  sig    4.89718666E-08  0.294969141       1.88495564    
 ratio check    1.08250201       4.89718666E-08   5.30121440E-08
 xmod,eps,th    4.89718666E-08  0.294969141       17.4241390    
  
  phi bin:           6   132.000000     t_bin:            5  0.426999986    
  return eps_n_theta   0.304108590      0.294969141    
  L   0.526563823      0.426999986    
  T    1.06568730    
  LT   0.125399739      0.304108590    
  TT  -0.248750418      0.304108590    
  sig    4.53903759E-08  0.294969141       2.30383468    
 ratio check    1.04485500       4.53903759E-08   4.74263615E-08
 xmod,eps,th    4.53903759E-08  0.294969141       17.4241390    
  
  phi bin:           7   156.000000     t_bin:            5  0.426999986    
  return eps_n_theta   0.304108590      0.294969141    
  L   0.526563823      0.426999986    
  T    1.06568730    
  LT   0.125399739      0.304108590    
  TT  -0.248750418      0.304108590    
  sig    4.21076862E-08  0.294969141       2.72271371    
 ratio check    1.30713105       4.21076862E-08   5.50402639E-08
 xmod,eps,th    4.21076862E-08  0.294969141       17.4241390    
  
  phi bin:           8   180.000000     t_bin:            5  0.426999986    
  return eps_n_theta   0.304108590      0.294969141    
  L   0.526563823      0.426999986    
  T    1.06568730    
  LT   0.125399739      0.304108590    
  TT  -0.248750418      0.304108590    
  sig    4.07816181E-08  0.294969141       3.14159274    
 ratio check    1.38930500       4.07816181E-08   5.66581058E-08
 xmod,eps,th    4.07816181E-08  0.294969141       17.4241390    
  
  phi bin:           9   204.000015     t_bin:            5  0.426999986    
  return eps_n_theta   0.304108590      0.294969141    
  L   0.526563823      0.426999986    
  T    1.06568730    
  LT   0.125399739      0.304108590    
  TT  -0.248750418      0.304108590    
  sig    4.21076862E-08  0.294969141       3.56047177    
 ratio check    1.32108903       4.21076862E-08   5.56280035E-08
 xmod,eps,th    4.21076862E-08  0.294969141       17.4241390    
  
  phi bin:          10   228.000000     t_bin:            5  0.426999986    
  return eps_n_theta   0.304108590      0.294969141    
  L   0.526563823      0.426999986    
  T    1.06568730    
  LT   0.125399739      0.304108590    
  TT  -0.248750418      0.304108590    
  sig    4.53903759E-08  0.294969141       3.97935081    
 ratio check    1.20558798       4.53903759E-08   5.47220900E-08
 xmod,eps,th    4.53903759E-08  0.294969141       17.4241390    
  
  phi bin:          11   252.000015     t_bin:            5  0.426999986    
  return eps_n_theta   0.304108590      0.294969141    
  L   0.526563823      0.426999986    
  T    1.06568730    
  LT   0.125399739      0.304108590    
  TT  -0.248750418      0.304108590    
  sig    4.89718737E-08  0.294969141       4.39823008    
 ratio check   0.926953971       4.89718737E-08   4.53946711E-08
 xmod,eps,th    4.89718737E-08  0.294969141       17.4241390    
  
  phi bin:          12   275.999969     t_bin:            5  0.426999986    
  return eps_n_theta   0.304108590      0.294969141    
  L   0.526563823      0.426999986    
  T    1.06568730    
  LT   0.125399739      0.304108590    
  TT  -0.248750418      0.304108590    
  sig    5.12401925E-08  0.294969141       4.81710863    
 ratio check   0.915625989       5.12401925E-08   4.69168526E-08
 xmod,eps,th    5.12401925E-08  0.294969141       17.4241390    
  
  phi bin:          13   300.000000     t_bin:            5  0.426999986    
  return eps_n_theta   0.304108590      0.294969141    
  L   0.526563823      0.426999986    
  T    1.06568730    
  LT   0.125399739      0.304108590    
  TT  -0.248750418      0.304108590    
  sig    5.15647862E-08  0.294969141       5.23598766    
 ratio check   0.883424997       5.15647862E-08   4.55536195E-08
 xmod,eps,th    5.15647862E-08  0.294969141       17.4241390    
  
  phi bin:          14   324.000031     t_bin:            5  0.426999986    
  return eps_n_theta   0.304108590      0.294969141    
  L   0.526563823      0.426999986    
  T    1.06568730    
  LT   0.125399739      0.304108590    
  TT  -0.248750418      0.304108590    
  sig    5.05633153E-08  0.294969141       5.65486717    
 ratio check   0.837131977       5.05633153E-08   4.23281676E-08
 xmod,eps,th    5.05633153E-08  0.294969141       17.4241390    
  
  phi bin:          15   347.999969     t_bin:            5  0.426999986    
  return eps_n_theta   0.304108590      0.294969141    
  L   0.526563823      0.426999986    
  T    1.06568730    
  LT   0.125399739      0.304108590    
  TT  -0.248750418      0.304108590    
  sig    4.95489516E-08  0.294969141       6.07374573    
 ratio check   0.927477002       4.95489516E-08   4.59555132E-08
 xmod,eps,th    4.95489516E-08  0.294969141       17.4241390    
  
 list:     1   3.85000   0.29200   0.00000   0.16000   0.50000    0    1
 list:     1   3.85000   0.77900   0.00000   0.16000   0.50000    0    2
 tmn, tmx:    0.16000   0.50000  for kset=    2
   6395.66016       3.84999990      0.291999996    
   10557.3018       3.84999990      0.778999984    
 xsect: Eb=10.55730   at Q2= 3.8500  eps=0.7790  pol=pi
 xsect: r_fn=averages/Q3p85_W2p62_t0p21_aver_pi_385_779.dat                                  
 xsect: kin_fn=averages/Q3p85_W2p62_t0p21_avek_385.dat                                         
 xsect: xunsep_fn =xsects/Q3p85_W2p62_t0p21_x_unsep_pi_385_779.dat
xsect:     2.6737    0.0004    3.6168    0.0016    5.6839    1.0000
  
  phi bin:           1   12.0000000     t_bin:            1  0.197999999    
  return eps_n_theta    9.92039144E-02  0.777926445    
  L    2.76151466      0.197999999    
  T    1.56889272    
  LT   0.514696121      0.304108590    
  TT   -1.31662810      0.304108590    
  sig    1.25140204E-07  0.777926445      0.209439516    
 ratio check   0.782298982       1.25140204E-07   9.78970576E-08
 xmod,eps,th    1.25140204E-07  0.777926445       5.68396568    
  
  phi bin:           2   36.0000000     t_bin:            1  0.197999999    
  return eps_n_theta    9.92039144E-02  0.777926445    
  L    2.76151466      0.197999999    
  T    1.56889272    
  LT   0.170236722       9.92039144E-02
  TT  -0.144034937       9.92039144E-02
  sig    1.35265324E-07  0.777926445      0.628318548    
 ratio check   0.842584014       1.35265324E-07   1.13972398E-07
 xmod,eps,th    1.35265324E-07  0.777926445       5.68396568    
  
  phi bin:           3   60.0000000     t_bin:            1  0.197999999    
  return eps_n_theta    9.92039144E-02  0.777926445    
  L    2.76151466      0.197999999    
  T    1.56889272    
  LT   0.170236722       9.92039144E-02
  TT  -0.144034937       9.92039144E-02
  sig    1.35374421E-07  0.777926445       1.04719758    
 ratio check   0.980104029       1.35374421E-07   1.32681009E-07
 xmod,eps,th    1.35374421E-07  0.777926445       5.68396568    
  
  phi bin:           4   84.0000000     t_bin:            1  0.197999999    
  return eps_n_theta    9.92039144E-02  0.777926445    
  L    2.76151466      0.197999999    
  T    1.56889272    
  LT   0.170236722       9.92039144E-02
  TT  -0.144034937       9.92039144E-02
  sig    1.33355044E-07  0.777926445       1.46607661    
 ratio check   0.919942021       1.33355044E-07   1.22678912E-07
 xmod,eps,th    1.33355044E-07  0.777926445       5.68396568    
  
  phi bin:           5   108.000000     t_bin:            1  0.197999999    
  return eps_n_theta    9.92039144E-02  0.777926445    
  L    2.76151466      0.197999999    
  T    1.56889272    
  LT   0.170236722       9.92039144E-02
  TT  -0.144034937       9.92039144E-02
  sig    1.28650683E-07  0.777926445       1.88495564    
 ratio check   0.991916001       1.28650683E-07   1.27610676E-07
 xmod,eps,th    1.28650683E-07  0.777926445       5.68396568    
  
  phi bin:           6   132.000000     t_bin:            1  0.197999999    
  return eps_n_theta    9.92039144E-02  0.777926445    
  L    2.76151466      0.197999999    
  T    1.56889272    
  LT   0.170236722       9.92039144E-02
  TT  -0.144034937       9.92039144E-02
  sig    1.22395107E-07  0.777926445       2.30383468    
 ratio check   0.949047983       1.22395107E-07   1.16158830E-07
 xmod,eps,th    1.22395107E-07  0.777926445       5.68396568    
  
  phi bin:           7   156.000000     t_bin:            1  0.197999999    
  return eps_n_theta    9.92039144E-02  0.777926445    
  L    2.76151466      0.197999999    
  T    1.56889272    
  LT   0.170236722       9.92039144E-02
  TT  -0.144034937       9.92039144E-02
  sig    1.17004326E-07  0.777926445       2.72271371    
 ratio check    1.07794404       1.17004326E-07   1.26124121E-07
 xmod,eps,th    1.17004326E-07  0.777926445       5.68396568    
  
  phi bin:           8   180.000000     t_bin:            1  0.197999999    
  return eps_n_theta    9.92039144E-02  0.777926445    
  L    2.76151466      0.197999999    
  T    1.56889272    
  LT   0.170236722       9.92039144E-02
  TT  -0.144034937       9.92039144E-02
  sig    1.14875824E-07  0.777926445       3.14159274    
 ratio check    1.07869995       1.14875824E-07   1.23916550E-07
 xmod,eps,th    1.14875824E-07  0.777926445       5.68396568    
  
  phi bin:           9   204.000015     t_bin:            1  0.197999999    
  return eps_n_theta    9.92039144E-02  0.777926445    
  L    2.76151466      0.197999999    
  T    1.56889272    
  LT   0.170236722       9.92039144E-02
  TT  -0.144034937       9.92039144E-02
  sig    1.17004333E-07  0.777926445       3.56047177    
 ratio check    1.08525395       1.17004333E-07   1.26979415E-07
 xmod,eps,th    1.17004333E-07  0.777926445       5.68396568    
  
  phi bin:          10   228.000000     t_bin:            1  0.197999999    
  return eps_n_theta    9.92039144E-02  0.777926445    
  L    2.76151466      0.197999999    
  T    1.56889272    
  LT   0.170236722       9.92039144E-02
  TT  -0.144034937       9.92039144E-02
  sig    1.22395122E-07  0.777926445       3.97935081    
 ratio check   0.998979986       1.22395122E-07   1.22270279E-07
 xmod,eps,th    1.22395122E-07  0.777926445       5.68396568    
  
  phi bin:          11   252.000015     t_bin:            1  0.197999999    
  return eps_n_theta    9.92039144E-02  0.777926445    
  L    2.76151466      0.197999999    
  T    1.56889272    
  LT   0.170236722       9.92039144E-02
  TT  -0.144034937       9.92039144E-02
  sig    1.28650697E-07  0.777926445       4.39823008    
 ratio check   0.965658009       1.28650697E-07   1.24232571E-07
 xmod,eps,th    1.28650697E-07  0.777926445       5.68396568    
  
  phi bin:          12   275.999969     t_bin:            1  0.197999999    
  return eps_n_theta    9.92039144E-02  0.777926445    
  L    2.76151466      0.197999999    
  T    1.56889272    
  LT   0.170236722       9.92039144E-02
  TT  -0.144034937       9.92039144E-02
  sig    1.33355044E-07  0.777926445       4.81710863    
 ratio check    1.01857901       1.33355044E-07   1.35832650E-07
 xmod,eps,th    1.33355044E-07  0.777926445       5.68396568    
  
  phi bin:          13   300.000000     t_bin:            1  0.197999999    
  return eps_n_theta    9.92039144E-02  0.777926445    
  L    2.76151466      0.197999999    
  T    1.56889272    
  LT   0.170236722       9.92039144E-02
  TT  -0.144034937       9.92039144E-02
  sig    1.35374421E-07  0.777926445       5.23598766    
 ratio check   0.907072008       1.35374421E-07   1.22794347E-07
 xmod,eps,th    1.35374421E-07  0.777926445       5.68396568    
  
  phi bin:          14   324.000031     t_bin:            1  0.197999999    
  return eps_n_theta    9.92039144E-02  0.777926445    
  L    2.76151466      0.197999999    
  T    1.56889272    
  LT   0.170236722       9.92039144E-02
  TT  -0.144034937       9.92039144E-02
  sig    1.35265324E-07  0.777926445       5.65486717    
 ratio check   0.985548019       1.35265324E-07   1.33310479E-07
 xmod,eps,th    1.35265324E-07  0.777926445       5.68396568    
  
  phi bin:          15   347.999969     t_bin:            1  0.197999999    
  return eps_n_theta    9.92039144E-02  0.777926445    
  L    2.76151466      0.197999999    
  T    1.56889272    
  LT   0.170236722       9.92039144E-02
  TT  -0.144034937       9.92039144E-02
  sig    1.34578912E-07  0.777926445       6.07374573    
 ratio check   0.903398991       1.34578912E-07   1.21578452E-07
 xmod,eps,th    1.34578912E-07  0.777926445       5.68396568    
xsect:     2.6360    0.0005    3.7711    0.0020    9.0061    2.0000
  
  phi bin:           1   12.0000000     t_bin:            2  0.253000021    
  return eps_n_theta   0.157186046      0.779193878    
  L    1.75053966      0.253000021    
  T    1.41198778    
  LT   0.118331015       9.92039144E-02
  TT   -9.48385149E-02   9.92039144E-02
  sig    1.07065539E-07  0.779193878      0.209439516    
 ratio check   0.547123015       1.07065539E-07   5.85780207E-08
 xmod,eps,th    1.07065539E-07  0.779193878       9.00609684    
  
  phi bin:           2   36.0000000     t_bin:            2  0.253000021    
  return eps_n_theta   0.157186046      0.779193878    
  L    1.75053966      0.253000021    
  T    1.41198778    
  LT   0.187027946      0.157186046    
  TT  -0.236919388      0.157186046    
  sig    1.09636993E-07  0.779193878      0.628318548    
 ratio check   0.737558007       1.09636993E-07   8.08636429E-08
 xmod,eps,th    1.09636993E-07  0.779193878       9.00609684    
  
  phi bin:           3   60.0000000     t_bin:            2  0.253000021    
  return eps_n_theta   0.157186046      0.779193878    
  L    1.75053966      0.253000021    
  T    1.41198778    
  LT   0.187027946      0.157186046    
  TT  -0.236919388      0.157186046    
  sig    1.11597060E-07  0.779193878       1.04719758    
 ratio check   0.808323026       1.11597060E-07   9.02064770E-08
 xmod,eps,th    1.11597060E-07  0.779193878       9.00609684    
  
  phi bin:           4   84.0000000     t_bin:            2  0.253000021    
  return eps_n_theta   0.157186046      0.779193878    
  L    1.75053966      0.253000021    
  T    1.41198778    
  LT   0.187027946      0.157186046    
  TT  -0.236919388      0.157186046    
  sig    1.10309436E-07  0.779193878       1.46607661    
 ratio check   0.769942999       1.10309436E-07   8.49319761E-08
 xmod,eps,th    1.10309436E-07  0.779193878       9.00609684    
  
  phi bin:           5   108.000000     t_bin:            2  0.253000021    
  return eps_n_theta   0.157186046      0.779193878    
  L    1.75053966      0.253000021    
  T    1.41198778    
  LT   0.187027946      0.157186046    
  TT  -0.236919388      0.157186046    
  sig    1.04404428E-07  0.779193878       1.88495564    
 ratio check   0.937067986       1.04404428E-07   9.78340466E-08
 xmod,eps,th    1.04404428E-07  0.779193878       9.00609684    
  
  phi bin:           6   132.000000     t_bin:            2  0.253000021    
  return eps_n_theta   0.157186046      0.779193878    
  L    1.75053966      0.253000021    
  T    1.41198778    
  LT   0.187027946      0.157186046    
  TT  -0.236919388      0.157186046    
  sig    9.54662980E-08  0.779193878       2.30383468    
 ratio check   0.919058979       9.54662980E-08   8.77391599E-08
 xmod,eps,th    9.54662980E-08  0.779193878       9.00609684    
  
  phi bin:           7   156.000000     t_bin:            2  0.253000021    
  return eps_n_theta   0.157186046      0.779193878    
  L    1.75053966      0.253000021    
  T    1.41198778    
  LT   0.187027946      0.157186046    
  TT  -0.236919388      0.157186046    
  sig    8.73866455E-08  0.779193878       2.72271371    
 ratio check   0.977060974       8.73866455E-08   8.53820836E-08
 xmod,eps,th    8.73866455E-08  0.779193878       9.00609684    
  
  phi bin:           8   180.000000     t_bin:            2  0.253000021    
  return eps_n_theta   0.157186046      0.779193878    
  L    1.75053966      0.253000021    
  T    1.41198778    
  LT   0.187027946      0.157186046    
  TT  -0.236919388      0.157186046    
  sig    8.41389678E-08  0.779193878       3.14159274    
 ratio check   0.867676020       8.41389678E-08   7.30053671E-08
 xmod,eps,th    8.41389678E-08  0.779193878       9.00609684    
  
  phi bin:           9   204.000015     t_bin:            2  0.253000021    
  return eps_n_theta   0.157186046      0.779193878    
  L    1.75053966      0.253000021    
  T    1.41198778    
  LT   0.187027946      0.157186046    
  TT  -0.236919388      0.157186046    
  sig    8.73866455E-08  0.779193878       3.56047177    
 ratio check   0.868655026       8.73866455E-08   7.59088508E-08
 xmod,eps,th    8.73866455E-08  0.779193878       9.00609684    
  
  phi bin:          10   228.000000     t_bin:            2  0.253000021    
  return eps_n_theta   0.157186046      0.779193878    
  L    1.75053966      0.253000021    
  T    1.41198778    
  LT   0.187027946      0.157186046    
  TT  -0.236919388      0.157186046    
  sig    9.54662980E-08  0.779193878       3.97935081    
 ratio check   0.839646995       9.54662980E-08   8.01579887E-08
 xmod,eps,th    9.54662980E-08  0.779193878       9.00609684    
  
  phi bin:          11   252.000015     t_bin:            2  0.253000021    
  return eps_n_theta   0.157186046      0.779193878    
  L    1.75053966      0.253000021    
  T    1.41198778    
  LT   0.187027946      0.157186046    
  TT  -0.236919388      0.157186046    
  sig    1.04404450E-07  0.779193878       4.39823008    
 ratio check   0.957177997       1.04404450E-07   9.99336436E-08
 xmod,eps,th    1.04404450E-07  0.779193878       9.00609684    
  
  phi bin:          12   275.999969     t_bin:            2  0.253000021    
  return eps_n_theta   0.157186046      0.779193878    
  L    1.75053966      0.253000021    
  T    1.41198778    
  LT   0.187027946      0.157186046    
  TT  -0.236919388      0.157186046    
  sig    1.10309436E-07  0.779193878       4.81710863    
 ratio check   0.868128002       1.10309436E-07   9.57627080E-08
 xmod,eps,th    1.10309436E-07  0.779193878       9.00609684    
  
  phi bin:          13   300.000000     t_bin:            2  0.253000021    
  return eps_n_theta   0.157186046      0.779193878    
  L    1.75053966      0.253000021    
  T    1.41198778    
  LT   0.187027946      0.157186046    
  TT  -0.236919388      0.157186046    
  sig    1.11597060E-07  0.779193878       5.23598766    
 ratio check   0.959478021       1.11597060E-07   1.07074925E-07
 xmod,eps,th    1.11597060E-07  0.779193878       9.00609684    
  
  phi bin:          14   324.000031     t_bin:            2  0.253000021    
  return eps_n_theta   0.157186046      0.779193878    
  L    1.75053966      0.253000021    
  T    1.41198778    
  LT   0.187027946      0.157186046    
  TT  -0.236919388      0.157186046    
  sig    1.09636993E-07  0.779193878       5.65486717    
 ratio check   0.723833978       1.09636993E-07   7.93589834E-08
 xmod,eps,th    1.09636993E-07  0.779193878       9.00609684    
  
  phi bin:          15   347.999969     t_bin:            2  0.253000021    
  return eps_n_theta   0.157186046      0.779193878    
  L    1.75053966      0.253000021    
  T    1.41198778    
  LT   0.187027946      0.157186046    
  TT  -0.236919388      0.157186046    
  sig    1.07462334E-07  0.779193878       6.07374573    
 ratio check   0.663312972       1.07462334E-07   7.12811570E-08
 xmod,eps,th    1.07462334E-07  0.779193878       9.00609684    
xsect:     2.6202    0.0006    3.8347    0.0023   10.9512    3.0000
  
  phi bin:           1   12.0000000     t_bin:            3  0.289000005    
  return eps_n_theta   0.191135079      0.779712677    
  L    1.33261549      0.289000005    
  T    1.32606196    
  LT   0.149037868      0.157186046    
  TT  -0.181721315      0.157186046    
  sig    9.40105664E-08  0.779712677      0.209439516    
 ratio check   0.805155993       9.40105664E-08   7.56931726E-08
 xmod,eps,th    9.40105664E-08  0.779712677       10.9512339    
  
  phi bin:           2   36.0000000     t_bin:            3  0.289000005    
  return eps_n_theta   0.191135079      0.779712677    
  L    1.33261549      0.289000005    
  T    1.32606196    
  LT   0.180869505      0.191135079    
  TT  -0.267635256      0.191135079    
  sig    9.65087779E-08  0.779712677      0.628318548    
 ratio check   0.804544985       9.65087779E-08   7.76456517E-08
 xmod,eps,th    9.65087779E-08  0.779712677       10.9512339    
  
  phi bin:           3   60.0000000     t_bin:            3  0.289000005    
  return eps_n_theta   0.191135079      0.779712677    
  L    1.33261549      0.289000005    
  T    1.32606196    
  LT   0.180869505      0.191135079    
  TT  -0.267635256      0.191135079    
  sig    9.93805500E-08  0.779712677       1.04719758    
 ratio check   0.870229006       9.93805500E-08   8.64838370E-08
 xmod,eps,th    9.93805500E-08  0.779712677       10.9512339    
  
  phi bin:           4   84.0000000     t_bin:            3  0.289000005    
  return eps_n_theta   0.191135079      0.779712677    
  L    1.33261549      0.289000005    
  T    1.32606196    
  LT   0.180869505      0.191135079    
  TT  -0.267635256      0.191135079    
  sig    9.86453514E-08  0.779712677       1.46607661    
 ratio check   0.832575023       9.86453514E-08   8.21296524E-08
 xmod,eps,th    9.86453514E-08  0.779712677       10.9512339    
  
  phi bin:           5   108.000000     t_bin:            3  0.289000005    
  return eps_n_theta   0.191135079      0.779712677    
  L    1.33261549      0.289000005    
  T    1.32606196    
  LT   0.180869505      0.191135079    
  TT  -0.267635256      0.191135079    
  sig    9.25803079E-08  0.779712677       1.88495564    
 ratio check   0.881236017       9.25803079E-08   8.15850996E-08
 xmod,eps,th    9.25803079E-08  0.779712677       10.9512339    
  
  phi bin:           6   132.000000     t_bin:            3  0.289000005    
  return eps_n_theta   0.191135079      0.779712677    
  L    1.33261549      0.289000005    
  T    1.32606196    
  LT   0.180869505      0.191135079    
  TT  -0.267635256      0.191135079    
  sig    8.28884978E-08  0.779712677       2.30383468    
 ratio check   0.965985000       8.28884978E-08   8.00690430E-08
 xmod,eps,th    8.28884978E-08  0.779712677       10.9512339    
  
  phi bin:           7   156.000000     t_bin:            3  0.289000005    
  return eps_n_theta   0.191135079      0.779712677    
  L    1.33261549      0.289000005    
  T    1.32606196    
  LT   0.180869505      0.191135079    
  TT  -0.267635256      0.191135079    
  sig    7.39714778E-08  0.779712677       2.72271371    
 ratio check   0.991485000       7.39714778E-08   7.33416101E-08
 xmod,eps,th    7.39714778E-08  0.779712677       10.9512339    
  
  phi bin:           8   180.000000     t_bin:            3  0.289000005    
  return eps_n_theta   0.191135079      0.779712677    
  L    1.33261549      0.289000005    
  T    1.32606196    
  LT   0.180869505      0.191135079    
  TT  -0.267635256      0.191135079    
  sig    7.03645213E-08  0.779712677       3.14159274    
 ratio check   0.884616971       7.03645213E-08   6.22456469E-08
 xmod,eps,th    7.03645213E-08  0.779712677       10.9512339    
  
  phi bin:           9   204.000015     t_bin:            3  0.289000005    
  return eps_n_theta   0.191135079      0.779712677    
  L    1.33261549      0.289000005    
  T    1.32606196    
  LT   0.180869505      0.191135079    
  TT  -0.267635256      0.191135079    
  sig    7.39714778E-08  0.779712677       3.56047177    
 ratio check   0.884984016       7.39714778E-08   6.54635741E-08
 xmod,eps,th    7.39714778E-08  0.779712677       10.9512339    
  
  phi bin:          10   228.000000     t_bin:            3  0.289000005    
  return eps_n_theta   0.191135079      0.779712677    
  L    1.33261549      0.289000005    
  T    1.32606196    
  LT   0.180869505      0.191135079    
  TT  -0.267635256      0.191135079    
  sig    8.28884978E-08  0.779712677       3.97935081    
 ratio check   0.916028976       8.28884978E-08   7.59282628E-08
 xmod,eps,th    8.28884978E-08  0.779712677       10.9512339    
  
  phi bin:          11   252.000015     t_bin:            3  0.289000005    
  return eps_n_theta   0.191135079      0.779712677    
  L    1.33261549      0.289000005    
  T    1.32606196    
  LT   0.180869505      0.191135079    
  TT  -0.267635256      0.191135079    
  sig    9.25803150E-08  0.779712677       4.39823008    
 ratio check   0.887417972       9.25803150E-08   8.21574346E-08
 xmod,eps,th    9.25803150E-08  0.779712677       10.9512339    
  
  phi bin:          12   275.999969     t_bin:            3  0.289000005    
  return eps_n_theta   0.191135079      0.779712677    
  L    1.33261549      0.289000005    
  T    1.32606196    
  LT   0.180869505      0.191135079    
  TT  -0.267635256      0.191135079    
  sig    9.86453514E-08  0.779712677       4.81710863    
 ratio check   0.934140980       9.86453514E-08   9.21486674E-08
 xmod,eps,th    9.86453514E-08  0.779712677       10.9512339    
  
  phi bin:          13   300.000000     t_bin:            3  0.289000005    
  return eps_n_theta   0.191135079      0.779712677    
  L    1.33261549      0.289000005    
  T    1.32606196    
  LT   0.180869505      0.191135079    
  TT  -0.267635256      0.191135079    
  sig    9.93805500E-08  0.779712677       5.23598766    
 ratio check   0.781275988       9.93805500E-08   7.76436409E-08
 xmod,eps,th    9.93805500E-08  0.779712677       10.9512339    
  
  phi bin:          14   324.000031     t_bin:            3  0.289000005    
  return eps_n_theta   0.191135079      0.779712677    
  L    1.33261549      0.289000005    
  T    1.32606196    
  LT   0.180869505      0.191135079    
  TT  -0.267635256      0.191135079    
  sig    9.65087850E-08  0.779712677       5.65486717    
 ratio check   0.661469996       9.65087850E-08   6.38376676E-08
 xmod,eps,th    9.65087850E-08  0.779712677       10.9512339    
  
  phi bin:          15   347.999969     t_bin:            3  0.289000005    
  return eps_n_theta   0.191135079      0.779712677    
  L    1.33261549      0.289000005    
  T    1.32606196    
  LT   0.180869505      0.191135079    
  TT  -0.267635256      0.191135079    
  sig    9.36568298E-08  0.779712677       6.07374573    
 ratio check   0.807268977       9.36568298E-08   7.56062519E-08
 xmod,eps,th    9.36568298E-08  0.779712677       10.9512339    
xsect:     2.6094    0.0006    3.8778    0.0025   13.1041    4.0000
  
  phi bin:           1   12.0000000     t_bin:            4  0.331000000    
  return eps_n_theta   0.228710279      0.780094862    
  L   0.988584816      0.331000000    
  T    1.23793125    
  LT   0.140068397      0.191135079    
  TT  -0.197700009      0.191135079    
  sig    8.10490306E-08  0.780094862      0.209439516    
 ratio check   0.640614986       8.10490306E-08   5.19212229E-08
 xmod,eps,th    8.10490306E-08  0.780094862       13.1041336    
  
  phi bin:           2   36.0000000     t_bin:            4  0.331000000    
  return eps_n_theta   0.228710279      0.780094862    
  L   0.988584816      0.331000000    
  T    1.23793125    
  LT   0.167163000      0.228710279    
  TT  -0.281583130      0.228710279    
  sig    8.37575200E-08  0.780094862      0.628318548    
 ratio check   0.744871020       8.37575200E-08   6.23885512E-08
 xmod,eps,th    8.37575200E-08  0.780094862       13.1041336    
  
  phi bin:           3   60.0000000     t_bin:            4  0.331000000    
  return eps_n_theta   0.228710279      0.780094862    
  L   0.988584816      0.331000000    
  T    1.23793125    
  LT   0.167163000      0.228710279    
  TT  -0.281583130      0.228710279    
  sig    8.72995400E-08  0.780094862       1.04719758    
 ratio check   0.800503016       8.72995400E-08   6.98835478E-08
 xmod,eps,th    8.72995400E-08  0.780094862       13.1041336    
  
  phi bin:           4   84.0000000     t_bin:            4  0.331000000    
  return eps_n_theta   0.228710279      0.780094862    
  L   0.988584816      0.331000000    
  T    1.23793125    
  LT   0.167163000      0.228710279    
  TT  -0.281583130      0.228710279    
  sig    8.71008297E-08  0.780094862       1.46607661    
 ratio check   0.796536982       8.71008297E-08   6.93790341E-08
 xmod,eps,th    8.71008297E-08  0.780094862       13.1041336    
  
  phi bin:           5   108.000000     t_bin:            4  0.331000000    
  return eps_n_theta   0.228710279      0.780094862    
  L   0.988584816      0.331000000    
  T    1.23793125    
  LT   0.167163000      0.228710279    
  TT  -0.281583130      0.228710279    
  sig    8.12109846E-08  0.780094862       1.88495564    
 ratio check   0.902835011       8.12109846E-08   7.33201233E-08
 xmod,eps,th    8.12109846E-08  0.780094862       13.1041336    
  
  phi bin:           6   132.000000     t_bin:            4  0.331000000    
  return eps_n_theta   0.228710279      0.780094862    
  L   0.988584816      0.331000000    
  T    1.23793125    
  LT   0.167163000      0.228710279    
  TT  -0.281583130      0.228710279    
  sig    7.13504633E-08  0.780094862       2.30383468    
 ratio check   0.853848994       7.13504633E-08   6.09225239E-08
 xmod,eps,th    7.13504633E-08  0.780094862       13.1041336    
  
  phi bin:           7   156.000000     t_bin:            4  0.331000000    
  return eps_n_theta   0.228710279      0.780094862    
  L   0.988584816      0.331000000    
  T    1.23793125    
  LT   0.167163000      0.228710279    
  TT  -0.281583130      0.228710279    
  sig    6.21485654E-08  0.780094862       2.72271371    
 ratio check   0.877824008       6.21485654E-08   5.45555032E-08
 xmod,eps,th    6.21485654E-08  0.780094862       13.1041336    
  
  phi bin:           8   180.000000     t_bin:            4  0.331000000    
  return eps_n_theta   0.228710279      0.780094862    
  L   0.988584816      0.331000000    
  T    1.23793125    
  LT   0.167163000      0.228710279    
  TT  -0.281583130      0.228710279    
  sig    5.84078492E-08  0.780094862       3.14159274    
 ratio check   0.949253023       5.84078492E-08   5.54438273E-08
 xmod,eps,th    5.84078492E-08  0.780094862       13.1041336    
  
  phi bin:           9   204.000015     t_bin:            4  0.331000000    
  return eps_n_theta   0.228710279      0.780094862    
  L   0.988584816      0.331000000    
  T    1.23793125    
  LT   0.167163000      0.228710279    
  TT  -0.281583130      0.228710279    
  sig    6.21485654E-08  0.780094862       3.56047177    
 ratio check   0.919398010       6.21485654E-08   5.71392675E-08
 xmod,eps,th    6.21485654E-08  0.780094862       13.1041336    
  
  phi bin:          10   228.000000     t_bin:            4  0.331000000    
  return eps_n_theta   0.228710279      0.780094862    
  L   0.988584816      0.331000000    
  T    1.23793125    
  LT   0.167163000      0.228710279    
  TT  -0.281583130      0.228710279    
  sig    7.13504633E-08  0.780094862       3.97935081    
 ratio check   0.974811018       7.13504633E-08   6.95532165E-08
 xmod,eps,th    7.13504633E-08  0.780094862       13.1041336    
  
  phi bin:          11   252.000015     t_bin:            4  0.331000000    
  return eps_n_theta   0.228710279      0.780094862    
  L   0.988584816      0.331000000    
  T    1.23793125    
  LT   0.167163000      0.228710279    
  TT  -0.281583130      0.228710279    
  sig    8.12109917E-08  0.780094862       4.39823008    
 ratio check    1.02720594       8.12109917E-08   8.34204101E-08
 xmod,eps,th    8.12109917E-08  0.780094862       13.1041336    
  
  phi bin:          12   275.999969     t_bin:            4  0.331000000    
  return eps_n_theta   0.228710279      0.780094862    
  L   0.988584816      0.331000000    
  T    1.23793125    
  LT   0.167163000      0.228710279    
  TT  -0.281583130      0.228710279    
  sig    8.71008297E-08  0.780094862       4.81710863    
 ratio check   0.945712984       8.71008297E-08   8.23723880E-08
 xmod,eps,th    8.71008297E-08  0.780094862       13.1041336    
  
  phi bin:          13   300.000000     t_bin:            4  0.331000000    
  return eps_n_theta   0.228710279      0.780094862    
  L   0.988584816      0.331000000    
  T    1.23793125    
  LT   0.167163000      0.228710279    
  TT  -0.281583130      0.228710279    
  sig    8.72995400E-08  0.780094862       5.23598766    
 ratio check   0.816690028       8.72995400E-08   7.12966610E-08
 xmod,eps,th    8.72995400E-08  0.780094862       13.1041336    
  
  phi bin:          14   324.000031     t_bin:            4  0.331000000    
  return eps_n_theta   0.228710279      0.780094862    
  L   0.988584816      0.331000000    
  T    1.23793125    
  LT   0.167163000      0.228710279    
  TT  -0.281583130      0.228710279    
  sig    8.37575200E-08  0.780094862       5.65486717    
 ratio check   0.788551986       8.37575200E-08   6.60471571E-08
 xmod,eps,th    8.37575200E-08  0.780094862       13.1041336    
  
  phi bin:          15   347.999969     t_bin:            4  0.331000000    
  return eps_n_theta   0.228710279      0.780094862    
  L   0.988584816      0.331000000    
  T    1.23793125    
  LT   0.167163000      0.228710279    
  TT  -0.281583130      0.228710279    
  sig    8.04454814E-08  0.780094862       6.07374573    
 ratio check   0.750944972       8.04454814E-08   6.04101302E-08
 xmod,eps,th    8.04454814E-08  0.780094862       13.1041336    
xsect:     2.6003    0.0006    3.9189    0.0024   17.4241    5.0000
  
  phi bin:           1   12.0000000     t_bin:            5  0.426999986    
  return eps_n_theta   0.304108590      0.780156434    
  L   0.526563823      0.426999986    
  T    1.06568730    
  LT    9.49457660E-02  0.228710279    
  TT  -0.142600730      0.228710279    
  sig    6.00956938E-08  0.780156434      0.209439516    
 ratio check   0.610984981       6.00956938E-08   3.67175659E-08
 xmod,eps,th    6.00956938E-08  0.780156434       17.4241390    
  
  phi bin:           2   36.0000000     t_bin:            5  0.426999986    
  return eps_n_theta   0.304108590      0.780156434    
  L   0.526563823      0.426999986    
  T    1.06568730    
  LT   0.125399739      0.304108590    
  TT  -0.248750418      0.304108590    
  sig    6.22943190E-08  0.780156434      0.628318548    
 ratio check   0.770708978       6.22943190E-08   4.80107900E-08
 xmod,eps,th    6.22943190E-08  0.780156434       17.4241390    
  
  phi bin:           3   60.0000000     t_bin:            5  0.426999986    
  return eps_n_theta   0.304108590      0.780156434    
  L   0.526563823      0.426999986    
  T    1.06568730    
  LT   0.125399739      0.304108590    
  TT  -0.248750418      0.304108590    
  sig    6.59252350E-08  0.780156434       1.04719758    
 ratio check   0.846083999       6.59252350E-08   5.57782869E-08
 xmod,eps,th    6.59252350E-08  0.780156434       17.4241390    
  
  phi bin:           4   84.0000000     t_bin:            5  0.426999986    
  return eps_n_theta   0.304108590      0.780156434    
  L   0.526563823      0.426999986    
  T    1.06568730    
  LT   0.125399739      0.304108590    
  TT  -0.248750418      0.304108590    
  sig    6.63236293E-08  0.780156434       1.46607661    
 ratio check   0.937861979       6.63236293E-08   6.22024103E-08
 xmod,eps,th    6.63236293E-08  0.780156434       17.4241390    
  
  phi bin:           5   108.000000     t_bin:            5  0.426999986    
  return eps_n_theta   0.304108590      0.780156434    
  L   0.526563823      0.426999986    
  T    1.06568730    
  LT   0.125399739      0.304108590    
  TT  -0.248750418      0.304108590    
  sig    6.16385805E-08  0.780156434       1.88495564    
 ratio check   0.953281999       6.16385805E-08   5.87589497E-08
 xmod,eps,th    6.16385805E-08  0.780156434       17.4241390    
  
  phi bin:           6   132.000000     t_bin:            5  0.426999986    
  return eps_n_theta   0.304108590      0.780156434    
  L   0.526563823      0.426999986    
  T    1.06568730    
  LT   0.125399739      0.304108590    
  TT  -0.248750418      0.304108590    
  sig    5.33105151E-08  0.780156434       2.30383468    
 ratio check    1.02605402       5.33105151E-08   5.46994698E-08
 xmod,eps,th    5.33105151E-08  0.780156434       17.4241390    
  
  phi bin:           7   156.000000     t_bin:            5  0.426999986    
  return eps_n_theta   0.304108590      0.780156434    
  L   0.526563823      0.426999986    
  T    1.06568730    
  LT   0.125399739      0.304108590    
  TT  -0.248750418      0.304108590    
  sig    4.54050486E-08  0.780156434       2.72271371    
 ratio check   0.935769022       4.54050486E-08   4.24886366E-08
 xmod,eps,th    4.54050486E-08  0.780156434       17.4241390    
  
  phi bin:           8   180.000000     t_bin:            5  0.426999986    
  return eps_n_theta   0.304108590      0.780156434    
  L   0.526563823      0.426999986    
  T    1.06568730    
  LT   0.125399739      0.304108590    
  TT  -0.248750418      0.304108590    
  sig    4.21725339E-08  0.780156434       3.14159274    
 ratio check   0.973495007       4.21725339E-08   4.10547507E-08
 xmod,eps,th    4.21725339E-08  0.780156434       17.4241390    
  
  phi bin:           9   204.000015     t_bin:            5  0.426999986    
  return eps_n_theta   0.304108590      0.780156434    
  L   0.526563823      0.426999986    
  T    1.06568730    
  LT   0.125399739      0.304108590    
  TT  -0.248750418      0.304108590    
  sig    4.54050486E-08  0.780156434       3.56047177    
 ratio check    1.09802604       4.54050486E-08   4.98559238E-08
 xmod,eps,th    4.54050486E-08  0.780156434       17.4241390    
  
  phi bin:          10   228.000000     t_bin:            5  0.426999986    
  return eps_n_theta   0.304108590      0.780156434    
  L   0.526563823      0.426999986    
  T    1.06568730    
  LT   0.125399739      0.304108590    
  TT  -0.248750418      0.304108590    
  sig    5.33105151E-08  0.780156434       3.97935081    
 ratio check   0.951511025       5.33105151E-08   5.07255429E-08
 xmod,eps,th    5.33105151E-08  0.780156434       17.4241390    
  
  phi bin:          11   252.000015     t_bin:            5  0.426999986    
  return eps_n_theta   0.304108590      0.780156434    
  L   0.526563823      0.426999986    
  T    1.06568730    
  LT   0.125399739      0.304108590    
  TT  -0.248750418      0.304108590    
  sig    6.16385876E-08  0.780156434       4.39823008    
 ratio check   0.987221003       6.16385876E-08   6.08509083E-08
 xmod,eps,th    6.16385876E-08  0.780156434       17.4241390    
  
  phi bin:          12   275.999969     t_bin:            5  0.426999986    
  return eps_n_theta   0.304108590      0.780156434    
  L   0.526563823      0.426999986    
  T    1.06568730    
  LT   0.125399739      0.304108590    
  TT  -0.248750418      0.304108590    
  sig    6.63236293E-08  0.780156434       4.81710863    
 ratio check   0.959659994       6.63236293E-08   6.36481303E-08
 xmod,eps,th    6.63236293E-08  0.780156434       17.4241390    
  
  phi bin:          13   300.000000     t_bin:            5  0.426999986    
  return eps_n_theta   0.304108590      0.780156434    
  L   0.526563823      0.426999986    
  T    1.06568730    
  LT   0.125399739      0.304108590    
  TT  -0.248750418      0.304108590    
  sig    6.59252350E-08  0.780156434       5.23598766    
 ratio check   0.832213998       6.59252350E-08   5.48639036E-08
 xmod,eps,th    6.59252350E-08  0.780156434       17.4241390    
  
  phi bin:          14   324.000031     t_bin:            5  0.426999986    
  return eps_n_theta   0.304108590      0.780156434    
  L   0.526563823      0.426999986    
  T    1.06568730    
  LT   0.125399739      0.304108590    
  TT  -0.248750418      0.304108590    
  sig    6.22943119E-08  0.780156434       5.65486717    
 ratio check   0.866101027       6.22943119E-08   5.39531690E-08
 xmod,eps,th    6.22943119E-08  0.780156434       17.4241390    
  
  phi bin:          15   347.999969     t_bin:            5  0.426999986    
  return eps_n_theta   0.304108590      0.780156434    
  L   0.526563823      0.426999986    
  T    1.06568730    
  LT   0.125399739      0.304108590    
  TT  -0.248750418      0.304108590    
  sig    5.90739049E-08  0.780156434       6.07374573    
 ratio check   0.733983994       5.90739049E-08   4.33593002E-08
 xmod,eps,th    5.90739049E-08  0.780156434       17.4241390    
  
