 list:     1   3.85000   0.29200   0.00000   0.16000   0.50000    0    1
 tmn, tmx:    0.16000   0.50000  for kset=    1
   6395.66016       3.84999990      0.291999996    
 xsect: Eb= 6.39566   at Q2= 3.8500  eps=0.2920  pol=pi
 xsect: r_fn=averages/Q3p85_W2p62_t0p21_aver_pi_385_292.dat                                  
 xsect: kin_fn=averages/Q3p85_W2p62_t0p21_avek_385.dat                                         
 xsect: xunsep_fn =xsects/Q3p85_W2p62_t0p21_x_unsep_pi_385_292.dat
xsect:     2.6741    0.0004    3.6161    0.0016    5.6998    1.0000
 xmodel: p_fn=fit_params/iter04/par.pl_385                                                    
 xmodel:     11.2663     8.4230   1
 xmodel:      0.1764     0.0627   2
 xmodel:     -3.9210     0.6277   3
 xmodel:   -664.3187   241.3000   4
 xmodel:   2703.5251  1021.0000   5
 xmodel:     -0.2970     2.4280   6
 xmodel:      1.7700     0.0000   7
 xmodel:      0.0500     0.0000   8
 xmodel:    547.5576   137.0000   9
 xmodel:    -16.4548     5.2380  10
 xmodel:     -0.9000     0.0000  11
 xmodel:   -139.2360    33.8100  12
 xmodel:    109.6491   233.5000  13
 xmodel:    -46.7163    42.4900  14
 xmodel:      6.5000     0.0000  15
 xmodel:      0.2896     0.7244  16
xmodel: eps=0.287 t=0.198 sigL=  18.33 sigT= 14.40 sigTT=-0.70 sigLT= 3.04 x_mod=0.8916E-07
xsect:     2.6350    0.0005    3.7749    0.0019    9.0425    2.0000
 xmodel: p_fn=fit_params/iter04/par.pl_385                                                    
 xmodel:     11.2663     8.4230   1
 xmodel:      0.1764     0.0627   2
 xmodel:     -3.9210     0.6277   3
 xmodel:   -664.3187   241.3000   4
 xmodel:   2703.5251  1021.0000   5
 xmodel:     -0.2970     2.4280   6
 xmodel:      1.7700     0.0000   7
 xmodel:      0.0500     0.0000   8
 xmodel:    547.5576   137.0000   9
 xmodel:    -16.4548     5.2380  10
 xmodel:     -0.9000     0.0000  11
 xmodel:   -139.2360    33.8100  12
 xmodel:    109.6491   233.5000  13
 xmodel:    -46.7163    42.4900  14
 xmodel:      6.5000     0.0000  15
 xmodel:      0.2896     0.7244  16
xmodel: eps=0.292 t=0.254 sigL=   8.75 sigT= 13.62 sigTT=-1.55 sigLT= 2.81 x_mod=0.7855E-07
xsect:     2.6176    0.0006    3.8460    0.0023   10.9752    3.0000
 xmodel: p_fn=fit_params/iter04/par.pl_385                                                    
 xmodel:     11.2663     8.4230   1
 xmodel:      0.1764     0.0627   2
 xmodel:     -3.9210     0.6277   3
 xmodel:   -664.3187   241.3000   4
 xmodel:   2703.5251  1021.0000   5
 xmodel:     -0.2970     2.4280   6
 xmodel:      1.7700     0.0000   7
 xmodel:      0.0500     0.0000   8
 xmodel:    547.5576   137.0000   9
 xmodel:    -16.4548     5.2380  10
 xmodel:     -0.9000     0.0000  11
 xmodel:   -139.2360    33.8100  12
 xmodel:    109.6491   233.5000  13
 xmodel:    -46.7163    42.4900  14
 xmodel:      6.5000     0.0000  15
 xmodel:      0.2896     0.7244  16
xmodel: eps=0.293 t=0.291 sigL=   5.63 sigT= 12.72 sigTT=-1.96 sigLT= 2.14 x_mod=0.6994E-07
xsect:     2.6071    0.0006    3.8866    0.0025   13.1958    4.0000
 xmodel: p_fn=fit_params/iter04/par.pl_385                                                    
 xmodel:     11.2663     8.4230   1
 xmodel:      0.1764     0.0627   2
 xmodel:     -3.9210     0.6277   3
 xmodel:   -664.3187   241.3000   4
 xmodel:   2703.5251  1021.0000   5
 xmodel:     -0.2970     2.4280   6
 xmodel:      1.7700     0.0000   7
 xmodel:      0.0500     0.0000   8
 xmodel:    547.5576   137.0000   9
 xmodel:    -16.4548     5.2380  10
 xmodel:     -0.9000     0.0000  11
 xmodel:   -139.2360    33.8100  12
 xmodel:    109.6491   233.5000  13
 xmodel:    -46.7163    42.4900  14
 xmodel:      6.5000     0.0000  15
 xmodel:      0.2896     0.7244  16
xmodel: eps=0.295 t=0.334 sigL=   3.95 sigT= 11.24 sigTT=-2.27 sigLT= 1.66 x_mod=0.6009E-07
xsect:     2.5971    0.0006    3.9316    0.0024   17.4280    5.0000
 xmodel: p_fn=fit_params/iter04/par.pl_385                                                    
 xmodel:     11.2663     8.4230   1
 xmodel:      0.1764     0.0627   2
 xmodel:     -3.9210     0.6277   3
 xmodel:   -664.3187   241.3000   4
 xmodel:   2703.5251  1021.0000   5
 xmodel:     -0.2970     2.4280   6
 xmodel:      1.7700     0.0000   7
 xmodel:      0.0500     0.0000   8
 xmodel:    547.5576   137.0000   9
 xmodel:    -16.4548     5.2380  10
 xmodel:     -0.9000     0.0000  11
 xmodel:   -139.2360    33.8100  12
 xmodel:    109.6491   233.5000  13
 xmodel:    -46.7163    42.4900  14
 xmodel:      6.5000     0.0000  15
 xmodel:      0.2896     0.7244  16
xmodel: eps=0.295 t=0.429 sigL=   2.26 sigT=  8.15 sigTT=-1.92 sigLT= 2.42 x_mod=0.4798E-07
  
 list:     1   3.85000   0.29200   0.00000   0.16000   0.50000    0    1
 list:     1   3.85000   0.77900   0.00000   0.16000   0.50000    0    2
 tmn, tmx:    0.16000   0.50000  for kset=    2
   6395.66016       3.84999990      0.291999996    
   10557.3018       3.84999990      0.778999984    
 xsect: Eb=10.55730   at Q2= 3.8500  eps=0.7790  pol=pi
 xsect: r_fn=averages/Q3p85_W2p62_t0p21_aver_pi_385_779.dat                                  
 xsect: kin_fn=averages/Q3p85_W2p62_t0p21_avek_385.dat                                         
 xsect: xunsep_fn =xsects/Q3p85_W2p62_t0p21_x_unsep_pi_385_779.dat
xsect:     2.6741    0.0004    3.6161    0.0016    5.6998    1.0000
 xmodel: p_fn=fit_params/iter04/par.pl_385                                                    
 xmodel:     11.2663     8.4230   1
 xmodel:      0.1764     0.0627   2
 xmodel:     -3.9210     0.6277   3
 xmodel:   -664.3187   241.3000   4
 xmodel:   2703.5251  1021.0000   5
 xmodel:     -0.2970     2.4280   6
 xmodel:      1.7700     0.0000   7
 xmodel:      0.0500     0.0000   8
 xmodel:    547.5576   137.0000   9
 xmodel:    -16.4548     5.2380  10
 xmodel:     -0.9000     0.0000  11
 xmodel:   -139.2360    33.8100  12
 xmodel:    109.6491   233.5000  13
 xmodel:    -46.7163    42.4900  14
 xmodel:      6.5000     0.0000  15
 xmodel:      0.2896     0.7244  16
xmodel: eps=0.778 t=0.198 sigL=  18.33 sigT= 14.40 sigTT=-0.70 sigLT= 3.04 x_mod=0.1340E-06
xsect:     2.6350    0.0005    3.7749    0.0019    9.0425    2.0000
 xmodel: p_fn=fit_params/iter04/par.pl_385                                                    
 xmodel:     11.2663     8.4230   1
 xmodel:      0.1764     0.0627   2
 xmodel:     -3.9210     0.6277   3
 xmodel:   -664.3187   241.3000   4
 xmodel:   2703.5251  1021.0000   5
 xmodel:     -0.2970     2.4280   6
 xmodel:      1.7700     0.0000   7
 xmodel:      0.0500     0.0000   8
 xmodel:    547.5576   137.0000   9
 xmodel:    -16.4548     5.2380  10
 xmodel:     -0.9000     0.0000  11
 xmodel:   -139.2360    33.8100  12
 xmodel:    109.6491   233.5000  13
 xmodel:    -46.7163    42.4900  14
 xmodel:      6.5000     0.0000  15
 xmodel:      0.2896     0.7244  16
xmodel: eps=0.779 t=0.254 sigL=   8.75 sigT= 13.62 sigTT=-1.55 sigLT= 2.81 x_mod=0.1035E-06
xsect:     2.6176    0.0006    3.8460    0.0023   10.9752    3.0000
 xmodel: p_fn=fit_params/iter04/par.pl_385                                                    
 xmodel:     11.2663     8.4230   1
 xmodel:      0.1764     0.0627   2
 xmodel:     -3.9210     0.6277   3
 xmodel:   -664.3187   241.3000   4
 xmodel:   2703.5251  1021.0000   5
 xmodel:     -0.2970     2.4280   6
 xmodel:      1.7700     0.0000   7
 xmodel:      0.0500     0.0000   8
 xmodel:    547.5576   137.0000   9
 xmodel:    -16.4548     5.2380  10
 xmodel:     -0.9000     0.0000  11
 xmodel:   -139.2360    33.8100  12
 xmodel:    109.6491   233.5000  13
 xmodel:    -46.7163    42.4900  14
 xmodel:      6.5000     0.0000  15
 xmodel:      0.2896     0.7244  16
xmodel: eps=0.780 t=0.291 sigL=   5.63 sigT= 12.72 sigTT=-1.96 sigLT= 2.14 x_mod=0.8568E-07
xsect:     2.6071    0.0006    3.8866    0.0025   13.1958    4.0000
 xmodel: p_fn=fit_params/iter04/par.pl_385                                                    
 xmodel:     11.2663     8.4230   1
 xmodel:      0.1764     0.0627   2
 xmodel:     -3.9210     0.6277   3
 xmodel:   -664.3187   241.3000   4
 xmodel:   2703.5251  1021.0000   5
 xmodel:     -0.2970     2.4280   6
 xmodel:      1.7700     0.0000   7
 xmodel:      0.0500     0.0000   8
 xmodel:    547.5576   137.0000   9
 xmodel:    -16.4548     5.2380  10
 xmodel:     -0.9000     0.0000  11
 xmodel:   -139.2360    33.8100  12
 xmodel:    109.6491   233.5000  13
 xmodel:    -46.7163    42.4900  14
 xmodel:      6.5000     0.0000  15
 xmodel:      0.2896     0.7244  16
xmodel: eps=0.780 t=0.334 sigL=   3.95 sigT= 11.24 sigTT=-2.27 sigLT= 1.66 x_mod=0.7010E-07
xsect:     2.5971    0.0006    3.9316    0.0024   17.4280    5.0000
 xmodel: p_fn=fit_params/iter04/par.pl_385                                                    
 xmodel:     11.2663     8.4230   1
 xmodel:      0.1764     0.0627   2
 xmodel:     -3.9210     0.6277   3
 xmodel:   -664.3187   241.3000   4
 xmodel:   2703.5251  1021.0000   5
 xmodel:     -0.2970     2.4280   6
 xmodel:      1.7700     0.0000   7
 xmodel:      0.0500     0.0000   8
 xmodel:    547.5576   137.0000   9
 xmodel:    -16.4548     5.2380  10
 xmodel:     -0.9000     0.0000  11
 xmodel:   -139.2360    33.8100  12
 xmodel:    109.6491   233.5000  13
 xmodel:    -46.7163    42.4900  14
 xmodel:      6.5000     0.0000  15
 xmodel:      0.2896     0.7244  16
xmodel: eps=0.780 t=0.429 sigL=   2.26 sigT=  8.15 sigTT=-1.92 sigLT= 2.42 x_mod=0.5778E-07
  
