 list:     1   3.85000   0.29200   0.00000   0.16000   0.50000    0    1
 tmn, tmx:    0.16000   0.50000  for kset=    1
   6395.66016       3.84999990      0.291999996    
 xsect: Eb= 6.39566   at Q2= 3.8500  eps=0.2920  pol=pi
 xsect: r_fn=averages/Q3p85_W2p62_t0p21_aver_pi_385_292.dat                                  
 xsect: kin_fn=averages/Q3p85_W2p62_t0p21_avek_385.dat                                         
 xsect: xunsep_fn =xsects/Q3p85_W2p62_t0p21_x_unsep_pi_385_292.dat
xsect:     2.6741    0.0004    3.6161    0.0016    5.6998    1.0000
 xmodel: p_fn=fit_params/iter02/par.pl_385                                                    
 xmodel:     22.2827    15.8200   1
 xmodel:      0.1157     0.0598   2
 xmodel:     -3.0590     0.6081   3
 xmodel:   -946.1828   459.0000   4
 xmodel:   3867.1550  1961.0000   5
 xmodel:     -2.6224     3.4230   6
 xmodel:      1.7700     0.0000   7
 xmodel:      0.0500     0.0000   8
 xmodel:    629.3882   239.1000   9
 xmodel:    -22.3589    10.6500  10
 xmodel:     -1.0000     0.0000  11
 xmodel:   -191.9654    67.8800  12
 xmodel:    -31.0149   231.2000  13
 xmodel:    -41.8064    42.3700  14
 xmodel:      6.5000     0.0000  15
 xmodel:      0.3742     0.7196  16
xmodel: eps=0.287 t=0.198 sigL=  17.11 sigT= 15.27 sigTT=-0.45 sigLT= 2.96 x_mod=0.9124E-07
xsect:     2.6350    0.0005    3.7749    0.0019    9.0425    2.0000
 xmodel: p_fn=fit_params/iter02/par.pl_385                                                    
 xmodel:     22.2827    15.8200   1
 xmodel:      0.1157     0.0598   2
 xmodel:     -3.0590     0.6081   3
 xmodel:   -946.1828   459.0000   4
 xmodel:   3867.1550  1961.0000   5
 xmodel:     -2.6224     3.4230   6
 xmodel:      1.7700     0.0000   7
 xmodel:      0.0500     0.0000   8
 xmodel:    629.3882   239.1000   9
 xmodel:    -22.3589    10.6500  10
 xmodel:     -1.0000     0.0000  11
 xmodel:   -191.9654    67.8800  12
 xmodel:    -31.0149   231.2000  13
 xmodel:    -41.8064    42.3700  14
 xmodel:      6.5000     0.0000  15
 xmodel:      0.3742     0.7196  16
xmodel: eps=0.292 t=0.254 sigL=   7.32 sigT= 14.11 sigTT=-1.33 sigLT= 3.25 x_mod=0.8075E-07
xsect:     2.6176    0.0006    3.8460    0.0023   10.9752    3.0000
 xmodel: p_fn=fit_params/iter02/par.pl_385                                                    
 xmodel:     22.2827    15.8200   1
 xmodel:      0.1157     0.0598   2
 xmodel:     -3.0590     0.6081   3
 xmodel:   -946.1828   459.0000   4
 xmodel:   3867.1550  1961.0000   5
 xmodel:     -2.6224     3.4230   6
 xmodel:      1.7700     0.0000   7
 xmodel:      0.0500     0.0000   8
 xmodel:    629.3882   239.1000   9
 xmodel:    -22.3589    10.6500  10
 xmodel:     -1.0000     0.0000  11
 xmodel:   -191.9654    67.8800  12
 xmodel:    -31.0149   231.2000  13
 xmodel:    -41.8064    42.3700  14
 xmodel:      6.5000     0.0000  15
 xmodel:      0.3742     0.7196  16
xmodel: eps=0.293 t=0.291 sigL=   4.39 sigT= 13.17 sigTT=-1.85 sigLT= 2.64 x_mod=0.7237E-07
xsect:     2.6071    0.0006    3.8866    0.0025   13.1958    4.0000
 xmodel: p_fn=fit_params/iter02/par.pl_385                                                    
 xmodel:     22.2827    15.8200   1
 xmodel:      0.1157     0.0598   2
 xmodel:     -3.0590     0.6081   3
 xmodel:   -946.1828   459.0000   4
 xmodel:   3867.1550  1961.0000   5
 xmodel:     -2.6224     3.4230   6
 xmodel:      1.7700     0.0000   7
 xmodel:      0.0500     0.0000   8
 xmodel:    629.3882   239.1000   9
 xmodel:    -22.3589    10.6500  10
 xmodel:     -1.0000     0.0000  11
 xmodel:   -191.9654    67.8800  12
 xmodel:    -31.0149   231.2000  13
 xmodel:    -41.8064    42.3700  14
 xmodel:      6.5000     0.0000  15
 xmodel:      0.3742     0.7196  16
xmodel: eps=0.295 t=0.334 sigL=   2.83 sigT= 11.85 sigTT=-2.35 sigLT= 2.01 x_mod=0.6261E-07
xsect:     2.5971    0.0006    3.9316    0.0024   17.4280    5.0000
 xmodel: p_fn=fit_params/iter02/par.pl_385                                                    
 xmodel:     22.2827    15.8200   1
 xmodel:      0.1157     0.0598   2
 xmodel:     -3.0590     0.6081   3
 xmodel:   -946.1828   459.0000   4
 xmodel:   3867.1550  1961.0000   5
 xmodel:     -2.6224     3.4230   6
 xmodel:      1.7700     0.0000   7
 xmodel:      0.0500     0.0000   8
 xmodel:    629.3882   239.1000   9
 xmodel:    -22.3589    10.6500  10
 xmodel:     -1.0000     0.0000  11
 xmodel:   -191.9654    67.8800  12
 xmodel:    -31.0149   231.2000  13
 xmodel:    -41.8064    42.3700  14
 xmodel:      6.5000     0.0000  15
 xmodel:      0.3742     0.7196  16
xmodel: eps=0.295 t=0.429 sigL=   1.34 sigT=  9.12 sigTT=-2.54 sigLT= 1.97 x_mod=0.4869E-07
  
 list:     1   3.85000   0.29200   0.00000   0.16000   0.50000    0    1
 list:     1   3.85000   0.77900   0.00000   0.16000   0.50000    0    2
 tmn, tmx:    0.16000   0.50000  for kset=    2
   6395.66016       3.84999990      0.291999996    
   10557.3018       3.84999990      0.778999984    
 xsect: Eb=10.55730   at Q2= 3.8500  eps=0.7790  pol=pi
 xsect: r_fn=averages/Q3p85_W2p62_t0p21_aver_pi_385_779.dat                                  
 xsect: kin_fn=averages/Q3p85_W2p62_t0p21_avek_385.dat                                         
 xsect: xunsep_fn =xsects/Q3p85_W2p62_t0p21_x_unsep_pi_385_779.dat
xsect:     2.6741    0.0004    3.6161    0.0016    5.6998    1.0000
 xmodel: p_fn=fit_params/iter02/par.pl_385                                                    
 xmodel:     22.2827    15.8200   1
 xmodel:      0.1157     0.0598   2
 xmodel:     -3.0590     0.6081   3
 xmodel:   -946.1828   459.0000   4
 xmodel:   3867.1550  1961.0000   5
 xmodel:     -2.6224     3.4230   6
 xmodel:      1.7700     0.0000   7
 xmodel:      0.0500     0.0000   8
 xmodel:    629.3882   239.1000   9
 xmodel:    -22.3589    10.6500  10
 xmodel:     -1.0000     0.0000  11
 xmodel:   -191.9654    67.8800  12
 xmodel:    -31.0149   231.2000  13
 xmodel:    -41.8064    42.3700  14
 xmodel:      6.5000     0.0000  15
 xmodel:      0.3742     0.7196  16
xmodel: eps=0.778 t=0.198 sigL=  17.11 sigT= 15.27 sigTT=-0.45 sigLT= 2.96 x_mod=0.1339E-06
xsect:     2.6350    0.0005    3.7749    0.0019    9.0425    2.0000
 xmodel: p_fn=fit_params/iter02/par.pl_385                                                    
 xmodel:     22.2827    15.8200   1
 xmodel:      0.1157     0.0598   2
 xmodel:     -3.0590     0.6081   3
 xmodel:   -946.1828   459.0000   4
 xmodel:   3867.1550  1961.0000   5
 xmodel:     -2.6224     3.4230   6
 xmodel:      1.7700     0.0000   7
 xmodel:      0.0500     0.0000   8
 xmodel:    629.3882   239.1000   9
 xmodel:    -22.3589    10.6500  10
 xmodel:     -1.0000     0.0000  11
 xmodel:   -191.9654    67.8800  12
 xmodel:    -31.0149   231.2000  13
 xmodel:    -41.8064    42.3700  14
 xmodel:      6.5000     0.0000  15
 xmodel:      0.3742     0.7196  16
xmodel: eps=0.779 t=0.254 sigL=   7.32 sigT= 14.11 sigTT=-1.33 sigLT= 3.25 x_mod=0.1046E-06
xsect:     2.6176    0.0006    3.8460    0.0023   10.9752    3.0000
 xmodel: p_fn=fit_params/iter02/par.pl_385                                                    
 xmodel:     22.2827    15.8200   1
 xmodel:      0.1157     0.0598   2
 xmodel:     -3.0590     0.6081   3
 xmodel:   -946.1828   459.0000   4
 xmodel:   3867.1550  1961.0000   5
 xmodel:     -2.6224     3.4230   6
 xmodel:      1.7700     0.0000   7
 xmodel:      0.0500     0.0000   8
 xmodel:    629.3882   239.1000   9
 xmodel:    -22.3589    10.6500  10
 xmodel:     -1.0000     0.0000  11
 xmodel:   -191.9654    67.8800  12
 xmodel:    -31.0149   231.2000  13
 xmodel:    -41.8064    42.3700  14
 xmodel:      6.5000     0.0000  15
 xmodel:      0.3742     0.7196  16
xmodel: eps=0.780 t=0.291 sigL=   4.39 sigT= 13.17 sigTT=-1.85 sigLT= 2.64 x_mod=0.8740E-07
xsect:     2.6071    0.0006    3.8866    0.0025   13.1958    4.0000
 xmodel: p_fn=fit_params/iter02/par.pl_385                                                    
 xmodel:     22.2827    15.8200   1
 xmodel:      0.1157     0.0598   2
 xmodel:     -3.0590     0.6081   3
 xmodel:   -946.1828   459.0000   4
 xmodel:   3867.1550  1961.0000   5
 xmodel:     -2.6224     3.4230   6
 xmodel:      1.7700     0.0000   7
 xmodel:      0.0500     0.0000   8
 xmodel:    629.3882   239.1000   9
 xmodel:    -22.3589    10.6500  10
 xmodel:     -1.0000     0.0000  11
 xmodel:   -191.9654    67.8800  12
 xmodel:    -31.0149   231.2000  13
 xmodel:    -41.8064    42.3700  14
 xmodel:      6.5000     0.0000  15
 xmodel:      0.3742     0.7196  16
xmodel: eps=0.780 t=0.334 sigL=   2.83 sigT= 11.85 sigTT=-2.35 sigLT= 2.01 x_mod=0.7121E-07
xsect:     2.5971    0.0006    3.9316    0.0024   17.4280    5.0000
 xmodel: p_fn=fit_params/iter02/par.pl_385                                                    
 xmodel:     22.2827    15.8200   1
 xmodel:      0.1157     0.0598   2
 xmodel:     -3.0590     0.6081   3
 xmodel:   -946.1828   459.0000   4
 xmodel:   3867.1550  1961.0000   5
 xmodel:     -2.6224     3.4230   6
 xmodel:      1.7700     0.0000   7
 xmodel:      0.0500     0.0000   8
 xmodel:    629.3882   239.1000   9
 xmodel:    -22.3589    10.6500  10
 xmodel:     -1.0000     0.0000  11
 xmodel:   -191.9654    67.8800  12
 xmodel:    -31.0149   231.2000  13
 xmodel:    -41.8064    42.3700  14
 xmodel:      6.5000     0.0000  15
 xmodel:      0.3742     0.7196  16
xmodel: eps=0.780 t=0.429 sigL=   1.34 sigT=  9.12 sigTT=-2.54 sigLT= 1.97 x_mod=0.5355E-07
  
