 list:     1   3.85000   0.29200   0.00000   0.16000   0.50000    0    1
 tmn, tmx:    0.16000   0.50000  for kset=    1
   6395.66016       3.84999990      0.291999996    
 xsect: Eb= 6.39566   at Q2= 3.8500  eps=0.2920  pol=pi
 xsect: r_fn=averages/Q3p85_W2p62_t0p21_aver_pi_385_292.dat                                  
 xsect: kin_fn=averages/Q3p85_W2p62_t0p21_avek_385.dat                                         
 xsect: xunsep_fn =xsects/Q3p85_W2p62_t0p21_x_unsep_pi_385_292.dat
xsect:     2.6741    0.0004    3.6160    0.0016    5.7017    1.0000
 xmodel: p_fn=fit_params/iter02/par.pl_385                                                    
 xmodel:     30.4584    18.5400   1
 xmodel:      0.0830     0.0517   2
 xmodel:     -2.8693     0.5442   3
 xmodel:   -357.1378    84.7600   4
 xmodel:   1458.8551   371.4000   5
 xmodel:      2.3214     2.0080   6
 xmodel:      1.7700     0.0000   7
 xmodel:      0.0500     0.0000   8
 xmodel:    -42.9494    31.0300   9
 xmodel:     12.7642     4.4580  10
 xmodel:     -1.0000     0.0000  11
 xmodel:     -1.0258     0.7855  12
 xmodel:     18.1892   496.5000  13
 xmodel:      0.7653   122.7000  14
 xmodel:     -0.5000     0.0000  15
 xmodel:     -4.3025    40.5500  16
xmodel: eps=0.287 t=0.198 sigL=  17.11 sigT= 14.12 sigTT=-0.35 sigLT= 3.09 x_mod=0.8716E-07
xsect:     2.6350    0.0005    3.7749    0.0019    9.0416    2.0000
 xmodel: p_fn=fit_params/iter02/par.pl_385                                                    
 xmodel:     30.4584    18.5400   1
 xmodel:      0.0830     0.0517   2
 xmodel:     -2.8693     0.5442   3
 xmodel:   -357.1378    84.7600   4
 xmodel:   1458.8551   371.4000   5
 xmodel:      2.3214     2.0080   6
 xmodel:      1.7700     0.0000   7
 xmodel:      0.0500     0.0000   8
 xmodel:    -42.9494    31.0300   9
 xmodel:     12.7642     4.4580  10
 xmodel:     -1.0000     0.0000  11
 xmodel:     -1.0258     0.7855  12
 xmodel:     18.1892   496.5000  13
 xmodel:      0.7653   122.7000  14
 xmodel:     -0.5000     0.0000  15
 xmodel:     -4.3025    40.5500  16
xmodel: eps=0.292 t=0.254 sigL=   9.62 sigT= 12.70 sigTT=-0.71 sigLT= 4.17 x_mod=0.8164E-07
xsect:     2.6180    0.0006    3.8439    0.0024   10.9290    3.0000
 xmodel: p_fn=fit_params/iter02/par.pl_385                                                    
 xmodel:     30.4584    18.5400   1
 xmodel:      0.0830     0.0517   2
 xmodel:     -2.8693     0.5442   3
 xmodel:   -357.1378    84.7600   4
 xmodel:   1458.8551   371.4000   5
 xmodel:      2.3214     2.0080   6
 xmodel:      1.7700     0.0000   7
 xmodel:      0.0500     0.0000   8
 xmodel:    -42.9494    31.0300   9
 xmodel:     12.7642     4.4580  10
 xmodel:     -1.0000     0.0000  11
 xmodel:     -1.0258     0.7855  12
 xmodel:     18.1892   496.5000  13
 xmodel:      0.7653   122.7000  14
 xmodel:     -0.5000     0.0000  15
 xmodel:     -4.3025    40.5500  16
xmodel: eps=0.293 t=0.290 sigL=   7.00 sigT= 11.75 sigTT=-0.87 sigLT= 4.50 x_mod=0.7761E-07
xsect:     2.6073    0.0006    3.8862    0.0025   13.0335    4.0000
 xmodel: p_fn=fit_params/iter02/par.pl_385                                                    
 xmodel:     30.4584    18.5400   1
 xmodel:      0.0830     0.0517   2
 xmodel:     -2.8693     0.5442   3
 xmodel:   -357.1378    84.7600   4
 xmodel:   1458.8551   371.4000   5
 xmodel:      2.3214     2.0080   6
 xmodel:      1.7700     0.0000   7
 xmodel:      0.0500     0.0000   8
 xmodel:    -42.9494    31.0300   9
 xmodel:     12.7642     4.4580  10
 xmodel:     -1.0000     0.0000  11
 xmodel:     -1.0258     0.7855  12
 xmodel:     18.1892   496.5000  13
 xmodel:      0.7653   122.7000  14
 xmodel:     -0.5000     0.0000  15
 xmodel:     -4.3025    40.5500  16
xmodel: eps=0.295 t=0.331 sigL=   5.53 sigT= 10.61 sigTT=-0.98 sigLT= 4.69 x_mod=0.7266E-07
xsect:     2.5977    0.0006    3.9287    0.0023   17.3617    5.0000
 xmodel: p_fn=fit_params/iter02/par.pl_385                                                    
 xmodel:     30.4584    18.5400   1
 xmodel:      0.0830     0.0517   2
 xmodel:     -2.8693     0.5442   3
 xmodel:   -357.1378    84.7600   4
 xmodel:   1458.8551   371.4000   5
 xmodel:      2.3214     2.0080   6
 xmodel:      1.7700     0.0000   7
 xmodel:      0.0500     0.0000   8
 xmodel:    -42.9494    31.0300   9
 xmodel:     12.7642     4.4580  10
 xmodel:     -1.0000     0.0000  11
 xmodel:     -1.0258     0.7855  12
 xmodel:     18.1892   496.5000  13
 xmodel:      0.7653   122.7000  14
 xmodel:     -0.5000     0.0000  15
 xmodel:     -4.3025    40.5500  16
xmodel: eps=0.295 t=0.427 sigL=   4.23 sigT=  8.19 sigTT=-0.95 sigLT= 4.56 x_mod=0.6050E-07
  
 list:     1   3.85000   0.29200   0.00000   0.16000   0.50000    0    1
 list:     1   3.85000   0.77900   0.00000   0.16000   0.50000    0    2
 tmn, tmx:    0.16000   0.50000  for kset=    2
   6395.66016       3.84999990      0.291999996    
   10557.3018       3.84999990      0.778999984    
 xsect: Eb=10.55730   at Q2= 3.8500  eps=0.7790  pol=pi
 xsect: r_fn=averages/Q3p85_W2p62_t0p21_aver_pi_385_779.dat                                  
 xsect: kin_fn=averages/Q3p85_W2p62_t0p21_avek_385.dat                                         
 xsect: xunsep_fn =xsects/Q3p85_W2p62_t0p21_x_unsep_pi_385_779.dat
xsect:     2.6741    0.0004    3.6160    0.0016    5.7017    1.0000
 xmodel: p_fn=fit_params/iter02/par.pl_385                                                    
 xmodel:     30.4584    18.5400   1
 xmodel:      0.0830     0.0517   2
 xmodel:     -2.8693     0.5442   3
 xmodel:   -357.1378    84.7600   4
 xmodel:   1458.8551   371.4000   5
 xmodel:      2.3214     2.0080   6
 xmodel:      1.7700     0.0000   7
 xmodel:      0.0500     0.0000   8
 xmodel:    -42.9494    31.0300   9
 xmodel:     12.7642     4.4580  10
 xmodel:     -1.0000     0.0000  11
 xmodel:     -1.0258     0.7855  12
 xmodel:     18.1892   496.5000  13
 xmodel:      0.7653   122.7000  14
 xmodel:     -0.5000     0.0000  15
 xmodel:     -4.3025    40.5500  16
xmodel: eps=0.778 t=0.198 sigL=  17.11 sigT= 14.12 sigTT=-0.35 sigLT= 3.09 x_mod=0.1304E-06
xsect:     2.6350    0.0005    3.7749    0.0019    9.0416    2.0000
 xmodel: p_fn=fit_params/iter02/par.pl_385                                                    
 xmodel:     30.4584    18.5400   1
 xmodel:      0.0830     0.0517   2
 xmodel:     -2.8693     0.5442   3
 xmodel:   -357.1378    84.7600   4
 xmodel:   1458.8551   371.4000   5
 xmodel:      2.3214     2.0080   6
 xmodel:      1.7700     0.0000   7
 xmodel:      0.0500     0.0000   8
 xmodel:    -42.9494    31.0300   9
 xmodel:     12.7642     4.4580  10
 xmodel:     -1.0000     0.0000  11
 xmodel:     -1.0258     0.7855  12
 xmodel:     18.1892   496.5000  13
 xmodel:      0.7653   122.7000  14
 xmodel:     -0.5000     0.0000  15
 xmodel:     -4.3025    40.5500  16
xmodel: eps=0.779 t=0.254 sigL=   9.62 sigT= 12.70 sigTT=-0.71 sigLT= 4.17 x_mod=0.1147E-06
xsect:     2.6180    0.0006    3.8439    0.0024   10.9290    3.0000
 xmodel: p_fn=fit_params/iter02/par.pl_385                                                    
 xmodel:     30.4584    18.5400   1
 xmodel:      0.0830     0.0517   2
 xmodel:     -2.8693     0.5442   3
 xmodel:   -357.1378    84.7600   4
 xmodel:   1458.8551   371.4000   5
 xmodel:      2.3214     2.0080   6
 xmodel:      1.7700     0.0000   7
 xmodel:      0.0500     0.0000   8
 xmodel:    -42.9494    31.0300   9
 xmodel:     12.7642     4.4580  10
 xmodel:     -1.0000     0.0000  11
 xmodel:     -1.0258     0.7855  12
 xmodel:     18.1892   496.5000  13
 xmodel:      0.7653   122.7000  14
 xmodel:     -0.5000     0.0000  15
 xmodel:     -4.3025    40.5500  16
xmodel: eps=0.780 t=0.290 sigL=   7.00 sigT= 11.75 sigTT=-0.87 sigLT= 4.50 x_mod=0.1067E-06
xsect:     2.6073    0.0006    3.8862    0.0025   13.0335    4.0000
 xmodel: p_fn=fit_params/iter02/par.pl_385                                                    
 xmodel:     30.4584    18.5400   1
 xmodel:      0.0830     0.0517   2
 xmodel:     -2.8693     0.5442   3
 xmodel:   -357.1378    84.7600   4
 xmodel:   1458.8551   371.4000   5
 xmodel:      2.3214     2.0080   6
 xmodel:      1.7700     0.0000   7
 xmodel:      0.0500     0.0000   8
 xmodel:    -42.9494    31.0300   9
 xmodel:     12.7642     4.4580  10
 xmodel:     -1.0000     0.0000  11
 xmodel:     -1.0258     0.7855  12
 xmodel:     18.1892   496.5000  13
 xmodel:      0.7653   122.7000  14
 xmodel:     -0.5000     0.0000  15
 xmodel:     -4.3025    40.5500  16
xmodel: eps=0.780 t=0.331 sigL=   5.53 sigT= 10.61 sigTT=-0.98 sigLT= 4.69 x_mod=0.9941E-07
xsect:     2.5977    0.0006    3.9287    0.0023   17.3617    5.0000
 xmodel: p_fn=fit_params/iter02/par.pl_385                                                    
 xmodel:     30.4584    18.5400   1
 xmodel:      0.0830     0.0517   2
 xmodel:     -2.8693     0.5442   3
 xmodel:   -357.1378    84.7600   4
 xmodel:   1458.8551   371.4000   5
 xmodel:      2.3214     2.0080   6
 xmodel:      1.7700     0.0000   7
 xmodel:      0.0500     0.0000   8
 xmodel:    -42.9494    31.0300   9
 xmodel:     12.7642     4.4580  10
 xmodel:     -1.0000     0.0000  11
 xmodel:     -1.0258     0.7855  12
 xmodel:     18.1892   496.5000  13
 xmodel:      0.7653   122.7000  14
 xmodel:     -0.5000     0.0000  15
 xmodel:     -4.3025    40.5500  16
xmodel: eps=0.780 t=0.427 sigL=   4.23 sigT=  8.19 sigTT=-0.95 sigLT= 4.56 x_mod=0.8436E-07
  
