 list:     1   3.85000   0.29200   0.00000   0.16000   0.50000    0    1
 tmn, tmx:    0.16000   0.50000  for kset=    1
   6395.66016       3.84999990      0.291999996    
 xsect: Eb= 6.39566   at Q2= 3.8500  eps=0.2920  pol=pi
 xsect: r_fn=averages/Q3p85_W2p62_t0p21_aver_pi_385_292.dat                                  
 xsect: kin_fn=averages/Q3p85_W2p62_t0p21_avek_385.dat                                         
 xsect: xunsep_fn =xsects/Q3p85_W2p62_t0p21_x_unsep_pi_385_292.dat
xsect:     2.6741    0.0004    3.6160    0.0016    5.7017    1.0000
 xmodel: p_fn=fit_params/iter02/par.pl_385                                                    
 xmodel:      0.4968     0.3226   1
 xmodel:      0.2654     0.0545   2
 xmodel:     -2.0201     0.5487   3
 xmodel:   -597.2892   138.0000   4
 xmodel:   2426.2542   590.5000   5
 xmodel:      0.9698     1.7220   6
 xmodel:      1.7700     0.0000   7
 xmodel:      0.0500     0.0000   8
 xmodel:     80.6220    26.0400   9
 xmodel:     -4.5498     1.8400  10
 xmodel:     18.0000     0.0000  11
 xmodel:     -0.0005     0.0002  12
 xmodel:    -59.3937   255.7000  13
 xmodel:     -0.1542    32.4900  14
 xmodel:     -1.0000     0.0000  15
 xmodel:     -1.1949     1.4400  16
xmodel: eps=0.287 t=0.198 sigL=  20.84 sigT= 12.39 sigTT=-1.42 sigLT=-0.11 x_mod=0.7246E-07
xsect:     2.6350    0.0005    3.7749    0.0019    9.0416    2.0000
 xmodel: p_fn=fit_params/iter02/par.pl_385                                                    
 xmodel:      0.4968     0.3226   1
 xmodel:      0.2654     0.0545   2
 xmodel:     -2.0201     0.5487   3
 xmodel:   -597.2892   138.0000   4
 xmodel:   2426.2542   590.5000   5
 xmodel:      0.9698     1.7220   6
 xmodel:      1.7700     0.0000   7
 xmodel:      0.0500     0.0000   8
 xmodel:     80.6220    26.0400   9
 xmodel:     -4.5498     1.8400  10
 xmodel:     18.0000     0.0000  11
 xmodel:     -0.0005     0.0002  12
 xmodel:    -59.3937   255.7000  13
 xmodel:     -0.1542    32.4900  14
 xmodel:     -1.0000     0.0000  15
 xmodel:     -1.1949     1.4400  16
xmodel: eps=0.292 t=0.254 sigL=  10.58 sigT= 11.74 sigTT=-1.80 sigLT= 0.42 x_mod=0.6369E-07
xsect:     2.6180    0.0006    3.8439    0.0024   10.9290    3.0000
 xmodel: p_fn=fit_params/iter02/par.pl_385                                                    
 xmodel:      0.4968     0.3226   1
 xmodel:      0.2654     0.0545   2
 xmodel:     -2.0201     0.5487   3
 xmodel:   -597.2892   138.0000   4
 xmodel:   2426.2542   590.5000   5
 xmodel:      0.9698     1.7220   6
 xmodel:      1.7700     0.0000   7
 xmodel:      0.0500     0.0000   8
 xmodel:     80.6220    26.0400   9
 xmodel:     -4.5498     1.8400  10
 xmodel:     18.0000     0.0000  11
 xmodel:     -0.0005     0.0002  12
 xmodel:    -59.3937   255.7000  13
 xmodel:     -0.1542    32.4900  14
 xmodel:     -1.0000     0.0000  15
 xmodel:     -1.1949     1.4400  16
xmodel: eps=0.293 t=0.290 sigL=   7.16 sigT= 10.99 sigTT=-1.89 sigLT= 0.80 x_mod=0.5917E-07
xsect:     2.6073    0.0006    3.8862    0.0025   13.0335    4.0000
 xmodel: p_fn=fit_params/iter02/par.pl_385                                                    
 xmodel:      0.4968     0.3226   1
 xmodel:      0.2654     0.0545   2
 xmodel:     -2.0201     0.5487   3
 xmodel:   -597.2892   138.0000   4
 xmodel:   2426.2542   590.5000   5
 xmodel:      0.9698     1.7220   6
 xmodel:      1.7700     0.0000   7
 xmodel:      0.0500     0.0000   8
 xmodel:     80.6220    26.0400   9
 xmodel:     -4.5498     1.8400  10
 xmodel:     18.0000     0.0000  11
 xmodel:     -0.0005     0.0002  12
 xmodel:    -59.3937   255.7000  13
 xmodel:     -0.1542    32.4900  14
 xmodel:     -1.0000     0.0000  15
 xmodel:     -1.1949     1.4400  16
xmodel: eps=0.295 t=0.331 sigL=   5.23 sigT=  9.72 sigTT=-2.00 sigLT= 1.19 x_mod=0.5332E-07
xsect:     2.5977    0.0006    3.9287    0.0023   17.3617    5.0000
 xmodel: p_fn=fit_params/iter02/par.pl_385                                                    
 xmodel:      0.4968     0.3226   1
 xmodel:      0.2654     0.0545   2
 xmodel:     -2.0201     0.5487   3
 xmodel:   -597.2892   138.0000   4
 xmodel:   2426.2542   590.5000   5
 xmodel:      0.9698     1.7220   6
 xmodel:      1.7700     0.0000   7
 xmodel:      0.0500     0.0000   8
 xmodel:     80.6220    26.0400   9
 xmodel:     -4.5498     1.8400  10
 xmodel:     18.0000     0.0000  11
 xmodel:     -0.0005     0.0002  12
 xmodel:    -59.3937   255.7000  13
 xmodel:     -0.1542    32.4900  14
 xmodel:     -1.0000     0.0000  15
 xmodel:     -1.1949     1.4400  16
xmodel: eps=0.295 t=0.427 sigL=   3.39 sigT=  6.87 sigTT=-2.27 sigLT= 1.18 x_mod=0.3824E-07
  
 list:     1   3.85000   0.29200   0.00000   0.16000   0.50000    0    1
 list:     1   3.85000   0.77900   0.00000   0.16000   0.50000    0    2
 tmn, tmx:    0.16000   0.50000  for kset=    2
   6395.66016       3.84999990      0.291999996    
   10557.3018       3.84999990      0.778999984    
 xsect: Eb=10.55730   at Q2= 3.8500  eps=0.7790  pol=pi
 xsect: r_fn=averages/Q3p85_W2p62_t0p21_aver_pi_385_779.dat                                  
 xsect: kin_fn=averages/Q3p85_W2p62_t0p21_avek_385.dat                                         
 xsect: xunsep_fn =xsects/Q3p85_W2p62_t0p21_x_unsep_pi_385_779.dat
xsect:     2.6741    0.0004    3.6160    0.0016    5.7017    1.0000
 xmodel: p_fn=fit_params/iter02/par.pl_385                                                    
 xmodel:      0.4968     0.3226   1
 xmodel:      0.2654     0.0545   2
 xmodel:     -2.0201     0.5487   3
 xmodel:   -597.2892   138.0000   4
 xmodel:   2426.2542   590.5000   5
 xmodel:      0.9698     1.7220   6
 xmodel:      1.7700     0.0000   7
 xmodel:      0.0500     0.0000   8
 xmodel:     80.6220    26.0400   9
 xmodel:     -4.5498     1.8400  10
 xmodel:     18.0000     0.0000  11
 xmodel:     -0.0005     0.0002  12
 xmodel:    -59.3937   255.7000  13
 xmodel:     -0.1542    32.4900  14
 xmodel:     -1.0000     0.0000  15
 xmodel:     -1.1949     1.4400  16
xmodel: eps=0.778 t=0.198 sigL=  20.84 sigT= 12.39 sigTT=-1.42 sigLT=-0.11 x_mod=0.1110E-06
xsect:     2.6350    0.0005    3.7749    0.0019    9.0416    2.0000
 xmodel: p_fn=fit_params/iter02/par.pl_385                                                    
 xmodel:      0.4968     0.3226   1
 xmodel:      0.2654     0.0545   2
 xmodel:     -2.0201     0.5487   3
 xmodel:   -597.2892   138.0000   4
 xmodel:   2426.2542   590.5000   5
 xmodel:      0.9698     1.7220   6
 xmodel:      1.7700     0.0000   7
 xmodel:      0.0500     0.0000   8
 xmodel:     80.6220    26.0400   9
 xmodel:     -4.5498     1.8400  10
 xmodel:     18.0000     0.0000  11
 xmodel:     -0.0005     0.0002  12
 xmodel:    -59.3937   255.7000  13
 xmodel:     -0.1542    32.4900  14
 xmodel:     -1.0000     0.0000  15
 xmodel:     -1.1949     1.4400  16
xmodel: eps=0.779 t=0.254 sigL=  10.58 sigT= 11.74 sigTT=-1.80 sigLT= 0.42 x_mod=0.8399E-07
xsect:     2.6180    0.0006    3.8439    0.0024   10.9290    3.0000
 xmodel: p_fn=fit_params/iter02/par.pl_385                                                    
 xmodel:      0.4968     0.3226   1
 xmodel:      0.2654     0.0545   2
 xmodel:     -2.0201     0.5487   3
 xmodel:   -597.2892   138.0000   4
 xmodel:   2426.2542   590.5000   5
 xmodel:      0.9698     1.7220   6
 xmodel:      1.7700     0.0000   7
 xmodel:      0.0500     0.0000   8
 xmodel:     80.6220    26.0400   9
 xmodel:     -4.5498     1.8400  10
 xmodel:     18.0000     0.0000  11
 xmodel:     -0.0005     0.0002  12
 xmodel:    -59.3937   255.7000  13
 xmodel:     -0.1542    32.4900  14
 xmodel:     -1.0000     0.0000  15
 xmodel:     -1.1949     1.4400  16
xmodel: eps=0.780 t=0.290 sigL=   7.16 sigT= 10.99 sigTT=-1.89 sigLT= 0.80 x_mod=0.7371E-07
xsect:     2.6073    0.0006    3.8862    0.0025   13.0335    4.0000
 xmodel: p_fn=fit_params/iter02/par.pl_385                                                    
 xmodel:      0.4968     0.3226   1
 xmodel:      0.2654     0.0545   2
 xmodel:     -2.0201     0.5487   3
 xmodel:   -597.2892   138.0000   4
 xmodel:   2426.2542   590.5000   5
 xmodel:      0.9698     1.7220   6
 xmodel:      1.7700     0.0000   7
 xmodel:      0.0500     0.0000   8
 xmodel:     80.6220    26.0400   9
 xmodel:     -4.5498     1.8400  10
 xmodel:     18.0000     0.0000  11
 xmodel:     -0.0005     0.0002  12
 xmodel:    -59.3937   255.7000  13
 xmodel:     -0.1542    32.4900  14
 xmodel:     -1.0000     0.0000  15
 xmodel:     -1.1949     1.4400  16
xmodel: eps=0.780 t=0.331 sigL=   5.23 sigT=  9.72 sigTT=-2.00 sigLT= 1.19 x_mod=0.6501E-07
xsect:     2.5977    0.0006    3.9287    0.0023   17.3617    5.0000
 xmodel: p_fn=fit_params/iter02/par.pl_385                                                    
 xmodel:      0.4968     0.3226   1
 xmodel:      0.2654     0.0545   2
 xmodel:     -2.0201     0.5487   3
 xmodel:   -597.2892   138.0000   4
 xmodel:   2426.2542   590.5000   5
 xmodel:      0.9698     1.7220   6
 xmodel:      1.7700     0.0000   7
 xmodel:      0.0500     0.0000   8
 xmodel:     80.6220    26.0400   9
 xmodel:     -4.5498     1.8400  10
 xmodel:     18.0000     0.0000  11
 xmodel:     -0.0005     0.0002  12
 xmodel:    -59.3937   255.7000  13
 xmodel:     -0.1542    32.4900  14
 xmodel:     -1.0000     0.0000  15
 xmodel:     -1.1949     1.4400  16
xmodel: eps=0.780 t=0.427 sigL=   3.39 sigT=  6.87 sigTT=-2.27 sigLT= 1.18 x_mod=0.4544E-07
  
